Debug information for CONTRACT_TYPE 'RT_InnerPlanetRelay':

Configuration:
CONTRACT_TYPE
{
	name = RT_InnerPlanetRelay
	title = RemoteTech: Create a network for @targetBody.
	description = @isMoho ? @descMoho : @isDuna ? @descDuna : @isEve ? @descEve : @isVenus ? @descVenus : @descDefault
	synopsis = Build a communication network that provides coverage of @targetBody with a link back to mission control.
	completedMessage = The network is up and transmitting, and our shake-out testing is complete!
	group = RemoteTech
	prestige = Significant
	targetBody = @targetPlanet
	agent = Communication Satellite Group
	rewardReputation = 1.0
	rewardFunds = @advanceFunds * 3.0
	advanceFunds = 70000.0
	DATA
	{
		type = double
		sma = HomeWorld().SemiMajorAxis()
		targetSMA = @sma * 1.55
	}
	DATA
	{
		type = string
		descDefault = We'd like to know more about @targetBody.  Set up a communication network for us.
		descMoho = We'd like to find out if our probes can survive the temperatures on @targetBody.  Set up a communication network for us.
		descDuna = We'd like to know if our rover wheels will actually work on @targetBody.  Set up a communication network for us.
		descEve = We'd like to know if our antennas are powerful enough to get through Eve's purple clouds.  Set up a communication network for us.
		descVenus = We'd like to know if our antennas are powerful enough to get through to the surface of Venus.  Set up a communication network for us.
	}
	DATA
	{
		type = CelestialBody
		uniqueValue = true
		targetPlanet = AllBodies().Where(cb => cb.SemiMajorAxis() < @targetSMA && cb.IsPlanet() && cb.Children().Count() < 3 && cb.RemoteTechCoverage() <= 0.7 && cb != HomeWorld()).Random()
	}
	DATA
	{
		type = bool
		isMoho = @targetPlanet.Name() == "Moho" || @targetPlanet.Name() == "Mercury"
		isDuna = @targetPlanet.Name() == "Duna" || @targetPlanet.Name() == "Mars"
		isEve = @targetPlanet.Name() == "Eve"
		isVenus = @targetPlanet.Name() == "Venus"
	}
	PARAMETER
	{
		name = CoverageParameter
		type = CelestialBodyCoverage
		targetBody = @/targetPlanet
		coverage = 0.95
	}
	PARAMETER
	{
		name = Duration
		type = Duration
		duration = 7d
		preWaitText = Testing time after network up
		waitingText = Performing shake-out testing
		completionText = Shake-out testing completed
		targetBody = @/targetBody
	}
	REQUIREMENT
	{
		name = CelestialBodyCoverage
		type = CelestialBodyCoverage
		targetBody = HomeWorld()
		minCoverage = 0.7
		maxCoverage = 1.0
	}
	REQUIREMENT
	{
		name = CommDish
		type = Any
		targetBody = @/targetBody
		REQUIREMENT
		{
			name = PartUnlocked1
			type = PartUnlocked
			part = commDish
			targetBody = @/targetBody
		}
		REQUIREMENT
		{
			name = PartUnlocked2
			type = PartUnlocked
			part = RTLongDish2
			targetBody = @/targetBody
		}
	}
	REQUIREMENT
	{
		name = PartModuleTypeUnlocked
		type = PartModuleTypeUnlocked
		partModuleType = Antenna
		partModuleType = Power
		targetBody = @/targetBody
	}
}

Data Nodes:
RT_InnerPlanetRelay
    RemoteTech:name = RemoteTech, deterministic = True
    RemoteTech:displayName = RemoteTech, deterministic = True
    RemoteTech:minVersion = 1.5.2, deterministic = True
    RemoteTech:maxCompletions = 0, deterministic = True
    RemoteTech:maxSimultaneous = 3, deterministic = True
    RemoteTech:disabledContractType = [], deterministic = True
    name = RT_InnerPlanetRelay, deterministic = True
    trace = False, deterministic = True
    title = RemoteTech: Create a network for Moho., deterministic = False
    tag = , deterministic = True
    description = We'd like to find out if our probes can survive the temperatures on Moho.  Set up a communication network for us., deterministic = False
    topic = , deterministic = True
    subject = , deterministic = True
    motivation = , deterministic = True
    notes = null, deterministic = True
    synopsis = Build a communication network that provides coverage of Moho with a link back to mission control., deterministic = False
    completedMessage = The network is up and transmitting, and our shake-out testing is complete!, deterministic = True
    agent = Contracts.Agents.Agent, deterministic = True
    minExpiry = 1, deterministic = True
    maxExpiry = 7, deterministic = True
    deadline = 0, deterministic = True
    cancellable = True, deterministic = True
    declinable = True, deterministic = True
    autoAccept = False, deterministic = True
    prestige = [ Significant ], deterministic = True
    targetBody = Moho (CelestialBody), deterministic = False
    maxCompletions = 0, deterministic = True
    maxSimultaneous = 0, deterministic = True
    rewardFunds = 210000, deterministic = True
    rewardReputation = 1, deterministic = True
    rewardScience = 0, deterministic = True
    failureFunds = 0, deterministic = True
    failureReputation = 0, deterministic = True
    advanceFunds = 70000, deterministic = True
    weight = 1, deterministic = True
    sma = 13599840256, deterministic = True
    targetSMA = 21079752396.8, deterministic = True
    descDefault = We'd like to know more about Moho.  Set up a communication network for us., deterministic = False
    descMoho = We'd like to find out if our probes can survive the temperatures on Moho.  Set up a communication network for us., deterministic = False
    descDuna = We'd like to know if our rover wheels will actually work on Moho.  Set up a communication network for us., deterministic = False
    descEve = We'd like to know if our antennas are powerful enough to get through Eve's purple clouds.  Set up a communication network for us., deterministic = True
    descVenus = We'd like to know if our antennas are powerful enough to get through to the surface of Venus.  Set up a communication network for us., deterministic = True
    targetPlanet = Moho (CelestialBody), deterministic = False
    isMoho = True, deterministic = False
    isDuna = False, deterministic = False
    isEve = False, deterministic = False
    isVenus = False, deterministic = False

	CoverageParameter
	    type = CelestialBodyCoverage, deterministic = True
	    name = CoverageParameter, deterministic = True
	    targetBody = Moho (CelestialBody), deterministic = False
	    rewardFunds = 0, deterministic = True
	    rewardReputation = 0, deterministic = True
	    rewardScience = 0, deterministic = True
	    failureFunds = 0, deterministic = True
	    failureReputation = 0, deterministic = True
	    optional = False, deterministic = True
	    disableOnStateChange = null, deterministic = True
	    completeInSequence = False, deterministic = True
	    hidden = False, deterministic = True
	    hideChildren = False, deterministic = True
	    title = null, deterministic = True
	    notes = null, deterministic = True
	    completedMessage = null, deterministic = True
	    coverage = 0.95, deterministic = True
	
	Duration
	    type = Duration, deterministic = True
	    name = Duration, deterministic = True
	    targetBody = Moho (CelestialBody), deterministic = False
	    rewardFunds = 0, deterministic = True
	    rewardReputation = 0, deterministic = True
	    rewardScience = 0, deterministic = True
	    failureFunds = 0, deterministic = True
	    failureReputation = 0, deterministic = True
	    optional = False, deterministic = True
	    disableOnStateChange = null, deterministic = True
	    completeInSequence = False, deterministic = True
	    hidden = False, deterministic = True
	    hideChildren = False, deterministic = True
	    title = null, deterministic = True
	    notes = null, deterministic = True
	    completedMessage = null, deterministic = True
	    duration = 7 days, deterministic = True
	    preWaitText = Testing time after network up, deterministic = True
	    waitingText = Performing shake-out testing, deterministic = True
	    completionText = Shake-out testing completed, deterministic = True
	    startCriteria = CONTRACT_ACCEPTANCE, deterministic = True
	    parameter = [], deterministic = True
	
	CelestialBodyCoverage
	    type = CelestialBodyCoverage, deterministic = True
	    name = CelestialBodyCoverage, deterministic = True
	    targetBody = Kerbin (CelestialBody), deterministic = True
	    checkOnActiveContract = False, deterministic = True
	    invertRequirement = False, deterministic = True
	    minCoverage = 0.7, deterministic = True
	    maxCoverage = 1, deterministic = True
	
	CommDish
	    type = Any, deterministic = True
	    name = CommDish, deterministic = True
	    targetBody = Moho (CelestialBody), deterministic = False
	    checkOnActiveContract = False, deterministic = True
	    invertRequirement = False, deterministic = True
	
		PartUnlocked1
		    type = PartUnlocked, deterministic = True
		    name = PartUnlocked1, deterministic = True
		    targetBody = Moho (CelestialBody), deterministic = False
		    checkOnActiveContract = False, deterministic = True
		    invertRequirement = False, deterministic = True
		    part = [ commDish ], deterministic = False
		
		PartUnlocked2
		    type = PartUnlocked, deterministic = True
		    name = PartUnlocked2, deterministic = True
		    targetBody = Moho (CelestialBody), deterministic = False
		    checkOnActiveContract = False, deterministic = True
		    invertRequirement = False, deterministic = True
		    part = [ RTLongDish2 ], deterministic = False
		
	PartModuleTypeUnlocked
	    type = PartModuleTypeUnlocked, deterministic = True
	    name = PartModuleTypeUnlocked, deterministic = True
	    targetBody = Moho (CelestialBody), deterministic = False
	    checkOnActiveContract = False, deterministic = True
	    invertRequirement = False, deterministic = True
	    partModuleType = [ Antenna, Power ], deterministic = True
	

Output log:
[INFO] ContractConfigurator.ContractType: Loading CONTRACT_TYPE: 'RT_InnerPlanetRelay'
[WARNING] ContractConfigurator.ExpressionParser.DataNode: The use of uniqueValue and activeUniqueValue is obsolete since Contract Configurator 1.9.0, use uniquenessCheck instead.
[INFO] ContractConfigurator.ContractType: Successfully loaded CONTRACT_TYPE 'RT_InnerPlanetRelay'
