Debug information for CONTRACT_TYPE 'RT_MoonDish':

Configuration:
CONTRACT_TYPE
{
	name = RT_MoonDish
	title = RemoteTech: Point a dish out from @targetBody
	description = @moonCount > 1 ? @descMany : @descOne
	synopsis = @moonCount > 1 ? @synopsisMany : @synopsisOne
	completedMessage = We've got a signal bouncing back, good job!
	group = RemoteTech
	prestige = Trivial
	targetBody = HomeWorld()
	agent = Communication Satellite Group
	maxCompletions = 1
	rewardReputation = 1.0
	rewardFunds = @advanceFunds * 3.0
	advanceFunds = 5000.0
	weight = 1.5
	DATA
	{
		type = int
		moonCount = @targetBody.Children().Count()
	}
	DATA
	{
		type = string
		descOne = We'd like you to point a dish at @firstMoon so we can start sending some probes that way!
		descMany = We'd like you to point a dish at one of @targetBody's moons so we can start sending some probes that way!
		synopsisOne = Point a dish at @firstMoon!
		synopsisMany = Point a dish at one of our moons!
	}
	DATA
	{
		type = CelestialBody
		firstMoon = @/targetBody.Children().First()
	}
	PARAMETER
	{
		name = MunSat
		type = VesselParameterGroup
		disableOnStateChange = false
		targetBody = @/targetBody
		PARAMETER
		{
			name = KSCConnectivity
			type = KSCConnectivity
			targetBody = @/targetBody
		}
		PARAMETER
		{
			name = ReachState
			type = ReachState
			situation = ORBITING
			targetBody = @/targetBody
		}
		PARAMETER
		{
			name = HasAntenna
			type = HasAntenna
			antennaType = Dish
			targetBody = @/firstMoon
			REQUIREMENT
			{
				type = Expression
				expression = @/moonCount == 1
				targetBody = @/targetBody
			}
		}
		PARAMETER
		{
			name = InnerTarget
			type = Any
			title = Point a Dish at one of @/targetBody's moons
			disableOnStateChange = false
			targetBody = @/targetBody
			PARAMETER
			{
				name = HasAntenna
				type = HasAntenna
				antennaType = Dish
				targetBody = @/firstMoon
			}
			PARAMETER
			{
				name = HasAntenna
				type = HasAntenna
				antennaType = Dish
				targetBody = @/targetBody.Children().ElementAt(1)
			}
			PARAMETER
			{
				name = HasAntenna
				type = HasAntenna
				antennaType = Dish
				targetBody = @/targetBody.Children().ElementAt(2)
				REQUIREMENT
				{
					type = Expression
					expression = @/moonCount > 2
					targetBody = @/targetBody
				}
			}
			PARAMETER
			{
				name = HasAntenna
				type = HasAntenna
				antennaType = Dish
				targetBody = @/targetBody.Children().ElementAt(3)
				REQUIREMENT
				{
					type = Expression
					expression = @/moonCount > 3
					targetBody = @/targetBody
				}
			}
			REQUIREMENT
			{
				type = Expression
				expression = @/moonCount > 1
				targetBody = @/targetBody
			}
		}
	}
	REQUIREMENT
	{
		name = Coverage
		type = Expression
		expression = HomeWorld().Children().Where(cb => cb.RemoteTechCoverage() < 0.2).Count() > 0
		targetBody = @/targetBody
	}
	REQUIREMENT
	{
		name = PartModuleTypeUnlocked
		type = PartModuleTypeUnlocked
		partModuleType = Antenna
		partModuleType = Power
		targetBody = @/targetBody
	}
}

Data Nodes:
RT_MoonDish
    RemoteTech:name = RemoteTech, deterministic = True
    RemoteTech:displayName = RemoteTech, deterministic = True
    RemoteTech:minVersion = 1.5.2, deterministic = True
    RemoteTech:maxCompletions = 0, deterministic = True
    RemoteTech:maxSimultaneous = 3, deterministic = True
    RemoteTech:disabledContractType = [], deterministic = True
    name = RT_MoonDish, deterministic = True
    trace = False, deterministic = True
    title = RemoteTech: Point a dish out from Kerbin, deterministic = True
    tag = , deterministic = True
    description = We'd like you to point a dish at one of Kerbin's moons so we can start sending some probes that way!, deterministic = True
    topic = , deterministic = True
    subject = , deterministic = True
    motivation = , deterministic = True
    notes = null, deterministic = True
    synopsis = Point a dish at one of our moons!, deterministic = True
    completedMessage = We've got a signal bouncing back, good job!, deterministic = True
    agent = Contracts.Agents.Agent, deterministic = True
    minExpiry = 1, deterministic = True
    maxExpiry = 7, deterministic = True
    deadline = 0, deterministic = True
    cancellable = True, deterministic = True
    declinable = True, deterministic = True
    autoAccept = False, deterministic = True
    prestige = [ Trivial ], deterministic = True
    targetBody = Kerbin (CelestialBody), deterministic = True
    maxCompletions = 1, deterministic = True
    maxSimultaneous = 0, deterministic = True
    rewardFunds = 15000, deterministic = True
    rewardReputation = 1, deterministic = True
    rewardScience = 0, deterministic = True
    failureFunds = 0, deterministic = True
    failureReputation = 0, deterministic = True
    advanceFunds = 5000, deterministic = True
    weight = 1.5, deterministic = True
    moonCount = 2, deterministic = True
    descOne = We'd like you to point a dish at the Mun so we can start sending some probes that way!, deterministic = True
    descMany = We'd like you to point a dish at one of Kerbin's moons so we can start sending some probes that way!, deterministic = True
    synopsisOne = Point a dish at the Mun!, deterministic = True
    synopsisMany = Point a dish at one of our moons!, deterministic = True
    firstMoon = Mun (CelestialBody), deterministic = True

	MunSat
	    type = VesselParameterGroup, deterministic = True
	    name = MunSat, deterministic = True
	    targetBody = Kerbin (CelestialBody), deterministic = True
	    rewardFunds = 0, deterministic = True
	    rewardReputation = 0, deterministic = True
	    rewardScience = 0, deterministic = True
	    failureFunds = 0, deterministic = True
	    failureReputation = 0, deterministic = True
	    optional = False, deterministic = True
	    disableOnStateChange = False, deterministic = True
	    completeInSequence = False, deterministic = True
	    hidden = False, deterministic = True
	    hideChildren = False, deterministic = True
	    title = null, deterministic = True
	    notes = null, deterministic = True
	    completedMessage = null, deterministic = True
	    duration = 00:00:00, deterministic = True
	    define = null, deterministic = True
	    defineList = null, deterministic = True
	    vessel = [], deterministic = True
	    dissassociateVesselsOnContractFailure = True, deterministic = True
	    dissassociateVesselsOnContractCompletion = False, deterministic = True
	    hideVesselName = False, deterministic = True
	
		KSCConnectivity
		    type = KSCConnectivity, deterministic = True
		    name = KSCConnectivity, deterministic = True
		    targetBody = Kerbin (CelestialBody), deterministic = True
		    rewardFunds = 0, deterministic = True
		    rewardReputation = 0, deterministic = True
		    rewardScience = 0, deterministic = True
		    failureFunds = 0, deterministic = True
		    failureReputation = 0, deterministic = True
		    optional = False, deterministic = True
		    disableOnStateChange = null, deterministic = True
		    completeInSequence = False, deterministic = True
		    hidden = False, deterministic = True
		    hideChildren = False, deterministic = True
		    title = null, deterministic = True
		    notes = null, deterministic = True
		    completedMessage = null, deterministic = True
		    hasConnectivity = True, deterministic = True
		
		ReachState
		    type = ReachState, deterministic = True
		    name = ReachState, deterministic = True
		    rewardFunds = 0, deterministic = True
		    rewardReputation = 0, deterministic = True
		    rewardScience = 0, deterministic = True
		    failureFunds = 0, deterministic = True
		    failureReputation = 0, deterministic = True
		    optional = False, deterministic = True
		    disableOnStateChange = null, deterministic = True
		    completeInSequence = False, deterministic = True
		    hidden = False, deterministic = True
		    hideChildren = False, deterministic = True
		    title = null, deterministic = True
		    notes = null, deterministic = True
		    completedMessage = null, deterministic = True
		    failWhenUnmet = False, deterministic = True
		    biome = null, deterministic = True
		    situation = [ ORBITING ], deterministic = True
		    minAltitude = -3.402823E+38, deterministic = True
		    maxAltitude = 3.402823E+38, deterministic = True
		    minTerrainAltitude = 0, deterministic = True
		    maxTerrainAltitude = 3.402823E+38, deterministic = True
		    minSpeed = 0, deterministic = True
		    maxSpeed = 1.79769313486232E+308, deterministic = True
		    minRateOfClimb = -1.79769313486232E+308, deterministic = True
		    maxRateOfClimb = 1.79769313486232E+308, deterministic = True
		    minAcceleration = 0, deterministic = True
		    maxAcceleration = 3.402823E+38, deterministic = True
		    targetBody = [ Kerbin (CelestialBody) ], deterministic = True
		
		HasAntenna
		    type = HasAntenna, deterministic = True
		    name = HasAntenna, deterministic = True
		    targetBody = Mun (CelestialBody), deterministic = True
		    rewardFunds = 0, deterministic = True
		    rewardReputation = 0, deterministic = True
		    rewardScience = 0, deterministic = True
		    failureFunds = 0, deterministic = True
		    failureReputation = 0, deterministic = True
		    optional = False, deterministic = True
		    disableOnStateChange = null, deterministic = True
		    completeInSequence = False, deterministic = True
		    hidden = False, deterministic = True
		    hideChildren = False, deterministic = True
		    title = null, deterministic = True
		    notes = null, deterministic = True
		    completedMessage = null, deterministic = True
		    minCount = 1, deterministic = True
		    maxCount = 2147483647, deterministic = True
		    activeVessel = False, deterministic = True
		    minRange = 0, deterministic = True
		    maxRange = 1.79769313486232E+308, deterministic = True
		    antennaType = Dish, deterministic = True
		
			Expression
			    type = Expression, deterministic = True
			    name = Expression, deterministic = True
			    targetBody = Kerbin (CelestialBody), deterministic = True
			    checkOnActiveContract = False, deterministic = True
			    invertRequirement = False, deterministic = True
			    expression = False, deterministic = True
			
		InnerTarget
		    type = Any, deterministic = True
		    name = InnerTarget, deterministic = True
		    targetBody = Kerbin (CelestialBody), deterministic = True
		    rewardFunds = 0, deterministic = True
		    rewardReputation = 0, deterministic = True
		    rewardScience = 0, deterministic = True
		    failureFunds = 0, deterministic = True
		    failureReputation = 0, deterministic = True
		    optional = False, deterministic = True
		    disableOnStateChange = False, deterministic = True
		    completeInSequence = False, deterministic = True
		    hidden = False, deterministic = True
		    hideChildren = False, deterministic = True
		    title = Point a Dish at one of Kerbin's moons, deterministic = True
		    notes = null, deterministic = True
		    completedMessage = null, deterministic = True
		
			Expression
			    type = Expression, deterministic = True
			    name = Expression, deterministic = True
			    targetBody = Kerbin (CelestialBody), deterministic = True
			    checkOnActiveContract = False, deterministic = True
			    invertRequirement = False, deterministic = True
			    expression = True, deterministic = True
			
			HasAntenna
			    type = HasAntenna, deterministic = True
			    name = HasAntenna, deterministic = True
			    targetBody = Mun (CelestialBody), deterministic = True
			    rewardFunds = 0, deterministic = True
			    rewardReputation = 0, deterministic = True
			    rewardScience = 0, deterministic = True
			    failureFunds = 0, deterministic = True
			    failureReputation = 0, deterministic = True
			    optional = False, deterministic = True
			    disableOnStateChange = null, deterministic = True
			    completeInSequence = False, deterministic = True
			    hidden = False, deterministic = True
			    hideChildren = False, deterministic = True
			    title = null, deterministic = True
			    notes = null, deterministic = True
			    completedMessage = null, deterministic = True
			    minCount = 1, deterministic = True
			    maxCount = 2147483647, deterministic = True
			    activeVessel = False, deterministic = True
			    minRange = 0, deterministic = True
			    maxRange = 1.79769313486232E+308, deterministic = True
			    antennaType = Dish, deterministic = True
			
			HasAntenna_1
			    type = HasAntenna, deterministic = True
			    name = HasAntenna, deterministic = True
			    targetBody = Minmus (CelestialBody), deterministic = True
			    rewardFunds = 0, deterministic = True
			    rewardReputation = 0, deterministic = True
			    rewardScience = 0, deterministic = True
			    failureFunds = 0, deterministic = True
			    failureReputation = 0, deterministic = True
			    optional = False, deterministic = True
			    disableOnStateChange = null, deterministic = True
			    completeInSequence = False, deterministic = True
			    hidden = False, deterministic = True
			    hideChildren = False, deterministic = True
			    title = null, deterministic = True
			    notes = null, deterministic = True
			    completedMessage = null, deterministic = True
			    minCount = 1, deterministic = True
			    maxCount = 2147483647, deterministic = True
			    activeVessel = False, deterministic = True
			    minRange = 0, deterministic = True
			    maxRange = 1.79769313486232E+308, deterministic = True
			    antennaType = Dish, deterministic = True
			
			HasAntenna_2
			    type = HasAntenna, deterministic = True
			    name = HasAntenna, deterministic = True
			    targetBody = null, deterministic = True
			    rewardFunds = 0, deterministic = True
			    rewardReputation = 0, deterministic = True
			    rewardScience = 0, deterministic = True
			    failureFunds = 0, deterministic = True
			    failureReputation = 0, deterministic = True
			    optional = False, deterministic = True
			    disableOnStateChange = null, deterministic = True
			    completeInSequence = False, deterministic = True
			    hidden = False, deterministic = True
			    hideChildren = False, deterministic = True
			    title = null, deterministic = True
			    notes = null, deterministic = True
			    completedMessage = null, deterministic = True
			    minCount = 1, deterministic = True
			    maxCount = 2147483647, deterministic = True
			    activeVessel = False, deterministic = True
			    minRange = 0, deterministic = True
			    maxRange = 1.79769313486232E+308, deterministic = True
			    antennaType = Dish, deterministic = True
			
				Expression
				    type = Expression, deterministic = True
				    name = Expression, deterministic = True
				    targetBody = Kerbin (CelestialBody), deterministic = True
				    checkOnActiveContract = False, deterministic = True
				    invertRequirement = False, deterministic = True
				    expression = False, deterministic = True
				
			HasAntenna_3
			    type = HasAntenna, deterministic = True
			    name = HasAntenna, deterministic = True
			    targetBody = null, deterministic = True
			    rewardFunds = 0, deterministic = True
			    rewardReputation = 0, deterministic = True
			    rewardScience = 0, deterministic = True
			    failureFunds = 0, deterministic = True
			    failureReputation = 0, deterministic = True
			    optional = False, deterministic = True
			    disableOnStateChange = null, deterministic = True
			    completeInSequence = False, deterministic = True
			    hidden = False, deterministic = True
			    hideChildren = False, deterministic = True
			    title = null, deterministic = True
			    notes = null, deterministic = True
			    completedMessage = null, deterministic = True
			    minCount = 1, deterministic = True
			    maxCount = 2147483647, deterministic = True
			    activeVessel = False, deterministic = True
			    minRange = 0, deterministic = True
			    maxRange = 1.79769313486232E+308, deterministic = True
			    antennaType = Dish, deterministic = True
			
				Expression
				    type = Expression, deterministic = True
				    name = Expression, deterministic = True
				    targetBody = Kerbin (CelestialBody), deterministic = True
				    checkOnActiveContract = False, deterministic = True
				    invertRequirement = False, deterministic = True
				    expression = False, deterministic = True
				
	Coverage
	    type = Expression, deterministic = True
	    name = Coverage, deterministic = True
	    targetBody = Kerbin (CelestialBody), deterministic = True
	    checkOnActiveContract = False, deterministic = True
	    invertRequirement = False, deterministic = True
	    expression = True, deterministic = False
	
	PartModuleTypeUnlocked
	    type = PartModuleTypeUnlocked, deterministic = True
	    name = PartModuleTypeUnlocked, deterministic = True
	    targetBody = Kerbin (CelestialBody), deterministic = True
	    checkOnActiveContract = False, deterministic = True
	    invertRequirement = False, deterministic = True
	    partModuleType = [ Antenna, Power ], deterministic = True
	

Output log:
[INFO] ContractConfigurator.ContractType: Loading CONTRACT_TYPE: 'RT_MoonDish'
[INFO] ContractConfigurator.ContractType: Successfully loaded CONTRACT_TYPE 'RT_MoonDish'
