Debug information for CONTRACT_TYPE 'RT_PlanetMoonRelay':

Configuration:
CONTRACT_TYPE
{
	name = RT_PlanetMoonRelay
	title = RemoteTech: Create a network for @targetBody.
	description = @isIke ? @descIke : @descDefault
	synopsis = Build a communication network that provides coverage of @targetBody with a link back to mission control.
	completedMessage = The network is up and transmitting, and our shake-out testing is complete!
	group = RemoteTech
	prestige = Significant
	targetBody = @targetMoon
	agent = Communication Satellite Group
	rewardReputation = 1.0
	rewardFunds = @advanceFunds * 3.0
	advanceFunds = 70000.0
	DATA
	{
		type = CelestialBody
		uniqueValue = true
		targetMoon = AllBodies().Where(cb => cb.IsMoon() && cb.Parent().Children().Count() < 3 && cb.Parent().RemoteTechCoverage() > 0.7 && cb.RemoteTechCoverage() <= 0.7).Random()
	}
	DATA
	{
		type = string
		descDefault = They say there's no point to setting up a relay for @targetMoon.  We say otherwise!  Set up a communication network for us.
		descIke = They say there's some sort of "magic boulder" near Ike.  Let's check it out!  Set up a communication network for us.
	}
	DATA
	{
		type = bool
		isIke = @targetMoon.Name() == "Ike"
	}
	PARAMETER
	{
		name = GillyCoverage
		type = CelestialBodyCoverage
		targetBody = @/targetMoon
		coverage = 0.95
	}
	PARAMETER
	{
		name = Duration
		type = Duration
		duration = 7d
		preWaitText = Testing time after network up
		waitingText = Performing shake-out testing
		completionText = Shake-out testing completed
		targetBody = @/targetBody
	}
	REQUIREMENT
	{
		name = CelestialBodyCoverage
		type = CelestialBodyCoverage
		targetBody = HomeWorld()
		minCoverage = 0.7
		maxCoverage = 1.0
	}
}

Data Nodes:
RT_PlanetMoonRelay
    RemoteTech:name = RemoteTech, deterministic = True
    RemoteTech:displayName = RemoteTech, deterministic = True
    RemoteTech:minVersion = 1.5.2, deterministic = True
    RemoteTech:maxCompletions = 0, deterministic = True
    RemoteTech:maxSimultaneous = 3, deterministic = True
    RemoteTech:disabledContractType = [], deterministic = True
    name = RT_PlanetMoonRelay, deterministic = True
    trace = False, deterministic = True
    title = RemoteTech: Create a network for ., deterministic = False
    tag = , deterministic = True
    description = They say there's no point to setting up a relay for .  We say otherwise!  Set up a communication network for us., deterministic = False
    topic = , deterministic = True
    subject = , deterministic = True
    motivation = , deterministic = True
    notes = null, deterministic = True
    synopsis = Build a communication network that provides coverage of  with a link back to mission control., deterministic = False
    completedMessage = The network is up and transmitting, and our shake-out testing is complete!, deterministic = True
    agent = Contracts.Agents.Agent, deterministic = True
    minExpiry = 1, deterministic = True
    maxExpiry = 7, deterministic = True
    deadline = 0, deterministic = True
    cancellable = True, deterministic = True
    declinable = True, deterministic = True
    autoAccept = False, deterministic = True
    prestige = [ Significant ], deterministic = True
    targetBody = null, deterministic = False
    maxCompletions = 0, deterministic = True
    maxSimultaneous = 0, deterministic = True
    rewardFunds = 210000, deterministic = True
    rewardReputation = 1, deterministic = True
    rewardScience = 0, deterministic = True
    failureFunds = 0, deterministic = True
    failureReputation = 0, deterministic = True
    advanceFunds = 70000, deterministic = True
    weight = 1, deterministic = True
    targetMoon = null, deterministic = False
    descDefault = They say there's no point to setting up a relay for .  We say otherwise!  Set up a communication network for us., deterministic = False
    descIke = They say there's some sort of "magic boulder" near Ike.  Let's check it out!  Set up a communication network for us., deterministic = True
    isIke = False, deterministic = False

	GillyCoverage
	    type = CelestialBodyCoverage, deterministic = True
	    name = GillyCoverage, deterministic = True
	    targetBody = null, deterministic = False
	    rewardFunds = 0, deterministic = True
	    rewardReputation = 0, deterministic = True
	    rewardScience = 0, deterministic = True
	    failureFunds = 0, deterministic = True
	    failureReputation = 0, deterministic = True
	    optional = False, deterministic = True
	    disableOnStateChange = null, deterministic = True
	    completeInSequence = False, deterministic = True
	    hidden = False, deterministic = True
	    hideChildren = False, deterministic = True
	    title = null, deterministic = True
	    notes = null, deterministic = True
	    completedMessage = null, deterministic = True
	    coverage = 0.95, deterministic = True
	
	Duration
	    type = Duration, deterministic = True
	    name = Duration, deterministic = True
	    targetBody = null, deterministic = False
	    rewardFunds = 0, deterministic = True
	    rewardReputation = 0, deterministic = True
	    rewardScience = 0, deterministic = True
	    failureFunds = 0, deterministic = True
	    failureReputation = 0, deterministic = True
	    optional = False, deterministic = True
	    disableOnStateChange = null, deterministic = True
	    completeInSequence = False, deterministic = True
	    hidden = False, deterministic = True
	    hideChildren = False, deterministic = True
	    title = null, deterministic = True
	    notes = null, deterministic = True
	    completedMessage = null, deterministic = True
	    duration = 7 days, deterministic = True
	    preWaitText = Testing time after network up, deterministic = True
	    waitingText = Performing shake-out testing, deterministic = True
	    completionText = Shake-out testing completed, deterministic = True
	    startCriteria = CONTRACT_ACCEPTANCE, deterministic = True
	    parameter = [], deterministic = True
	
	CelestialBodyCoverage
	    type = CelestialBodyCoverage, deterministic = True
	    name = CelestialBodyCoverage, deterministic = True
	    targetBody = Kerbin (CelestialBody), deterministic = True
	    checkOnActiveContract = False, deterministic = True
	    invertRequirement = False, deterministic = True
	    minCoverage = 0.7, deterministic = True
	    maxCoverage = 1, deterministic = True
	

Output log:
[INFO] ContractConfigurator.ContractType: Loading CONTRACT_TYPE: 'RT_PlanetMoonRelay'
[WARNING] ContractConfigurator.ExpressionParser.DataNode: The use of uniqueValue and activeUniqueValue is obsolete since Contract Configurator 1.9.0, use uniquenessCheck instead.
[INFO] ContractConfigurator.ContractType: Successfully loaded CONTRACT_TYPE 'RT_PlanetMoonRelay'
