Debug information for CONTRACT_TYPE 'ScanDresLoResBiome':

Configuration:
CONTRACT_TYPE
{
	name = ScanDresLoResBiome
	group = CCCP-SCANsat
	title = Altimetry & Biome Scan of Dres
	description = Our knowledge of the solar system is growing mission by mission and we're starting to get a reputation! Our nearest neighbors are now all under heavy observation so now we must expidite a mission to Dres.
	synopsis = Send a single unkerbaled vessel to Dres and scan the surface with both SCAN Radar Altimetry Sensor and the SCAN Multispectral Sensor. The team in the coffee room have a bet that a 255km orbit with a 79.5 degree inclination should get the job done, but feel free to go it alone!
	notes = Tip: Always complete your optional part before your main part, if you choose to take the challenge on!\nTip: There's probably some other science equipment you can take along for some extra science!\nTip: Don't forget to Analyse the Data from your scan once complete for extra science!
	completedMessage = Dres turned out to be barely a planet at all, more like a large asteroid. Good work regardless. Getting this information was still valuble.
	targetBody = Dres
	agent = Research & Development Department
	advanceFunds = 6250.0
	rewardScience = 5.0
	rewardReputation = 5.5
	rewardFunds = 12500
	maxCompletions = 1
	maxSimultaneous = 1
	prestige = Significant
	PARAMETER
	{
		name = Titius1
		type = VesselParameterGroup
		define = Titius I
		targetBody = @/targetBody
		PARAMETER
		{
			name = ReachState
			type = ReachState
			targetBody = Dres
			situation = ORBITING
		}
		PARAMETER
		{
			name = HasCrew1
			type = HasCrew
			maxCrew = 0
			minCrew = 0
			targetBody = @/targetBody
		}
		PARAMETER
		{
			name = PartValidation
			type = PartValidation
			part = SCANsat_Scanner
			minCount = 1
			targetBody = @/targetBody
		}
		PARAMETER
		{
			name = PartValidation2
			type = PartValidation
			part = SCANsat_Scanner24
			minCount = 1
			targetBody = @/targetBody
		}
	}
	PARAMETER
	{
		name = OrbitSet
		type = VesselParameterGroup
		vessel = Titius I
		title = Achieve an orbit with the following parameters
		optional = True
		completedMessage = The baristas will be very happy that you took their advice!!
		rewardScience = 1.5
		rewardReputation = 1.6
		rewardFunds = 1600.0
		targetBody = @/targetBody
		PARAMETER
		{
			name = Orbit
			type = Orbit
			targetBody = Dres
			minApA = 252536
			maxApA = 257963
			minPeA = 252109
			maxPeA = 257635
			maxEccentricity = 0.002
			minInclination = 79.2
			maxInclination = 79.8
			disableOnStateChange = false
		}
	}
	PARAMETER
	{
		name = SCANsatCoverage1
		type = SCANsatCoverage
		coverage = 50.0
		scanType = AltimetryLoRes
		disableOnStateChange = false
		targetBody = @/targetBody
	}
	PARAMETER
	{
		name = SCANsatCoverage2
		type = SCANsatCoverage
		coverage = 50.0
		scanType = Biome
		disableOnStateChange = false
		targetBody = @/targetBody
	}
	REQUIREMENT
	{
		name = All1
		type = All
		targetBody = @/targetBody
		REQUIREMENT
		{
			name = SCANsatCoverage3
			type = SCANsatCoverage
			targetBody = Mun
			maxCoverage = 100.0
			minCoverage = 50.0
			scanType = Biome
		}
		REQUIREMENT
		{
			name = SCANsatCoverage4
			type = SCANsatCoverage
			targetBody = Minmus
			maxCoverage = 100.0
			minCoverage = 50.0
			scanType = Biome
		}
		REQUIREMENT
		{
			name = SCANsatCoverage5
			type = SCANsatCoverage
			targetBody = Dres
			maxCoverage = 49.9
			minCoverage = 0.0
			scanType = AltimetryLoRes
		}
	}
}

Data Nodes:
ScanDresLoResBiome
    CCCP-SCANsat:name = CCCP-SCANsat, deterministic = True
    CCCP-SCANsat:displayName = CCCP-SCANsat, deterministic = True
    CCCP-SCANsat:minVersion = 1.9.0, deterministic = True
    CCCP-SCANsat:maxCompletions = 0, deterministic = True
    CCCP-SCANsat:maxSimultaneous = 7, deterministic = True
    CCCP-SCANsat:disabledContractType = [], deterministic = True
    name = ScanDresLoResBiome, deterministic = True
    trace = False, deterministic = True
    title = Altimetry & Biome Scan of Dres, deterministic = True
    tag = , deterministic = True
    description = Our knowledge of the solar system is growing mission by mission and we're starting to get a reputation! Our nearest neighbors are now all under heavy observation so now we must expidite a mission to Dres., deterministic = True
    topic = , deterministic = True
    subject = , deterministic = True
    motivation = , deterministic = True
    notes = Tip: Always complete your optional part before your main part, if you choose to take the challenge on!
Tip: There's probably some other science equipment you can take along for some extra science!
Tip: Don't forget to Analyse the Data from your scan once complete for extra science!, deterministic = True
    synopsis = Send a single unkerbaled vessel to Dres and scan the surface with both SCAN Radar Altimetry Sensor and the SCAN Multispectral Sensor. The team in the coffee room have a bet that a 255km orbit with a 79.5 degree inclination should get the job done, but feel free to go it alone!, deterministic = True
    completedMessage = Dres turned out to be barely a planet at all, more like a large asteroid. Good work regardless. Getting this information was still valuble., deterministic = True
    agent = Contracts.Agents.Agent, deterministic = True
    minExpiry = 1, deterministic = True
    maxExpiry = 7, deterministic = True
    deadline = 0, deterministic = True
    cancellable = True, deterministic = True
    declinable = True, deterministic = True
    autoAccept = False, deterministic = True
    prestige = [ Significant ], deterministic = True
    targetBody = Dres (CelestialBody), deterministic = True
    maxCompletions = 1, deterministic = True
    maxSimultaneous = 1, deterministic = True
    rewardFunds = 12500, deterministic = True
    rewardReputation = 5.5, deterministic = True
    rewardScience = 5, deterministic = True
    failureFunds = 0, deterministic = True
    failureReputation = 0, deterministic = True
    advanceFunds = 6250, deterministic = True
    weight = 1, deterministic = True

	Titius1
	    type = VesselParameterGroup, deterministic = True
	    name = Titius1, deterministic = True
	    targetBody = Dres (CelestialBody), deterministic = True
	    rewardFunds = 0, deterministic = True
	    rewardReputation = 0, deterministic = True
	    rewardScience = 0, deterministic = True
	    failureFunds = 0, deterministic = True
	    failureReputation = 0, deterministic = True
	    optional = False, deterministic = True
	    disableOnStateChange = null, deterministic = True
	    completeInSequence = False, deterministic = True
	    hidden = False, deterministic = True
	    hideChildren = False, deterministic = True
	    title = null, deterministic = True
	    notes = null, deterministic = True
	    completedMessage = null, deterministic = True
	    duration = 00:00:00, deterministic = True
	    define = Titius I, deterministic = True
	    defineList = null, deterministic = True
	    vessel = [], deterministic = True
	    dissassociateVesselsOnContractFailure = True, deterministic = True
	    dissassociateVesselsOnContractCompletion = False, deterministic = True
	    hideVesselName = False, deterministic = True
	
		ReachState
		    type = ReachState, deterministic = True
		    name = ReachState, deterministic = True
		    rewardFunds = 0, deterministic = True
		    rewardReputation = 0, deterministic = True
		    rewardScience = 0, deterministic = True
		    failureFunds = 0, deterministic = True
		    failureReputation = 0, deterministic = True
		    optional = False, deterministic = True
		    disableOnStateChange = null, deterministic = True
		    completeInSequence = False, deterministic = True
		    hidden = False, deterministic = True
		    hideChildren = False, deterministic = True
		    title = null, deterministic = True
		    notes = null, deterministic = True
		    completedMessage = null, deterministic = True
		    failWhenUnmet = False, deterministic = True
		    biome = null, deterministic = True
		    situation = [ ORBITING ], deterministic = True
		    minAltitude = -3.402823E+38, deterministic = True
		    maxAltitude = 3.402823E+38, deterministic = True
		    minTerrainAltitude = 0, deterministic = True
		    maxTerrainAltitude = 3.402823E+38, deterministic = True
		    minSpeed = 0, deterministic = True
		    maxSpeed = 1.79769313486232E+308, deterministic = True
		    minRateOfClimb = -1.79769313486232E+308, deterministic = True
		    maxRateOfClimb = 1.79769313486232E+308, deterministic = True
		    minAcceleration = 0, deterministic = True
		    maxAcceleration = 3.402823E+38, deterministic = True
		    targetBody = [ Dres (CelestialBody) ], deterministic = True
		
		HasCrew1
		    type = HasCrew, deterministic = True
		    name = HasCrew1, deterministic = True
		    targetBody = Dres (CelestialBody), deterministic = True
		    rewardFunds = 0, deterministic = True
		    rewardReputation = 0, deterministic = True
		    rewardScience = 0, deterministic = True
		    failureFunds = 0, deterministic = True
		    failureReputation = 0, deterministic = True
		    optional = False, deterministic = True
		    disableOnStateChange = null, deterministic = True
		    completeInSequence = False, deterministic = True
		    hidden = False, deterministic = True
		    hideChildren = False, deterministic = True
		    title = null, deterministic = True
		    notes = null, deterministic = True
		    completedMessage = null, deterministic = True
		    trait = null, deterministic = True
		    minExperience = 0, deterministic = True
		    maxExperience = 5, deterministic = True
		    minCrew = 0, deterministic = True
		    maxCrew = 0, deterministic = True
		    kerbal = [], deterministic = True
		    excludeKerbal = [], deterministic = True
		
		PartValidation
		    type = PartValidation, deterministic = True
		    name = PartValidation, deterministic = True
		    targetBody = Dres (CelestialBody), deterministic = True
		    rewardFunds = 0, deterministic = True
		    rewardReputation = 0, deterministic = True
		    rewardScience = 0, deterministic = True
		    failureFunds = 0, deterministic = True
		    failureReputation = 0, deterministic = True
		    optional = False, deterministic = True
		    disableOnStateChange = null, deterministic = True
		    completeInSequence = False, deterministic = True
		    hidden = False, deterministic = True
		    hideChildren = False, deterministic = True
		    title = null, deterministic = True
		    notes = null, deterministic = True
		    completedMessage = null, deterministic = True
		    minCount = 1, deterministic = True
		    maxCount = 2147483647, deterministic = True
		    part = [ SCANsat.Scanner ], deterministic = False
		    partModule = [], deterministic = True
		    partModuleType = [], deterministic = True
		    category = null, deterministic = True
		    manufacturer = null, deterministic = True
		
		PartValidation2
		    type = PartValidation, deterministic = True
		    name = PartValidation2, deterministic = True
		    targetBody = Dres (CelestialBody), deterministic = True
		    rewardFunds = 0, deterministic = True
		    rewardReputation = 0, deterministic = True
		    rewardScience = 0, deterministic = True
		    failureFunds = 0, deterministic = True
		    failureReputation = 0, deterministic = True
		    optional = False, deterministic = True
		    disableOnStateChange = null, deterministic = True
		    completeInSequence = False, deterministic = True
		    hidden = False, deterministic = True
		    hideChildren = False, deterministic = True
		    title = null, deterministic = True
		    notes = null, deterministic = True
		    completedMessage = null, deterministic = True
		    minCount = 1, deterministic = True
		    maxCount = 2147483647, deterministic = True
		    part = [ SCANsat.Scanner24 ], deterministic = False
		    partModule = [], deterministic = True
		    partModuleType = [], deterministic = True
		    category = null, deterministic = True
		    manufacturer = null, deterministic = True
		
	OrbitSet
	    type = VesselParameterGroup, deterministic = True
	    name = OrbitSet, deterministic = True
	    targetBody = Dres (CelestialBody), deterministic = True
	    rewardFunds = 1600, deterministic = True
	    rewardReputation = 1.6, deterministic = True
	    rewardScience = 1.5, deterministic = True
	    failureFunds = 0, deterministic = True
	    failureReputation = 0, deterministic = True
	    optional = True, deterministic = True
	    disableOnStateChange = null, deterministic = True
	    completeInSequence = False, deterministic = True
	    hidden = False, deterministic = True
	    hideChildren = False, deterministic = True
	    title = Achieve an orbit with the following parameters, deterministic = True
	    notes = null, deterministic = True
	    completedMessage = The baristas will be very happy that you took their advice!!, deterministic = True
	    duration = 00:00:00, deterministic = True
	    define = null, deterministic = True
	    defineList = null, deterministic = True
	    vessel = [ Titius I ], deterministic = True
	    dissassociateVesselsOnContractFailure = True, deterministic = True
	    dissassociateVesselsOnContractCompletion = False, deterministic = True
	    hideVesselName = False, deterministic = True
	
		Orbit
		    type = Orbit, deterministic = True
		    name = Orbit, deterministic = True
		    targetBody = Dres (CelestialBody), deterministic = True
		    rewardFunds = 0, deterministic = True
		    rewardReputation = 0, deterministic = True
		    rewardScience = 0, deterministic = True
		    failureFunds = 0, deterministic = True
		    failureReputation = 0, deterministic = True
		    optional = False, deterministic = True
		    disableOnStateChange = False, deterministic = True
		    completeInSequence = False, deterministic = True
		    hidden = False, deterministic = True
		    hideChildren = False, deterministic = True
		    title = null, deterministic = True
		    notes = null, deterministic = True
		    completedMessage = null, deterministic = True
		    situation = ORBITING, deterministic = True
		    minAltitude = 0, deterministic = True
		    maxAltitude = 1.79769313486232E+308, deterministic = True
		    minApA = 252536, deterministic = True
		    maxApA = 257963, deterministic = True
		    minPeA = 252109, deterministic = True
		    maxPeA = 257635, deterministic = True
		    minEccentricity = 0, deterministic = True
		    maxEccentricity = 0.002, deterministic = True
		    minInclination = 79.2, deterministic = True
		    maxInclination = 79.8, deterministic = True
		    minPeriod = 00:00:00, deterministic = True
		    maxPeriod = -2147483648 years, -2147483648 days, -2147483648:-2147483648:-2147483648, deterministic = True
		
	SCANsatCoverage1
	    type = SCANsatCoverage, deterministic = True
	    name = SCANsatCoverage1, deterministic = True
	    targetBody = Dres (CelestialBody), deterministic = True
	    rewardFunds = 0, deterministic = True
	    rewardReputation = 0, deterministic = True
	    rewardScience = 0, deterministic = True
	    failureFunds = 0, deterministic = True
	    failureReputation = 0, deterministic = True
	    optional = False, deterministic = True
	    disableOnStateChange = False, deterministic = True
	    completeInSequence = False, deterministic = True
	    hidden = False, deterministic = True
	    hideChildren = False, deterministic = True
	    title = null, deterministic = True
	    notes = null, deterministic = True
	    completedMessage = null, deterministic = True
	    coverage = 50, deterministic = True
	    scanType = AltimetryLoRes, deterministic = True
	
	SCANsatCoverage2
	    type = SCANsatCoverage, deterministic = True
	    name = SCANsatCoverage2, deterministic = True
	    targetBody = Dres (CelestialBody), deterministic = True
	    rewardFunds = 0, deterministic = True
	    rewardReputation = 0, deterministic = True
	    rewardScience = 0, deterministic = True
	    failureFunds = 0, deterministic = True
	    failureReputation = 0, deterministic = True
	    optional = False, deterministic = True
	    disableOnStateChange = False, deterministic = True
	    completeInSequence = False, deterministic = True
	    hidden = False, deterministic = True
	    hideChildren = False, deterministic = True
	    title = null, deterministic = True
	    notes = null, deterministic = True
	    completedMessage = null, deterministic = True
	    coverage = 50, deterministic = True
	    scanType = Biome, deterministic = True
	
	All1
	    type = All, deterministic = True
	    name = All1, deterministic = True
	    targetBody = Dres (CelestialBody), deterministic = True
	    checkOnActiveContract = False, deterministic = True
	    invertRequirement = False, deterministic = True
	
		SCANsatCoverage3
		    type = SCANsatCoverage, deterministic = True
		    name = SCANsatCoverage3, deterministic = True
		    targetBody = Mun (CelestialBody), deterministic = True
		    checkOnActiveContract = False, deterministic = True
		    invertRequirement = False, deterministic = True
		    minCoverage = 50, deterministic = True
		    maxCoverage = 100, deterministic = True
		    scanType = Biome, deterministic = True
		
		SCANsatCoverage4
		    type = SCANsatCoverage, deterministic = True
		    name = SCANsatCoverage4, deterministic = True
		    targetBody = Minmus (CelestialBody), deterministic = True
		    checkOnActiveContract = False, deterministic = True
		    invertRequirement = False, deterministic = True
		    minCoverage = 50, deterministic = True
		    maxCoverage = 100, deterministic = True
		    scanType = Biome, deterministic = True
		
		SCANsatCoverage5
		    type = SCANsatCoverage, deterministic = True
		    name = SCANsatCoverage5, deterministic = True
		    targetBody = Dres (CelestialBody), deterministic = True
		    checkOnActiveContract = False, deterministic = True
		    invertRequirement = False, deterministic = True
		    minCoverage = 0, deterministic = True
		    maxCoverage = 49.9, deterministic = True
		    scanType = AltimetryLoRes, deterministic = True
		

Output log:
[INFO] ContractConfigurator.ContractType: Loading CONTRACT_TYPE: 'ScanDresLoResBiome'
[INFO] ContractConfigurator.ContractType: Successfully loaded CONTRACT_TYPE 'ScanDresLoResBiome'
