Debug information for CONTRACT_TYPE 'ScanKerbinMultispectral':

Configuration:
CONTRACT_TYPE
{
	name = ScanKerbinMultispectral
	group = CCCP-SCANsat
	title = Multispectral Scan of Kerbin
	description = Thanks to your grand efforts in collecting science so far, the folk in R&D have managed to whip together a SCAN Multispectral Sensor from some old toilet rolls and some sticky backed plastic. Time to test it out around Kerbin and at the same time, retire the old Maxwell 1 Altimetry scanner we launched all those weeks/days/hours/minutes ago!
	synopsis = Send an unkerbaled vessel into orbit and scan Kerbin's surface with the SCAN Multispectral Sensor. \n\nWe suggest you reach a 495.2km orbit with an 84.21 degree inclination for the best results and the prettiest orbit path. \n\nAlso, deorbit Maxwell 1 and let it burn up in the atmosphere, if you can.
	notes = Tip: Always complete your optional part before your main part, if you choose to take the challenge on!\nTip: There's probably some other science equipment you can take along for some extra science!\nTip: Don't forget to Analyse the Data from your scan once complete for extra science!
	completedMessage = Stunning, through the advances with this scanner we have identified 9 different biomes for further study. I wonder if Mun has biomes?
	targetBody = Kerbin
	agent = Research & Development Department
	advanceFunds = 10000
	rewardScience = 10.0
	rewardReputation = 8.0
	rewardFunds = 20000.0
	maxCompletions = 1
	maxSimultaneous = 1
	prestige = Significant
	PARAMETER
	{
		name = GeoEye1
		type = VesselParameterGroup
		define = GeoEye I
		targetBody = @/targetBody
		PARAMETER
		{
			name = ReachState
			type = ReachState
			targetBody = Kerbin
			situation = ORBITING
		}
		PARAMETER
		{
			name = HasCrew1
			type = HasCrew
			maxCrew = 0
			minCrew = 0
			targetBody = @/targetBody
		}
		PARAMETER
		{
			name = PartValidation
			type = PartValidation
			part = SCANsat_Scanner24
			targetBody = @/targetBody
		}
	}
	PARAMETER
	{
		name = SCANsatCoverage1
		type = SCANsatCoverage
		targetBody = Kerbin
		coverage = 50.0
		scanType = Biome
		disableOnStateChange = false
	}
	PARAMETER
	{
		name = OrbitSet
		type = VesselParameterGroup
		vessel = GeoEye I
		title = Achieve an orbit with the following parameters
		optional = True
		completedMessage = Brilliant work, with our orbit established we can get some good results!!
		rewardScience = 4.0
		rewardReputation = 6.0
		rewardFunds = 8000.0
		targetBody = @/targetBody
		PARAMETER
		{
			name = Orbit
			type = Orbit
			targetBody = Kerbin
			minApA = 492204
			maxApA = 498314
			minPeA = 492101
			maxPeA = 498106
			maxEccentricity = 0.00214
			minInclination = 84.0
			maxInclination = 84.5
			disableOnStateChange = false
		}
	}
	PARAMETER
	{
		name = OrbitEndGrp
		type = All
		title = De-Orbit Maxwell I, our first SCANSat satellite
		optional = True
		completedMessage = Well done, the old satellite has burned up in the atmosphere.
		rewardScience = 4.0
		rewardFunds = 5000.0
		targetBody = @/targetBody
		PARAMETER
		{
			name = OrbitEnd
			type = VesselParameterGroup
			vessel = Maxwell I
			targetBody = @/targetBody
			PARAMETER
			{
				name = VesselDestroyed
				type = VesselDestroyed
				targetBody = @/targetBody
			}
		}
	}
	REQUIREMENT
	{
		name = all
		type = All
		targetBody = @/targetBody
		REQUIREMENT
		{
			name = PartUnlocked1
			type = PartUnlocked
			part = SCANsat_Scanner24
			targetBody = @/targetBody
		}
		REQUIREMENT
		{
			name = SCANsatCoverage2
			type = SCANsatCoverage
			targetBody = Kerbin
			maxCoverage = 100
			minCoverage = 95
			scanType = AltimetryLoRes
		}
		REQUIREMENT
		{
			name = SCANsatCoverage3
			type = SCANsatCoverage
			targetBody = Kerbin
			maxCoverage = 49.9
			minCoverage = 0.0
			scanType = Biome
		}
	}
}

Data Nodes:
ScanKerbinMultispectral
    CCCP-SCANsat:name = CCCP-SCANsat, deterministic = True
    CCCP-SCANsat:displayName = CCCP-SCANsat, deterministic = True
    CCCP-SCANsat:minVersion = 1.9.0, deterministic = True
    CCCP-SCANsat:maxCompletions = 0, deterministic = True
    CCCP-SCANsat:maxSimultaneous = 7, deterministic = True
    CCCP-SCANsat:disabledContractType = [], deterministic = True
    name = ScanKerbinMultispectral, deterministic = True
    trace = False, deterministic = True
    title = Multispectral Scan of Kerbin, deterministic = True
    tag = , deterministic = True
    description = Thanks to your grand efforts in collecting science so far, the folk in R&D have managed to whip together a SCAN Multispectral Sensor from some old toilet rolls and some sticky backed plastic. Time to test it out around Kerbin and at the same time, retire the old Maxwell 1 Altimetry scanner we launched all those weeks/days/hours/minutes ago!, deterministic = True
    topic = , deterministic = True
    subject = , deterministic = True
    motivation = , deterministic = True
    notes = Tip: Always complete your optional part before your main part, if you choose to take the challenge on!
Tip: There's probably some other science equipment you can take along for some extra science!
Tip: Don't forget to Analyse the Data from your scan once complete for extra science!, deterministic = True
    synopsis = Send an unkerbaled vessel into orbit and scan Kerbin's surface with the SCAN Multispectral Sensor. 

We suggest you reach a 495.2km orbit with an 84.21 degree inclination for the best results and the prettiest orbit path. 

Also, deorbit Maxwell 1 and let it burn up in the atmosphere, if you can., deterministic = True
    completedMessage = Stunning, through the advances with this scanner we have identified 9 different biomes for further study. I wonder if Mun has biomes?, deterministic = True
    agent = Contracts.Agents.Agent, deterministic = True
    minExpiry = 1, deterministic = True
    maxExpiry = 7, deterministic = True
    deadline = 0, deterministic = True
    cancellable = True, deterministic = True
    declinable = True, deterministic = True
    autoAccept = False, deterministic = True
    prestige = [ Significant ], deterministic = True
    targetBody = Kerbin (CelestialBody), deterministic = True
    maxCompletions = 1, deterministic = True
    maxSimultaneous = 1, deterministic = True
    rewardFunds = 20000, deterministic = True
    rewardReputation = 8, deterministic = True
    rewardScience = 10, deterministic = True
    failureFunds = 0, deterministic = True
    failureReputation = 0, deterministic = True
    advanceFunds = 10000, deterministic = True
    weight = 1, deterministic = True

	GeoEye1
	    type = VesselParameterGroup, deterministic = True
	    name = GeoEye1, deterministic = True
	    targetBody = Kerbin (CelestialBody), deterministic = True
	    rewardFunds = 0, deterministic = True
	    rewardReputation = 0, deterministic = True
	    rewardScience = 0, deterministic = True
	    failureFunds = 0, deterministic = True
	    failureReputation = 0, deterministic = True
	    optional = False, deterministic = True
	    disableOnStateChange = null, deterministic = True
	    completeInSequence = False, deterministic = True
	    hidden = False, deterministic = True
	    hideChildren = False, deterministic = True
	    title = null, deterministic = True
	    notes = null, deterministic = True
	    completedMessage = null, deterministic = True
	    duration = 00:00:00, deterministic = True
	    define = GeoEye I, deterministic = True
	    defineList = null, deterministic = True
	    vessel = [], deterministic = True
	    dissassociateVesselsOnContractFailure = True, deterministic = True
	    dissassociateVesselsOnContractCompletion = False, deterministic = True
	    hideVesselName = False, deterministic = True
	
		ReachState
		    type = ReachState, deterministic = True
		    name = ReachState, deterministic = True
		    rewardFunds = 0, deterministic = True
		    rewardReputation = 0, deterministic = True
		    rewardScience = 0, deterministic = True
		    failureFunds = 0, deterministic = True
		    failureReputation = 0, deterministic = True
		    optional = False, deterministic = True
		    disableOnStateChange = null, deterministic = True
		    completeInSequence = False, deterministic = True
		    hidden = False, deterministic = True
		    hideChildren = False, deterministic = True
		    title = null, deterministic = True
		    notes = null, deterministic = True
		    completedMessage = null, deterministic = True
		    failWhenUnmet = False, deterministic = True
		    biome = null, deterministic = True
		    situation = [ ORBITING ], deterministic = True
		    minAltitude = -3.402823E+38, deterministic = True
		    maxAltitude = 3.402823E+38, deterministic = True
		    minTerrainAltitude = 0, deterministic = True
		    maxTerrainAltitude = 3.402823E+38, deterministic = True
		    minSpeed = 0, deterministic = True
		    maxSpeed = 1.79769313486232E+308, deterministic = True
		    minRateOfClimb = -1.79769313486232E+308, deterministic = True
		    maxRateOfClimb = 1.79769313486232E+308, deterministic = True
		    minAcceleration = 0, deterministic = True
		    maxAcceleration = 3.402823E+38, deterministic = True
		    targetBody = [ Kerbin (CelestialBody) ], deterministic = True
		
		HasCrew1
		    type = HasCrew, deterministic = True
		    name = HasCrew1, deterministic = True
		    targetBody = Kerbin (CelestialBody), deterministic = True
		    rewardFunds = 0, deterministic = True
		    rewardReputation = 0, deterministic = True
		    rewardScience = 0, deterministic = True
		    failureFunds = 0, deterministic = True
		    failureReputation = 0, deterministic = True
		    optional = False, deterministic = True
		    disableOnStateChange = null, deterministic = True
		    completeInSequence = False, deterministic = True
		    hidden = False, deterministic = True
		    hideChildren = False, deterministic = True
		    title = null, deterministic = True
		    notes = null, deterministic = True
		    completedMessage = null, deterministic = True
		    trait = null, deterministic = True
		    minExperience = 0, deterministic = True
		    maxExperience = 5, deterministic = True
		    minCrew = 0, deterministic = True
		    maxCrew = 0, deterministic = True
		    kerbal = [], deterministic = True
		    excludeKerbal = [], deterministic = True
		
		PartValidation
		    type = PartValidation, deterministic = True
		    name = PartValidation, deterministic = True
		    targetBody = Kerbin (CelestialBody), deterministic = True
		    rewardFunds = 0, deterministic = True
		    rewardReputation = 0, deterministic = True
		    rewardScience = 0, deterministic = True
		    failureFunds = 0, deterministic = True
		    failureReputation = 0, deterministic = True
		    optional = False, deterministic = True
		    disableOnStateChange = null, deterministic = True
		    completeInSequence = False, deterministic = True
		    hidden = False, deterministic = True
		    hideChildren = False, deterministic = True
		    title = null, deterministic = True
		    notes = null, deterministic = True
		    completedMessage = null, deterministic = True
		    minCount = 1, deterministic = True
		    maxCount = 2147483647, deterministic = True
		    part = [ SCANsat.Scanner24 ], deterministic = False
		    partModule = [], deterministic = True
		    partModuleType = [], deterministic = True
		    category = null, deterministic = True
		    manufacturer = null, deterministic = True
		
	SCANsatCoverage1
	    type = SCANsatCoverage, deterministic = True
	    name = SCANsatCoverage1, deterministic = True
	    targetBody = Kerbin (CelestialBody), deterministic = True
	    rewardFunds = 0, deterministic = True
	    rewardReputation = 0, deterministic = True
	    rewardScience = 0, deterministic = True
	    failureFunds = 0, deterministic = True
	    failureReputation = 0, deterministic = True
	    optional = False, deterministic = True
	    disableOnStateChange = False, deterministic = True
	    completeInSequence = False, deterministic = True
	    hidden = False, deterministic = True
	    hideChildren = False, deterministic = True
	    title = null, deterministic = True
	    notes = null, deterministic = True
	    completedMessage = null, deterministic = True
	    coverage = 50, deterministic = True
	    scanType = Biome, deterministic = True
	
	OrbitSet
	    type = VesselParameterGroup, deterministic = True
	    name = OrbitSet, deterministic = True
	    targetBody = Kerbin (CelestialBody), deterministic = True
	    rewardFunds = 8000, deterministic = True
	    rewardReputation = 6, deterministic = True
	    rewardScience = 4, deterministic = True
	    failureFunds = 0, deterministic = True
	    failureReputation = 0, deterministic = True
	    optional = True, deterministic = True
	    disableOnStateChange = null, deterministic = True
	    completeInSequence = False, deterministic = True
	    hidden = False, deterministic = True
	    hideChildren = False, deterministic = True
	    title = Achieve an orbit with the following parameters, deterministic = True
	    notes = null, deterministic = True
	    completedMessage = Brilliant work, with our orbit established we can get some good results!!, deterministic = True
	    duration = 00:00:00, deterministic = True
	    define = null, deterministic = True
	    defineList = null, deterministic = True
	    vessel = [ GeoEye I ], deterministic = True
	    dissassociateVesselsOnContractFailure = True, deterministic = True
	    dissassociateVesselsOnContractCompletion = False, deterministic = True
	    hideVesselName = False, deterministic = True
	
		Orbit
		    type = Orbit, deterministic = True
		    name = Orbit, deterministic = True
		    targetBody = Kerbin (CelestialBody), deterministic = True
		    rewardFunds = 0, deterministic = True
		    rewardReputation = 0, deterministic = True
		    rewardScience = 0, deterministic = True
		    failureFunds = 0, deterministic = True
		    failureReputation = 0, deterministic = True
		    optional = False, deterministic = True
		    disableOnStateChange = False, deterministic = True
		    completeInSequence = False, deterministic = True
		    hidden = False, deterministic = True
		    hideChildren = False, deterministic = True
		    title = null, deterministic = True
		    notes = null, deterministic = True
		    completedMessage = null, deterministic = True
		    situation = ORBITING, deterministic = True
		    minAltitude = 0, deterministic = True
		    maxAltitude = 1.79769313486232E+308, deterministic = True
		    minApA = 492204, deterministic = True
		    maxApA = 498314, deterministic = True
		    minPeA = 492101, deterministic = True
		    maxPeA = 498106, deterministic = True
		    minEccentricity = 0, deterministic = True
		    maxEccentricity = 0.00214, deterministic = True
		    minInclination = 84, deterministic = True
		    maxInclination = 84.5, deterministic = True
		    minPeriod = 00:00:00, deterministic = True
		    maxPeriod = -2147483648 years, -2147483648 days, -2147483648:-2147483648:-2147483648, deterministic = True
		
	OrbitEndGrp
	    type = All, deterministic = True
	    name = OrbitEndGrp, deterministic = True
	    targetBody = Kerbin (CelestialBody), deterministic = True
	    rewardFunds = 5000, deterministic = True
	    rewardReputation = 0, deterministic = True
	    rewardScience = 4, deterministic = True
	    failureFunds = 0, deterministic = True
	    failureReputation = 0, deterministic = True
	    optional = True, deterministic = True
	    disableOnStateChange = null, deterministic = True
	    completeInSequence = False, deterministic = True
	    hidden = False, deterministic = True
	    hideChildren = False, deterministic = True
	    title = De-Orbit Maxwell I, our first SCANSat satellite, deterministic = True
	    notes = null, deterministic = True
	    completedMessage = Well done, the old satellite has burned up in the atmosphere., deterministic = True
	
		OrbitEnd
		    type = VesselParameterGroup, deterministic = True
		    name = OrbitEnd, deterministic = True
		    targetBody = Kerbin (CelestialBody), deterministic = True
		    rewardFunds = 0, deterministic = True
		    rewardReputation = 0, deterministic = True
		    rewardScience = 0, deterministic = True
		    failureFunds = 0, deterministic = True
		    failureReputation = 0, deterministic = True
		    optional = False, deterministic = True
		    disableOnStateChange = null, deterministic = True
		    completeInSequence = False, deterministic = True
		    hidden = False, deterministic = True
		    hideChildren = False, deterministic = True
		    title = null, deterministic = True
		    notes = null, deterministic = True
		    completedMessage = null, deterministic = True
		    duration = 00:00:00, deterministic = True
		    define = null, deterministic = True
		    defineList = null, deterministic = True
		    vessel = [ Maxwell I ], deterministic = True
		    dissassociateVesselsOnContractFailure = True, deterministic = True
		    dissassociateVesselsOnContractCompletion = False, deterministic = True
		    hideVesselName = False, deterministic = True
		
			VesselDestroyed
			    type = VesselDestroyed, deterministic = True
			    name = VesselDestroyed, deterministic = True
			    targetBody = Kerbin (CelestialBody), deterministic = True
			    rewardFunds = 0, deterministic = True
			    rewardReputation = 0, deterministic = True
			    rewardScience = 0, deterministic = True
			    failureFunds = 0, deterministic = True
			    failureReputation = 0, deterministic = True
			    optional = False, deterministic = True
			    disableOnStateChange = null, deterministic = True
			    completeInSequence = False, deterministic = True
			    hidden = False, deterministic = True
			    hideChildren = False, deterministic = True
			    title = null, deterministic = True
			    notes = null, deterministic = True
			    completedMessage = null, deterministic = True
			    mustImpactTerrain = False, deterministic = True
			
	all
	    type = All, deterministic = True
	    name = all, deterministic = True
	    targetBody = Kerbin (CelestialBody), deterministic = True
	    checkOnActiveContract = False, deterministic = True
	    invertRequirement = False, deterministic = True
	
		PartUnlocked1
		    type = PartUnlocked, deterministic = True
		    name = PartUnlocked1, deterministic = True
		    targetBody = Kerbin (CelestialBody), deterministic = True
		    checkOnActiveContract = False, deterministic = True
		    invertRequirement = False, deterministic = True
		    part = [ SCANsat.Scanner24 ], deterministic = False
		
		SCANsatCoverage2
		    type = SCANsatCoverage, deterministic = True
		    name = SCANsatCoverage2, deterministic = True
		    targetBody = Kerbin (CelestialBody), deterministic = True
		    checkOnActiveContract = False, deterministic = True
		    invertRequirement = False, deterministic = True
		    minCoverage = 95, deterministic = True
		    maxCoverage = 100, deterministic = True
		    scanType = AltimetryLoRes, deterministic = True
		
		SCANsatCoverage3
		    type = SCANsatCoverage, deterministic = True
		    name = SCANsatCoverage3, deterministic = True
		    targetBody = Kerbin (CelestialBody), deterministic = True
		    checkOnActiveContract = False, deterministic = True
		    invertRequirement = False, deterministic = True
		    minCoverage = 0, deterministic = True
		    maxCoverage = 49.9, deterministic = True
		    scanType = Biome, deterministic = True
		

Output log:
[INFO] ContractConfigurator.ContractType: Loading CONTRACT_TYPE: 'ScanKerbinMultispectral'
[INFO] ContractConfigurator.ContractType: Successfully loaded CONTRACT_TYPE 'ScanKerbinMultispectral'
