Debug information for CONTRACT_TYPE 'ScanKerbinLoRes':

Configuration:
CONTRACT_TYPE
{
	name = ScanKerbinLoRes
	group = CCCP-SCANsat
	title = Altimetry Scan of Kerbin
	description = Our scientists have suggested that knowing what the rock we're flying around looks like might be a good idea. Perform an altimetry scan of Kerbin's surface and report back with the answer to the ultimate question, "Where did I put my keys?".
	synopsis = Send an unkerbaled vessel into orbit, we suggest a 496km orbit with an 83.3 degree inclination, and scan Kerbin's surface with the SCAN Radar Altimetry Sensor. \n\nThe key is getting the data we require, if you want to go with a custom orbit feel free but we didn't spend good money researching this one for no gorram reason!
	notes = Tip: There's probably some other science equipment you can take along for some extra science!\nTip: Don't forget to Analyse the Data from your scan once complete for extra science!
	completedMessage = Excellent work, we're well underway with our scans in in a short while, our first map will be complete!
	targetBody = Kerbin
	agent = Research & Development Department
	advanceFunds = 10000
	rewardScience = 10
	rewardReputation = 8
	rewardFunds = 20000
	maxCompletions = 1
	maxSimultaneous = 1
	prestige = Significant
	weight = 10.0
	PARAMETER
	{
		name = Maxwell1
		type = VesselParameterGroup
		define = Maxwell I
		targetBody = @/targetBody
		PARAMETER
		{
			name = ReachState
			type = ReachState
			targetBody = Kerbin
			situation = ORBITING
		}
		PARAMETER
		{
			name = HasCrew1
			type = HasCrew
			maxCrew = 0
			minCrew = 0
			targetBody = @/targetBody
		}
		PARAMETER
		{
			name = PartValidation
			type = PartValidation
			part = SCANsat_Scanner
			targetBody = @/targetBody
		}
	}
	PARAMETER
	{
		name = SCANsatCoverage1
		type = SCANsatCoverage
		targetBody = Kerbin
		coverage = 50.0
		scanType = AltimetryLoRes
		disableOnStateChange = false
	}
	PARAMETER
	{
		name = OrbitSet
		type = VesselParameterGroup
		vessel = Maxwell I
		title = Achieve an orbit with the following parameters
		optional = True
		completedMessage = Brilliant work, with our orbit established we can get some good results!!
		rewardScience = 5
		rewardReputation = 4
		rewardFunds = 8000
		targetBody = @/targetBody
		PARAMETER
		{
			title = Achieve an orbit with the following parameters
			name = Orbit
			type = Orbit
			targetBody = Kerbin
			minApA = 493234
			maxApA = 499314
			minPeA = 493101
			maxPeA = 499106
			maxEccentricity = 0.0021
			minInclination = 83.1
			maxInclination = 83.6
			disableOnStateChange = false
		}
	}
	REQUIREMENT
	{
		name = PartUnlocked1
		type = PartUnlocked
		part = SCANsat_Scanner
		targetBody = @/targetBody
	}
	REQUIREMENT
	{
		name = SCANsatCoverage2
		type = SCANsatCoverage
		targetBody = Kerbin
		maxCoverage = 49.9
		minCoverage = 0.0
		scanType = AltimetryLoRes
	}
}

Data Nodes:
ScanKerbinLoRes
    CCCP-SCANsat:name = CCCP-SCANsat, deterministic = True
    CCCP-SCANsat:displayName = CCCP-SCANsat, deterministic = True
    CCCP-SCANsat:minVersion = 1.9.0, deterministic = True
    CCCP-SCANsat:maxCompletions = 0, deterministic = True
    CCCP-SCANsat:maxSimultaneous = 7, deterministic = True
    CCCP-SCANsat:disabledContractType = [], deterministic = True
    name = ScanKerbinLoRes, deterministic = True
    trace = False, deterministic = True
    title = Altimetry Scan of Kerbin, deterministic = True
    tag = , deterministic = True
    description = Our scientists have suggested that knowing what the rock we're flying around looks like might be a good idea. Perform an altimetry scan of Kerbin's surface and report back with the answer to the ultimate question, "Where did I put my keys?"., deterministic = True
    topic = , deterministic = True
    subject = , deterministic = True
    motivation = , deterministic = True
    notes = Tip: There's probably some other science equipment you can take along for some extra science!
Tip: Don't forget to Analyse the Data from your scan once complete for extra science!, deterministic = True
    synopsis = Send an unkerbaled vessel into orbit, we suggest a 496km orbit with an 83.3 degree inclination, and scan Kerbin's surface with the SCAN Radar Altimetry Sensor. 

The key is getting the data we require, if you want to go with a custom orbit feel free but we didn't spend good money researching this one for no gorram reason!, deterministic = True
    completedMessage = Excellent work, we're well underway with our scans in in a short while, our first map will be complete!, deterministic = True
    agent = Contracts.Agents.Agent, deterministic = True
    minExpiry = 1, deterministic = True
    maxExpiry = 7, deterministic = True
    deadline = 0, deterministic = True
    cancellable = True, deterministic = True
    declinable = True, deterministic = True
    autoAccept = False, deterministic = True
    prestige = [ Significant ], deterministic = True
    targetBody = Kerbin (CelestialBody), deterministic = True
    maxCompletions = 1, deterministic = True
    maxSimultaneous = 1, deterministic = True
    rewardFunds = 20000, deterministic = True
    rewardReputation = 8, deterministic = True
    rewardScience = 10, deterministic = True
    failureFunds = 0, deterministic = True
    failureReputation = 0, deterministic = True
    advanceFunds = 10000, deterministic = True
    weight = 10, deterministic = True

	Maxwell1
	    type = VesselParameterGroup, deterministic = True
	    name = Maxwell1, deterministic = True
	    targetBody = Kerbin (CelestialBody), deterministic = True
	    rewardFunds = 0, deterministic = True
	    rewardReputation = 0, deterministic = True
	    rewardScience = 0, deterministic = True
	    failureFunds = 0, deterministic = True
	    failureReputation = 0, deterministic = True
	    optional = False, deterministic = True
	    disableOnStateChange = null, deterministic = True
	    completeInSequence = False, deterministic = True
	    hidden = False, deterministic = True
	    hideChildren = False, deterministic = True
	    title = null, deterministic = True
	    notes = null, deterministic = True
	    completedMessage = null, deterministic = True
	    duration = 00:00:00, deterministic = True
	    define = Maxwell I, deterministic = True
	    defineList = null, deterministic = True
	    vessel = [], deterministic = True
	    dissassociateVesselsOnContractFailure = True, deterministic = True
	    dissassociateVesselsOnContractCompletion = False, deterministic = True
	    hideVesselName = False, deterministic = True
	
		ReachState
		    type = ReachState, deterministic = True
		    name = ReachState, deterministic = True
		    rewardFunds = 0, deterministic = True
		    rewardReputation = 0, deterministic = True
		    rewardScience = 0, deterministic = True
		    failureFunds = 0, deterministic = True
		    failureReputation = 0, deterministic = True
		    optional = False, deterministic = True
		    disableOnStateChange = null, deterministic = True
		    completeInSequence = False, deterministic = True
		    hidden = False, deterministic = True
		    hideChildren = False, deterministic = True
		    title = null, deterministic = True
		    notes = null, deterministic = True
		    completedMessage = null, deterministic = True
		    failWhenUnmet = False, deterministic = True
		    biome = null, deterministic = True
		    situation = [ ORBITING ], deterministic = True
		    minAltitude = -3.402823E+38, deterministic = True
		    maxAltitude = 3.402823E+38, deterministic = True
		    minTerrainAltitude = 0, deterministic = True
		    maxTerrainAltitude = 3.402823E+38, deterministic = True
		    minSpeed = 0, deterministic = True
		    maxSpeed = 1.79769313486232E+308, deterministic = True
		    minRateOfClimb = -1.79769313486232E+308, deterministic = True
		    maxRateOfClimb = 1.79769313486232E+308, deterministic = True
		    minAcceleration = 0, deterministic = True
		    maxAcceleration = 3.402823E+38, deterministic = True
		    targetBody = [ Kerbin (CelestialBody) ], deterministic = True
		
		HasCrew1
		    type = HasCrew, deterministic = True
		    name = HasCrew1, deterministic = True
		    targetBody = Kerbin (CelestialBody), deterministic = True
		    rewardFunds = 0, deterministic = True
		    rewardReputation = 0, deterministic = True
		    rewardScience = 0, deterministic = True
		    failureFunds = 0, deterministic = True
		    failureReputation = 0, deterministic = True
		    optional = False, deterministic = True
		    disableOnStateChange = null, deterministic = True
		    completeInSequence = False, deterministic = True
		    hidden = False, deterministic = True
		    hideChildren = False, deterministic = True
		    title = null, deterministic = True
		    notes = null, deterministic = True
		    completedMessage = null, deterministic = True
		    trait = null, deterministic = True
		    minExperience = 0, deterministic = True
		    maxExperience = 5, deterministic = True
		    minCrew = 0, deterministic = True
		    maxCrew = 0, deterministic = True
		    kerbal = [], deterministic = True
		    excludeKerbal = [], deterministic = True
		
		PartValidation
		    type = PartValidation, deterministic = True
		    name = PartValidation, deterministic = True
		    targetBody = Kerbin (CelestialBody), deterministic = True
		    rewardFunds = 0, deterministic = True
		    rewardReputation = 0, deterministic = True
		    rewardScience = 0, deterministic = True
		    failureFunds = 0, deterministic = True
		    failureReputation = 0, deterministic = True
		    optional = False, deterministic = True
		    disableOnStateChange = null, deterministic = True
		    completeInSequence = False, deterministic = True
		    hidden = False, deterministic = True
		    hideChildren = False, deterministic = True
		    title = null, deterministic = True
		    notes = null, deterministic = True
		    completedMessage = null, deterministic = True
		    minCount = 1, deterministic = True
		    maxCount = 2147483647, deterministic = True
		    part = [ SCANsat.Scanner ], deterministic = False
		    partModule = [], deterministic = True
		    partModuleType = [], deterministic = True
		    category = null, deterministic = True
		    manufacturer = null, deterministic = True
		
	SCANsatCoverage1
	    type = SCANsatCoverage, deterministic = True
	    name = SCANsatCoverage1, deterministic = True
	    targetBody = Kerbin (CelestialBody), deterministic = True
	    rewardFunds = 0, deterministic = True
	    rewardReputation = 0, deterministic = True
	    rewardScience = 0, deterministic = True
	    failureFunds = 0, deterministic = True
	    failureReputation = 0, deterministic = True
	    optional = False, deterministic = True
	    disableOnStateChange = False, deterministic = True
	    completeInSequence = False, deterministic = True
	    hidden = False, deterministic = True
	    hideChildren = False, deterministic = True
	    title = null, deterministic = True
	    notes = null, deterministic = True
	    completedMessage = null, deterministic = True
	    coverage = 50, deterministic = True
	    scanType = AltimetryLoRes, deterministic = True
	
	OrbitSet
	    type = VesselParameterGroup, deterministic = True
	    name = OrbitSet, deterministic = True
	    targetBody = Kerbin (CelestialBody), deterministic = True
	    rewardFunds = 8000, deterministic = True
	    rewardReputation = 4, deterministic = True
	    rewardScience = 5, deterministic = True
	    failureFunds = 0, deterministic = True
	    failureReputation = 0, deterministic = True
	    optional = True, deterministic = True
	    disableOnStateChange = null, deterministic = True
	    completeInSequence = False, deterministic = True
	    hidden = False, deterministic = True
	    hideChildren = False, deterministic = True
	    title = Achieve an orbit with the following parameters, deterministic = True
	    notes = null, deterministic = True
	    completedMessage = Brilliant work, with our orbit established we can get some good results!!, deterministic = True
	    duration = 00:00:00, deterministic = True
	    define = null, deterministic = True
	    defineList = null, deterministic = True
	    vessel = [ Maxwell I ], deterministic = True
	    dissassociateVesselsOnContractFailure = True, deterministic = True
	    dissassociateVesselsOnContractCompletion = False, deterministic = True
	    hideVesselName = False, deterministic = True
	
		Orbit
		    type = Orbit, deterministic = True
		    name = Orbit, deterministic = True
		    targetBody = Kerbin (CelestialBody), deterministic = True
		    rewardFunds = 0, deterministic = True
		    rewardReputation = 0, deterministic = True
		    rewardScience = 0, deterministic = True
		    failureFunds = 0, deterministic = True
		    failureReputation = 0, deterministic = True
		    optional = False, deterministic = True
		    disableOnStateChange = False, deterministic = True
		    completeInSequence = False, deterministic = True
		    hidden = False, deterministic = True
		    hideChildren = False, deterministic = True
		    title = Achieve an orbit with the following parameters, deterministic = True
		    notes = null, deterministic = True
		    completedMessage = null, deterministic = True
		    situation = ORBITING, deterministic = True
		    minAltitude = 0, deterministic = True
		    maxAltitude = 1.79769313486232E+308, deterministic = True
		    minApA = 493234, deterministic = True
		    maxApA = 499314, deterministic = True
		    minPeA = 493101, deterministic = True
		    maxPeA = 499106, deterministic = True
		    minEccentricity = 0, deterministic = True
		    maxEccentricity = 0.0021, deterministic = True
		    minInclination = 83.1, deterministic = True
		    maxInclination = 83.6, deterministic = True
		    minPeriod = 00:00:00, deterministic = True
		    maxPeriod = -2147483648 years, -2147483648 days, -2147483648:-2147483648:-2147483648, deterministic = True
		
	PartUnlocked1
	    type = PartUnlocked, deterministic = True
	    name = PartUnlocked1, deterministic = True
	    targetBody = Kerbin (CelestialBody), deterministic = True
	    checkOnActiveContract = False, deterministic = True
	    invertRequirement = False, deterministic = True
	    part = [ SCANsat.Scanner ], deterministic = False
	
	SCANsatCoverage2
	    type = SCANsatCoverage, deterministic = True
	    name = SCANsatCoverage2, deterministic = True
	    targetBody = Kerbin (CelestialBody), deterministic = True
	    checkOnActiveContract = False, deterministic = True
	    invertRequirement = False, deterministic = True
	    minCoverage = 0, deterministic = True
	    maxCoverage = 49.9, deterministic = True
	    scanType = AltimetryLoRes, deterministic = True
	

Output log:
[INFO] ContractConfigurator.ContractType: Loading CONTRACT_TYPE: 'ScanKerbinLoRes'
[INFO] ContractConfigurator.ContractType: Successfully loaded CONTRACT_TYPE 'ScanKerbinLoRes'
