Debug information for CONTRACT_TYPE 'ScanEveLoRes':

Configuration:
CONTRACT_TYPE
{
	name = ScanEveLoRes
	group = CCCP-SCANsat
	title = Altimetry Scan of Eve
	description = We've gathered some great data so far from Min and Minmus, but these were easy pickings compared to your next target. Get us something pretty to analyse from Eve. We don't currently know much more than "It's Purple", and frankly so is Valentina after too many Pan-Galactic Gargle Blasters.
	synopsis = Send an unkerbaled vessel into Eve orbit and scan the surface with the SCAN Radar Altimetry Sensor. \n\nThe techs say an orbit of 455km with an 88 degree inclination should be best on this one, but one did think that that the collective noun for Tribbles was Trouble.
	notes = Tip: Always complete your optional part before your main part, if you choose to take the challenge on!\nTip: There's probably some other science equipment you can take along for some extra science!\nTip: Don't forget to Analyse the Data from your scan once complete for extra science!
	completedMessage = Splendid! The boys and girls in R&D are very grateful for your work and look forward to sifting through all of the data over a bottle or three of Kerbins finest Kanar.
	targetBody = Eve
	agent = Research & Development Department
	advanceFunds = 4875
	rewardScience = 4.25
	rewardReputation = 3.25
	rewardFunds = 9750
	maxCompletions = 1
	maxSimultaneous = 1
	prestige = Significant
	PARAMETER
	{
		name = Maxwell4
		type = VesselParameterGroup
		define = Maxwell IV
		targetBody = @/targetBody
		PARAMETER
		{
			name = ReachState
			type = ReachState
			targetBody = Eve
			situation = ORBITING
		}
		PARAMETER
		{
			name = HasCrew1
			type = HasCrew
			maxCrew = 0
			minCrew = 0
			targetBody = @/targetBody
		}
		PARAMETER
		{
			name = PartValidation
			type = PartValidation
			part = SCANsat_Scanner
			targetBody = @/targetBody
		}
	}
	PARAMETER
	{
		name = OrbitSet
		type = VesselParameterGroup
		vessel = Maxwell IV
		title = Achieve an orbit with the following parameters
		optional = True
		completedMessage = A perfect orbit for our scan to commence!
		rewardScience = 1.5
		rewardReputation = 2
		rewardFunds = 3000
		targetBody = @/targetBody
		PARAMETER
		{
			name = Orbit
			type = Orbit
			targetBody = Eve
			minApA = 452145
			maxApA = 458203
			minPeA = 452003
			maxPeA = 458197
			maxEccentricity = 0.0021
			minInclination = 87.7
			maxInclination = 88.3
			disableOnStateChange = false
		}
	}
	PARAMETER
	{
		name = SCANsatCoverage1
		type = SCANsatCoverage
		targetBody = Eve
		coverage = 50.0
		scanType = AltimetryLoRes
	}
	PARAMETER
	{
		name = Option
		type = All
		title = Take an additional vessel and grab some data from Gilly
		optional = True
		rewardScience = 4
		rewardReputation = 5
		rewardFunds = 6400
		targetBody = @/targetBody
		PARAMETER
		{
			name = Hertz1
			type = VesselParameterGroup
			define = Hertz I
			targetBody = @/targetBody
			PARAMETER
			{
				name = ReachState
				type = ReachState
				targetBody = Gilly
				situation = ORBITING
			}
			PARAMETER
			{
				name = HasCrew1
				type = HasCrew
				maxCrew = 0
				minCrew = 0
				targetBody = @/targetBody
			}
			PARAMETER
			{
				name = PartValidation
				type = PartValidation
				part = SCANsat_Scanner
				targetBody = @/targetBody
			}
		}
		PARAMETER
		{
			name = OrbitSet
			type = VesselParameterGroup
			vessel = Hertz II
			title = Achieve an orbit with the following parameters
			optional = True
			completedMessage = A perfect orbit for our scans. Begin!!
			rewardScience = 1.5
			rewardReputation = 2
			rewardFunds = 3000
			targetBody = @/targetBody
			PARAMETER
			{
				title = Achieve an orbit with the following parameters
				name = Orbit
				type = Orbit
				optional = true
				targetBody = Gilly
				minApA = 11141
				maxApA = 12536
				minPeA = 11106
				maxPeA = 12525
				maxEccentricity = 0.04
				minInclination = 72.3
				maxInclination = 72.7
				disableOnStateChange = false
				rewardScience = 0.75
				rewardReputation = 1.5
				rewardFunds = 2000
			}
		}
		PARAMETER
		{
			name = SCANsatCoverage2
			type = SCANsatCoverage
			targetBody = Gilly
			coverage = 25.0
			scanType = AltimetryLoRes
		}
	}
	REQUIREMENT
	{
		name = All1
		type = All
		targetBody = @/targetBody
		REQUIREMENT
		{
			name = SCANsatCoverage4
			type = SCANsatCoverage
			targetBody = Minmus
			maxCoverage = 100.0
			minCoverage = 35.0
			scanType = AltimetryLoRes
		}
		REQUIREMENT
		{
			name = SCANsatCoverage5
			type = SCANsatCoverage
			targetBody = Eve
			maxCoverage = 49.9
			minCoverage = 0.0
			scanType = AltimetryLoRes
		}
	}
}

Data Nodes:
ScanEveLoRes
    CCCP-SCANsat:name = CCCP-SCANsat, deterministic = True
    CCCP-SCANsat:displayName = CCCP-SCANsat, deterministic = True
    CCCP-SCANsat:minVersion = 1.9.0, deterministic = True
    CCCP-SCANsat:maxCompletions = 0, deterministic = True
    CCCP-SCANsat:maxSimultaneous = 7, deterministic = True
    CCCP-SCANsat:disabledContractType = [], deterministic = True
    name = ScanEveLoRes, deterministic = True
    trace = False, deterministic = True
    title = Altimetry Scan of Eve, deterministic = True
    tag = , deterministic = True
    description = We've gathered some great data so far from Min and Minmus, but these were easy pickings compared to your next target. Get us something pretty to analyse from Eve. We don't currently know much more than "It's Purple", and frankly so is Valentina after too many Pan-Galactic Gargle Blasters., deterministic = True
    topic = , deterministic = True
    subject = , deterministic = True
    motivation = , deterministic = True
    notes = Tip: Always complete your optional part before your main part, if you choose to take the challenge on!
Tip: There's probably some other science equipment you can take along for some extra science!
Tip: Don't forget to Analyse the Data from your scan once complete for extra science!, deterministic = True
    synopsis = Send an unkerbaled vessel into Eve orbit and scan the surface with the SCAN Radar Altimetry Sensor. 

The techs say an orbit of 455km with an 88 degree inclination should be best on this one, but one did think that that the collective noun for Tribbles was Trouble., deterministic = True
    completedMessage = Splendid! The boys and girls in R&D are very grateful for your work and look forward to sifting through all of the data over a bottle or three of Kerbins finest Kanar., deterministic = True
    agent = Contracts.Agents.Agent, deterministic = True
    minExpiry = 1, deterministic = True
    maxExpiry = 7, deterministic = True
    deadline = 0, deterministic = True
    cancellable = True, deterministic = True
    declinable = True, deterministic = True
    autoAccept = False, deterministic = True
    prestige = [ Significant ], deterministic = True
    targetBody = Eve (CelestialBody), deterministic = True
    maxCompletions = 1, deterministic = True
    maxSimultaneous = 1, deterministic = True
    rewardFunds = 9750, deterministic = True
    rewardReputation = 3.25, deterministic = True
    rewardScience = 4.25, deterministic = True
    failureFunds = 0, deterministic = True
    failureReputation = 0, deterministic = True
    advanceFunds = 4875, deterministic = True
    weight = 1, deterministic = True

	Maxwell4
	    type = VesselParameterGroup, deterministic = True
	    name = Maxwell4, deterministic = True
	    targetBody = Eve (CelestialBody), deterministic = True
	    rewardFunds = 0, deterministic = True
	    rewardReputation = 0, deterministic = True
	    rewardScience = 0, deterministic = True
	    failureFunds = 0, deterministic = True
	    failureReputation = 0, deterministic = True
	    optional = False, deterministic = True
	    disableOnStateChange = null, deterministic = True
	    completeInSequence = False, deterministic = True
	    hidden = False, deterministic = True
	    hideChildren = False, deterministic = True
	    title = null, deterministic = True
	    notes = null, deterministic = True
	    completedMessage = null, deterministic = True
	    duration = 00:00:00, deterministic = True
	    define = Maxwell IV, deterministic = True
	    defineList = null, deterministic = True
	    vessel = [], deterministic = True
	    dissassociateVesselsOnContractFailure = True, deterministic = True
	    dissassociateVesselsOnContractCompletion = False, deterministic = True
	    hideVesselName = False, deterministic = True
	
		ReachState
		    type = ReachState, deterministic = True
		    name = ReachState, deterministic = True
		    rewardFunds = 0, deterministic = True
		    rewardReputation = 0, deterministic = True
		    rewardScience = 0, deterministic = True
		    failureFunds = 0, deterministic = True
		    failureReputation = 0, deterministic = True
		    optional = False, deterministic = True
		    disableOnStateChange = null, deterministic = True
		    completeInSequence = False, deterministic = True
		    hidden = False, deterministic = True
		    hideChildren = False, deterministic = True
		    title = null, deterministic = True
		    notes = null, deterministic = True
		    completedMessage = null, deterministic = True
		    failWhenUnmet = False, deterministic = True
		    biome = null, deterministic = True
		    situation = [ ORBITING ], deterministic = True
		    minAltitude = -3.402823E+38, deterministic = True
		    maxAltitude = 3.402823E+38, deterministic = True
		    minTerrainAltitude = 0, deterministic = True
		    maxTerrainAltitude = 3.402823E+38, deterministic = True
		    minSpeed = 0, deterministic = True
		    maxSpeed = 1.79769313486232E+308, deterministic = True
		    minRateOfClimb = -1.79769313486232E+308, deterministic = True
		    maxRateOfClimb = 1.79769313486232E+308, deterministic = True
		    minAcceleration = 0, deterministic = True
		    maxAcceleration = 3.402823E+38, deterministic = True
		    targetBody = [ Eve (CelestialBody) ], deterministic = True
		
		HasCrew1
		    type = HasCrew, deterministic = True
		    name = HasCrew1, deterministic = True
		    targetBody = Eve (CelestialBody), deterministic = True
		    rewardFunds = 0, deterministic = True
		    rewardReputation = 0, deterministic = True
		    rewardScience = 0, deterministic = True
		    failureFunds = 0, deterministic = True
		    failureReputation = 0, deterministic = True
		    optional = False, deterministic = True
		    disableOnStateChange = null, deterministic = True
		    completeInSequence = False, deterministic = True
		    hidden = False, deterministic = True
		    hideChildren = False, deterministic = True
		    title = null, deterministic = True
		    notes = null, deterministic = True
		    completedMessage = null, deterministic = True
		    trait = null, deterministic = True
		    minExperience = 0, deterministic = True
		    maxExperience = 5, deterministic = True
		    minCrew = 0, deterministic = True
		    maxCrew = 0, deterministic = True
		    kerbal = [], deterministic = True
		    excludeKerbal = [], deterministic = True
		
		PartValidation
		    type = PartValidation, deterministic = True
		    name = PartValidation, deterministic = True
		    targetBody = Eve (CelestialBody), deterministic = True
		    rewardFunds = 0, deterministic = True
		    rewardReputation = 0, deterministic = True
		    rewardScience = 0, deterministic = True
		    failureFunds = 0, deterministic = True
		    failureReputation = 0, deterministic = True
		    optional = False, deterministic = True
		    disableOnStateChange = null, deterministic = True
		    completeInSequence = False, deterministic = True
		    hidden = False, deterministic = True
		    hideChildren = False, deterministic = True
		    title = null, deterministic = True
		    notes = null, deterministic = True
		    completedMessage = null, deterministic = True
		    minCount = 1, deterministic = True
		    maxCount = 2147483647, deterministic = True
		    part = [ SCANsat.Scanner ], deterministic = False
		    partModule = [], deterministic = True
		    partModuleType = [], deterministic = True
		    category = null, deterministic = True
		    manufacturer = null, deterministic = True
		
	OrbitSet
	    type = VesselParameterGroup, deterministic = True
	    name = OrbitSet, deterministic = True
	    targetBody = Eve (CelestialBody), deterministic = True
	    rewardFunds = 3000, deterministic = True
	    rewardReputation = 2, deterministic = True
	    rewardScience = 1.5, deterministic = True
	    failureFunds = 0, deterministic = True
	    failureReputation = 0, deterministic = True
	    optional = True, deterministic = True
	    disableOnStateChange = null, deterministic = True
	    completeInSequence = False, deterministic = True
	    hidden = False, deterministic = True
	    hideChildren = False, deterministic = True
	    title = Achieve an orbit with the following parameters, deterministic = True
	    notes = null, deterministic = True
	    completedMessage = A perfect orbit for our scan to commence!, deterministic = True
	    duration = 00:00:00, deterministic = True
	    define = null, deterministic = True
	    defineList = null, deterministic = True
	    vessel = [ Maxwell IV ], deterministic = True
	    dissassociateVesselsOnContractFailure = True, deterministic = True
	    dissassociateVesselsOnContractCompletion = False, deterministic = True
	    hideVesselName = False, deterministic = True
	
		Orbit
		    type = Orbit, deterministic = True
		    name = Orbit, deterministic = True
		    targetBody = Eve (CelestialBody), deterministic = True
		    rewardFunds = 0, deterministic = True
		    rewardReputation = 0, deterministic = True
		    rewardScience = 0, deterministic = True
		    failureFunds = 0, deterministic = True
		    failureReputation = 0, deterministic = True
		    optional = False, deterministic = True
		    disableOnStateChange = False, deterministic = True
		    completeInSequence = False, deterministic = True
		    hidden = False, deterministic = True
		    hideChildren = False, deterministic = True
		    title = null, deterministic = True
		    notes = null, deterministic = True
		    completedMessage = null, deterministic = True
		    situation = ORBITING, deterministic = True
		    minAltitude = 0, deterministic = True
		    maxAltitude = 1.79769313486232E+308, deterministic = True
		    minApA = 452145, deterministic = True
		    maxApA = 458203, deterministic = True
		    minPeA = 452003, deterministic = True
		    maxPeA = 458197, deterministic = True
		    minEccentricity = 0, deterministic = True
		    maxEccentricity = 0.0021, deterministic = True
		    minInclination = 87.7, deterministic = True
		    maxInclination = 88.3, deterministic = True
		    minPeriod = 00:00:00, deterministic = True
		    maxPeriod = -2147483648 years, -2147483648 days, -2147483648:-2147483648:-2147483648, deterministic = True
		
	SCANsatCoverage1
	    type = SCANsatCoverage, deterministic = True
	    name = SCANsatCoverage1, deterministic = True
	    targetBody = Eve (CelestialBody), deterministic = True
	    rewardFunds = 0, deterministic = True
	    rewardReputation = 0, deterministic = True
	    rewardScience = 0, deterministic = True
	    failureFunds = 0, deterministic = True
	    failureReputation = 0, deterministic = True
	    optional = False, deterministic = True
	    disableOnStateChange = null, deterministic = True
	    completeInSequence = False, deterministic = True
	    hidden = False, deterministic = True
	    hideChildren = False, deterministic = True
	    title = null, deterministic = True
	    notes = null, deterministic = True
	    completedMessage = null, deterministic = True
	    coverage = 50, deterministic = True
	    scanType = AltimetryLoRes, deterministic = True
	
	Option
	    type = All, deterministic = True
	    name = Option, deterministic = True
	    targetBody = Eve (CelestialBody), deterministic = True
	    rewardFunds = 6400, deterministic = True
	    rewardReputation = 5, deterministic = True
	    rewardScience = 4, deterministic = True
	    failureFunds = 0, deterministic = True
	    failureReputation = 0, deterministic = True
	    optional = True, deterministic = True
	    disableOnStateChange = null, deterministic = True
	    completeInSequence = False, deterministic = True
	    hidden = False, deterministic = True
	    hideChildren = False, deterministic = True
	    title = Take an additional vessel and grab some data from Gilly, deterministic = True
	    notes = null, deterministic = True
	    completedMessage = null, deterministic = True
	
		Hertz1
		    type = VesselParameterGroup, deterministic = True
		    name = Hertz1, deterministic = True
		    targetBody = Eve (CelestialBody), deterministic = True
		    rewardFunds = 0, deterministic = True
		    rewardReputation = 0, deterministic = True
		    rewardScience = 0, deterministic = True
		    failureFunds = 0, deterministic = True
		    failureReputation = 0, deterministic = True
		    optional = False, deterministic = True
		    disableOnStateChange = null, deterministic = True
		    completeInSequence = False, deterministic = True
		    hidden = False, deterministic = True
		    hideChildren = False, deterministic = True
		    title = null, deterministic = True
		    notes = null, deterministic = True
		    completedMessage = null, deterministic = True
		    duration = 00:00:00, deterministic = True
		    define = Hertz I, deterministic = True
		    defineList = null, deterministic = True
		    vessel = [], deterministic = True
		    dissassociateVesselsOnContractFailure = True, deterministic = True
		    dissassociateVesselsOnContractCompletion = False, deterministic = True
		    hideVesselName = False, deterministic = True
		
			ReachState
			    type = ReachState, deterministic = True
			    name = ReachState, deterministic = True
			    rewardFunds = 0, deterministic = True
			    rewardReputation = 0, deterministic = True
			    rewardScience = 0, deterministic = True
			    failureFunds = 0, deterministic = True
			    failureReputation = 0, deterministic = True
			    optional = False, deterministic = True
			    disableOnStateChange = null, deterministic = True
			    completeInSequence = False, deterministic = True
			    hidden = False, deterministic = True
			    hideChildren = False, deterministic = True
			    title = null, deterministic = True
			    notes = null, deterministic = True
			    completedMessage = null, deterministic = True
			    failWhenUnmet = False, deterministic = True
			    biome = null, deterministic = True
			    situation = [ ORBITING ], deterministic = True
			    minAltitude = -3.402823E+38, deterministic = True
			    maxAltitude = 3.402823E+38, deterministic = True
			    minTerrainAltitude = 0, deterministic = True
			    maxTerrainAltitude = 3.402823E+38, deterministic = True
			    minSpeed = 0, deterministic = True
			    maxSpeed = 1.79769313486232E+308, deterministic = True
			    minRateOfClimb = -1.79769313486232E+308, deterministic = True
			    maxRateOfClimb = 1.79769313486232E+308, deterministic = True
			    minAcceleration = 0, deterministic = True
			    maxAcceleration = 3.402823E+38, deterministic = True
			    targetBody = [ Gilly (CelestialBody) ], deterministic = True
			
			HasCrew1
			    type = HasCrew, deterministic = True
			    name = HasCrew1, deterministic = True
			    targetBody = Eve (CelestialBody), deterministic = True
			    rewardFunds = 0, deterministic = True
			    rewardReputation = 0, deterministic = True
			    rewardScience = 0, deterministic = True
			    failureFunds = 0, deterministic = True
			    failureReputation = 0, deterministic = True
			    optional = False, deterministic = True
			    disableOnStateChange = null, deterministic = True
			    completeInSequence = False, deterministic = True
			    hidden = False, deterministic = True
			    hideChildren = False, deterministic = True
			    title = null, deterministic = True
			    notes = null, deterministic = True
			    completedMessage = null, deterministic = True
			    trait = null, deterministic = True
			    minExperience = 0, deterministic = True
			    maxExperience = 5, deterministic = True
			    minCrew = 0, deterministic = True
			    maxCrew = 0, deterministic = True
			    kerbal = [], deterministic = True
			    excludeKerbal = [], deterministic = True
			
			PartValidation
			    type = PartValidation, deterministic = True
			    name = PartValidation, deterministic = True
			    targetBody = Eve (CelestialBody), deterministic = True
			    rewardFunds = 0, deterministic = True
			    rewardReputation = 0, deterministic = True
			    rewardScience = 0, deterministic = True
			    failureFunds = 0, deterministic = True
			    failureReputation = 0, deterministic = True
			    optional = False, deterministic = True
			    disableOnStateChange = null, deterministic = True
			    completeInSequence = False, deterministic = True
			    hidden = False, deterministic = True
			    hideChildren = False, deterministic = True
			    title = null, deterministic = True
			    notes = null, deterministic = True
			    completedMessage = null, deterministic = True
			    minCount = 1, deterministic = True
			    maxCount = 2147483647, deterministic = True
			    part = [ SCANsat.Scanner ], deterministic = False
			    partModule = [], deterministic = True
			    partModuleType = [], deterministic = True
			    category = null, deterministic = True
			    manufacturer = null, deterministic = True
			
		OrbitSet
		    type = VesselParameterGroup, deterministic = True
		    name = OrbitSet, deterministic = True
		    targetBody = Eve (CelestialBody), deterministic = True
		    rewardFunds = 3000, deterministic = True
		    rewardReputation = 2, deterministic = True
		    rewardScience = 1.5, deterministic = True
		    failureFunds = 0, deterministic = True
		    failureReputation = 0, deterministic = True
		    optional = True, deterministic = True
		    disableOnStateChange = null, deterministic = True
		    completeInSequence = False, deterministic = True
		    hidden = False, deterministic = True
		    hideChildren = False, deterministic = True
		    title = Achieve an orbit with the following parameters, deterministic = True
		    notes = null, deterministic = True
		    completedMessage = A perfect orbit for our scans. Begin!!, deterministic = True
		    duration = 00:00:00, deterministic = True
		    define = null, deterministic = True
		    defineList = null, deterministic = True
		    vessel = [ Hertz II ], deterministic = True
		    dissassociateVesselsOnContractFailure = True, deterministic = True
		    dissassociateVesselsOnContractCompletion = False, deterministic = True
		    hideVesselName = False, deterministic = True
		
			Orbit
			    type = Orbit, deterministic = True
			    name = Orbit, deterministic = True
			    targetBody = Gilly (CelestialBody), deterministic = True
			    rewardFunds = 2000, deterministic = True
			    rewardReputation = 1.5, deterministic = True
			    rewardScience = 0.75, deterministic = True
			    failureFunds = 0, deterministic = True
			    failureReputation = 0, deterministic = True
			    optional = True, deterministic = True
			    disableOnStateChange = False, deterministic = True
			    completeInSequence = False, deterministic = True
			    hidden = False, deterministic = True
			    hideChildren = False, deterministic = True
			    title = Achieve an orbit with the following parameters, deterministic = True
			    notes = null, deterministic = True
			    completedMessage = null, deterministic = True
			    situation = ORBITING, deterministic = True
			    minAltitude = 0, deterministic = True
			    maxAltitude = 1.79769313486232E+308, deterministic = True
			    minApA = 11141, deterministic = True
			    maxApA = 12536, deterministic = True
			    minPeA = 11106, deterministic = True
			    maxPeA = 12525, deterministic = True
			    minEccentricity = 0, deterministic = True
			    maxEccentricity = 0.04, deterministic = True
			    minInclination = 72.3, deterministic = True
			    maxInclination = 72.7, deterministic = True
			    minPeriod = 00:00:00, deterministic = True
			    maxPeriod = -2147483648 years, -2147483648 days, -2147483648:-2147483648:-2147483648, deterministic = True
			
		SCANsatCoverage2
		    type = SCANsatCoverage, deterministic = True
		    name = SCANsatCoverage2, deterministic = True
		    targetBody = Gilly (CelestialBody), deterministic = True
		    rewardFunds = 0, deterministic = True
		    rewardReputation = 0, deterministic = True
		    rewardScience = 0, deterministic = True
		    failureFunds = 0, deterministic = True
		    failureReputation = 0, deterministic = True
		    optional = False, deterministic = True
		    disableOnStateChange = null, deterministic = True
		    completeInSequence = False, deterministic = True
		    hidden = False, deterministic = True
		    hideChildren = False, deterministic = True
		    title = null, deterministic = True
		    notes = null, deterministic = True
		    completedMessage = null, deterministic = True
		    coverage = 25, deterministic = True
		    scanType = AltimetryLoRes, deterministic = True
		
	All1
	    type = All, deterministic = True
	    name = All1, deterministic = True
	    targetBody = Eve (CelestialBody), deterministic = True
	    checkOnActiveContract = False, deterministic = True
	    invertRequirement = False, deterministic = True
	
		SCANsatCoverage4
		    type = SCANsatCoverage, deterministic = True
		    name = SCANsatCoverage4, deterministic = True
		    targetBody = Minmus (CelestialBody), deterministic = True
		    checkOnActiveContract = False, deterministic = True
		    invertRequirement = False, deterministic = True
		    minCoverage = 35, deterministic = True
		    maxCoverage = 100, deterministic = True
		    scanType = AltimetryLoRes, deterministic = True
		
		SCANsatCoverage5
		    type = SCANsatCoverage, deterministic = True
		    name = SCANsatCoverage5, deterministic = True
		    targetBody = Eve (CelestialBody), deterministic = True
		    checkOnActiveContract = False, deterministic = True
		    invertRequirement = False, deterministic = True
		    minCoverage = 0, deterministic = True
		    maxCoverage = 49.9, deterministic = True
		    scanType = AltimetryLoRes, deterministic = True
		

Output log:
[INFO] ContractConfigurator.ContractType: Loading CONTRACT_TYPE: 'ScanEveLoRes'
[INFO] ContractConfigurator.ContractType: Successfully loaded CONTRACT_TYPE 'ScanEveLoRes'
