Debug information for CONTRACT_TYPE 'ScanJovianMoons':

Configuration:
CONTRACT_TYPE
{
	name = ScanJovianMoons
	group = CCCP-SCANsat
	title = Jovian Altimetry and Biome Scans
	description = We're 17% certain that Jool is a gas giant and as such we're not going to be able to get any Altimetry or Biome data from it. Despite that, however, Jool is blessed with 5 moons which all appear fairly solid. Send a small fleet there to discover the secrets of Jovian space.\n\nTip 1: You don't NEED to scan Bop and Pol to complete this mission, but there are extra rewards if you do choose to take 2 extra ships to get that data! \nTip 2: If choosing to take on the optional parts of the mission, complete them first! As soon as your main objectives are completed, the mission will end!\n\nA good idea might be to take one Mothership to Jool and dispatch the 3 (or 5) probes from there.
	synopsis = Send 3 unkerbaled vessels into the vicinity of Jool and dispatch one to each of the moons Laythe, Vall & Tylo. Perform surface scans with both the SCAN Radar Altimetry Sensor and the SCAN Multispectral Sensor. \n\nThe good folks in the Rebel Alliance have calculated some ideal orbits for our scans but feel free to ignore them, its not like anyone died to get them.
	completedMessage = The probes have completed a great deal of their work and our people will be analysing this data for at least 8 minutes. Congratulate your team, great work.
	targetBody = Jool
	agent = Research & Development Department
	advanceFunds = 30000
	rewardScience = 14
	rewardReputation = 20
	rewardFunds = 60000
	maxCompletions = 1
	maxSimultaneous = 1
	prestige = Significant
	weight = 10.0
	PARAMETER
	{
		name = AllScans
		type = All
		targetBody = @/targetBody
		PARAMETER
		{
			name = SCANsatCoverage1
			type = SCANsatCoverage
			targetBody = Laythe
			coverage = 50.0
			scanType = AltimetryLoRes
			disableOnStateChange = false
		}
		PARAMETER
		{
			name = SCANsatCoverage2
			type = SCANsatCoverage
			targetBody = Vall
			coverage = 50.0
			scanType = AltimetryLoRes
			disableOnStateChange = false
		}
		PARAMETER
		{
			name = SCANsatCoverage3
			type = SCANsatCoverage
			targetBody = Tylo
			coverage = 50.0
			scanType = AltimetryLoRes
			disableOnStateChange = false
		}
		PARAMETER
		{
			name = SCANsatCoverage1a
			type = SCANsatCoverage
			targetBody = Laythe
			coverage = 50.0
			scanType = Biome
			disableOnStateChange = false
		}
		PARAMETER
		{
			name = SCANsatCoverage2a
			type = SCANsatCoverage
			targetBody = Vall
			coverage = 50.0
			scanType = Biome
			disableOnStateChange = false
		}
		PARAMETER
		{
			name = SCANsatCoverage3a
			type = SCANsatCoverage
			targetBody = Tylo
			coverage = 50.0
			scanType = Biome
			disableOnStateChange = false
		}
	}
	PARAMETER
	{
		name = Galileo1
		type = VesselParameterGroup
		define = Galileo I
		targetBody = @/targetBody
		PARAMETER
		{
			name = ReachState
			type = ReachState
			targetBody = Laythe
			situation = ORBITING
		}
		PARAMETER
		{
			name = HasCrew1
			type = HasCrew
			maxCrew = 0
			minCrew = 0
			targetBody = @/targetBody
		}
		PARAMETER
		{
			name = PartValidation
			type = PartValidation
			part = SCANsat_Scanner
			maxCount = 1
			targetBody = @/targetBody
		}
		PARAMETER
		{
			name = PartValidation2
			type = PartValidation
			part = SCANsat_Scanner24
			maxCount = 1
			targetBody = @/targetBody
		}
	}
	PARAMETER
	{
		name = OrbitSet
		type = VesselParameterGroup
		vessel = Galileo I
		title = Achieve an orbit with the following parameters
		optional = True
		completedMessage = That's no moon! Scanning should begin immediately.
		rewardScience = 3
		rewardReputation = 3
		rewardFunds = 3000
		targetBody = @/targetBody
		PARAMETER
		{
			name = Orbit
			type = Orbit
			targetBody = Laythe
			minApA = 411625
			maxApA = 414547
			minPeA = 411502
			maxPeA = 414436
			maxEccentricity = 0.0022
			minInclination = 87.3
			maxInclination = 87.7
			disableOnStateChange = false
		}
	}
	PARAMETER
	{
		name = Galileo2
		type = VesselParameterGroup
		define = Galileo II
		targetBody = @/targetBody
		PARAMETER
		{
			name = ReachState
			type = ReachState
			targetBody = Vall
			situation = ORBITING
		}
		PARAMETER
		{
			name = HasCrew2
			type = HasCrew
			maxCrew = 0
			minCrew = 0
			targetBody = @/targetBody
		}
		PARAMETER
		{
			name = PartValidation3
			type = PartValidation
			part = SCANsat_Scanner
			maxCount = 1
			targetBody = @/targetBody
		}
		PARAMETER
		{
			name = PartValidation4
			type = PartValidation
			part = SCANsat_Scanner24
			maxCount = 1
			targetBody = @/targetBody
		}
	}
	PARAMETER
	{
		name = OrbitSet
		type = VesselParameterGroup
		vessel = Galileo II
		title = Achieve an orbit with the following parameters
		optional = True
		completedMessage = Great work now just knock out the reactor core and we can all get out of here!
		rewardScience = 3
		rewardReputation = 3
		rewardFunds = 3000
		targetBody = @/targetBody
		PARAMETER
		{
			name = Orbit
			type = Orbit
			targetBody = Vall
			minApA = 454621
			maxApA = 458735
			minPeA = 454609
			maxPeA = 458704
			maxEccentricity = 0.0022
			minInclination = 83.3
			maxInclination = 83.7
			disableOnStateChange = false
		}
	}
	PARAMETER
	{
		name = Galileo3
		type = VesselParameterGroup
		define = Galileo III
		targetBody = @/targetBody
		PARAMETER
		{
			name = ReachState
			type = ReachState
			targetBody = Tylo
			situation = ORBITING
		}
		PARAMETER
		{
			name = HasCrew3
			type = HasCrew
			maxCrew = 0
			minCrew = 0
			targetBody = @/targetBody
		}
		PARAMETER
		{
			name = PartValidation5
			type = PartValidation
			part = SCANsat_Scanner
			maxCount = 1
			targetBody = @/targetBody
		}
		PARAMETER
		{
			name = PartValidation6
			type = PartValidation
			part = SCANsat_Scanner24
			maxCount = 1
			targetBody = @/targetBody
		}
	}
	PARAMETER
	{
		name = OrbitSet
		type = VesselParameterGroup
		vessel = Galileo III
		title = Achieve an orbit with the following parameters
		optional = True
		completedMessage = A fine job, there might be a shield generator somewhere that can be blown up?
		rewardScience = 3
		rewardReputation = 3
		rewardFunds = 3000
		targetBody = @/targetBody
		PARAMETER
		{
			name = Orbit
			type = Orbit
			targetBody = Tylo
			minApA = 492641
			maxApA = 496543
			minPeA = 492596
			maxPeA = 496536
			maxEccentricity = 0.0022
			minInclination = 84.5
			maxInclination = 84.9
			disableOnStateChange = false
		}
	}
	PARAMETER
	{
		name = Bop1
		type = All
		title = Send an additional vessel to Bop
		optional = True
		rewardScience = 4
		rewardReputation = 4
		rewardFunds = 4000
		targetBody = @/targetBody
		PARAMETER
		{
			name = Galileo4
			type = VesselParameterGroup
			define = Galileo IV
			targetBody = @/targetBody
			PARAMETER
			{
				name = ReachState
				type = ReachState
				targetBody = Bop
				situation = ORBITING
			}
			PARAMETER
			{
				name = HasCrew4
				type = HasCrew
				maxCrew = 0
				minCrew = 0
				targetBody = @/targetBody
			}
			PARAMETER
			{
				name = PartValidation7
				type = PartValidation
				part = SCANsat_Scanner
				maxCount = 1
				targetBody = @/targetBody
			}
			PARAMETER
			{
				name = PartValidation8
				type = PartValidation
				part = SCANsat_Scanner24
				maxCount = 1
				targetBody = @/targetBody
			}
		}
		PARAMETER
		{
			name = OrbitSet
			type = VesselParameterGroup
			vessel = Galileo IV
			title = Achieve an orbit with the following parameters
			optional = True
			completedMessage = Oh, you actually sent a ship? *mumbles* Yeah sure, we're ready to receive scan data, honest!
			rewardScience = 3.5
			rewardReputation = 3.5
			rewardFunds = 3500
			targetBody = @/targetBody
			PARAMETER
			{
				name = Orbit
				type = Orbit
				targetBody = Bop
				minApA = 247469
				maxApA = 251358
				minPeA = 247403
				maxPeA = 251340
				maxEccentricity = 0.002
				minInclination = 76.3
				maxInclination = 76.5
				disableOnStateChange = false
			}
		}
		PARAMETER
		{
			name = SCANsatCoverage4
			type = SCANsatCoverage
			targetBody = Bop
			coverage = 50.0
			scanType = AltimetryLoRes
			disableOnStateChange = false
		}
		PARAMETER
		{
			name = SCANsatCoverage4a
			type = SCANsatCoverage
			targetBody = Bop
			coverage = 50.0
			scanType = Biome
			disableOnStateChange = false
		}
	}
	PARAMETER
	{
		name = Pol1
		type = All
		title = Send another vessel to Pol
		optional = True
		rewardScience = 4
		rewardReputation = 4
		rewardFunds = 4000
		targetBody = @/targetBody
		PARAMETER
		{
			name = Galileo5
			type = VesselParameterGroup
			define = Galileo V
			targetBody = @/targetBody
			PARAMETER
			{
				name = ReachState
				type = ReachState
				targetBody = Pol
				situation = ORBITING
			}
			PARAMETER
			{
				name = HasCrew5
				type = HasCrew
				maxCrew = 0
				minCrew = 0
				targetBody = @/targetBody
			}
			PARAMETER
			{
				name = PartValidation9
				type = PartValidation
				part = SCANsat_Scanner
				maxCount = 1
				targetBody = @/targetBody
			}
			PARAMETER
			{
				name = PartValidation10
				type = PartValidation
				part = SCANsat_Scanner24
				maxCount = 1
				targetBody = @/targetBody
			}
		}
		PARAMETER
		{
			name = OrbitSet
			type = VesselParameterGroup
			vessel = Galileo V
			title = Achieve an orbit with the following parameters
			optional = True
			completedMessage = Oh, hi... we weren't really expecting to hear from you. You might as well start the scan then!
			rewardScience = 3.5
			rewardReputation = 3.5
			rewardFunds = 3500
			targetBody = @/targetBody
			PARAMETER
			{
				name = Orbit
				type = Orbit
				targetBody = Pol
				minApA = 335810
				maxApA = 339847
				minPeA = 335759
				maxPeA = 339758
				maxEccentricity = 0.002
				minInclination = 74.4
				maxInclination = 74.8
				disableOnStateChange = false
			}
		}
		PARAMETER
		{
			name = SCANsatCoverage5
			type = SCANsatCoverage
			targetBody = Pol
			coverage = 50.0
			scanType = AltimetryLoRes
			disableOnStateChange = false
		}
		PARAMETER
		{
			name = SCANsatCoverage5a
			type = SCANsatCoverage
			targetBody = Pol
			coverage = 50.0
			scanType = Biome
			disableOnStateChange = false
		}
	}
	REQUIREMENT
	{
		name = All1
		type = All
		targetBody = @/targetBody
		REQUIREMENT
		{
			name = SCANsatCoverage6
			type = SCANsatCoverage
			targetBody = Mun
			maxCoverage = 100.0
			minCoverage = 90.0
			scanType = Biome
		}
		REQUIREMENT
		{
			name = SCANsatCoverage7
			type = SCANsatCoverage
			targetBody = Minmus
			maxCoverage = 100.0
			minCoverage = 90.0
			scanType = Biome
		}
		REQUIREMENT
		{
			name = SCANsatCoverage8
			type = SCANsatCoverage
			targetBody = Laythe
			maxCoverage = 49.9
			minCoverage = 0.0
			scanType = AltimetryLoRes
		}
	}
}

Data Nodes:
ScanJovianMoons
    CCCP-SCANsat:name = CCCP-SCANsat, deterministic = True
    CCCP-SCANsat:displayName = CCCP-SCANsat, deterministic = True
    CCCP-SCANsat:minVersion = 1.9.0, deterministic = True
    CCCP-SCANsat:maxCompletions = 0, deterministic = True
    CCCP-SCANsat:maxSimultaneous = 7, deterministic = True
    CCCP-SCANsat:disabledContractType = [], deterministic = True
    name = ScanJovianMoons, deterministic = True
    trace = False, deterministic = True
    title = Jovian Altimetry and Biome Scans, deterministic = True
    tag = , deterministic = True
    description = We're 17% certain that Jool is a gas giant and as such we're not going to be able to get any Altimetry or Biome data from it. Despite that, however, Jool is blessed with 5 moons which all appear fairly solid. Send a small fleet there to discover the secrets of Jovian space.

Tip 1: You don't NEED to scan Bop and Pol to complete this mission, but there are extra rewards if you do choose to take 2 extra ships to get that data! 
Tip 2: If choosing to take on the optional parts of the mission, complete them first! As soon as your main objectives are completed, the mission will end!

A good idea might be to take one Mothership to Jool and dispatch the 3 (or 5) probes from there., deterministic = True
    topic = , deterministic = True
    subject = , deterministic = True
    motivation = , deterministic = True
    notes = null, deterministic = True
    synopsis = Send 3 unkerbaled vessels into the vicinity of Jool and dispatch one to each of the moons Laythe, Vall & Tylo. Perform surface scans with both the SCAN Radar Altimetry Sensor and the SCAN Multispectral Sensor. 

The good folks in the Rebel Alliance have calculated some ideal orbits for our scans but feel free to ignore them, its not like anyone died to get them., deterministic = True
    completedMessage = The probes have completed a great deal of their work and our people will be analysing this data for at least 8 minutes. Congratulate your team, great work., deterministic = True
    agent = Contracts.Agents.Agent, deterministic = True
    minExpiry = 1, deterministic = True
    maxExpiry = 7, deterministic = True
    deadline = 0, deterministic = True
    cancellable = True, deterministic = True
    declinable = True, deterministic = True
    autoAccept = False, deterministic = True
    prestige = [ Significant ], deterministic = True
    targetBody = Jool (CelestialBody), deterministic = True
    maxCompletions = 1, deterministic = True
    maxSimultaneous = 1, deterministic = True
    rewardFunds = 60000, deterministic = True
    rewardReputation = 20, deterministic = True
    rewardScience = 14, deterministic = True
    failureFunds = 0, deterministic = True
    failureReputation = 0, deterministic = True
    advanceFunds = 30000, deterministic = True
    weight = 10, deterministic = True

	AllScans
	    type = All, deterministic = True
	    name = AllScans, deterministic = True
	    targetBody = Jool (CelestialBody), deterministic = True
	    rewardFunds = 0, deterministic = True
	    rewardReputation = 0, deterministic = True
	    rewardScience = 0, deterministic = True
	    failureFunds = 0, deterministic = True
	    failureReputation = 0, deterministic = True
	    optional = False, deterministic = True
	    disableOnStateChange = null, deterministic = True
	    completeInSequence = False, deterministic = True
	    hidden = False, deterministic = True
	    hideChildren = False, deterministic = True
	    title = null, deterministic = True
	    notes = null, deterministic = True
	    completedMessage = null, deterministic = True
	
		SCANsatCoverage1
		    type = SCANsatCoverage, deterministic = True
		    name = SCANsatCoverage1, deterministic = True
		    targetBody = Laythe (CelestialBody), deterministic = True
		    rewardFunds = 0, deterministic = True
		    rewardReputation = 0, deterministic = True
		    rewardScience = 0, deterministic = True
		    failureFunds = 0, deterministic = True
		    failureReputation = 0, deterministic = True
		    optional = False, deterministic = True
		    disableOnStateChange = False, deterministic = True
		    completeInSequence = False, deterministic = True
		    hidden = False, deterministic = True
		    hideChildren = False, deterministic = True
		    title = null, deterministic = True
		    notes = null, deterministic = True
		    completedMessage = null, deterministic = True
		    coverage = 50, deterministic = True
		    scanType = AltimetryLoRes, deterministic = True
		
		SCANsatCoverage2
		    type = SCANsatCoverage, deterministic = True
		    name = SCANsatCoverage2, deterministic = True
		    targetBody = Vall (CelestialBody), deterministic = True
		    rewardFunds = 0, deterministic = True
		    rewardReputation = 0, deterministic = True
		    rewardScience = 0, deterministic = True
		    failureFunds = 0, deterministic = True
		    failureReputation = 0, deterministic = True
		    optional = False, deterministic = True
		    disableOnStateChange = False, deterministic = True
		    completeInSequence = False, deterministic = True
		    hidden = False, deterministic = True
		    hideChildren = False, deterministic = True
		    title = null, deterministic = True
		    notes = null, deterministic = True
		    completedMessage = null, deterministic = True
		    coverage = 50, deterministic = True
		    scanType = AltimetryLoRes, deterministic = True
		
		SCANsatCoverage3
		    type = SCANsatCoverage, deterministic = True
		    name = SCANsatCoverage3, deterministic = True
		    targetBody = Tylo (CelestialBody), deterministic = True
		    rewardFunds = 0, deterministic = True
		    rewardReputation = 0, deterministic = True
		    rewardScience = 0, deterministic = True
		    failureFunds = 0, deterministic = True
		    failureReputation = 0, deterministic = True
		    optional = False, deterministic = True
		    disableOnStateChange = False, deterministic = True
		    completeInSequence = False, deterministic = True
		    hidden = False, deterministic = True
		    hideChildren = False, deterministic = True
		    title = null, deterministic = True
		    notes = null, deterministic = True
		    completedMessage = null, deterministic = True
		    coverage = 50, deterministic = True
		    scanType = AltimetryLoRes, deterministic = True
		
		SCANsatCoverage1a
		    type = SCANsatCoverage, deterministic = True
		    name = SCANsatCoverage1a, deterministic = True
		    targetBody = Laythe (CelestialBody), deterministic = True
		    rewardFunds = 0, deterministic = True
		    rewardReputation = 0, deterministic = True
		    rewardScience = 0, deterministic = True
		    failureFunds = 0, deterministic = True
		    failureReputation = 0, deterministic = True
		    optional = False, deterministic = True
		    disableOnStateChange = False, deterministic = True
		    completeInSequence = False, deterministic = True
		    hidden = False, deterministic = True
		    hideChildren = False, deterministic = True
		    title = null, deterministic = True
		    notes = null, deterministic = True
		    completedMessage = null, deterministic = True
		    coverage = 50, deterministic = True
		    scanType = Biome, deterministic = True
		
		SCANsatCoverage2a
		    type = SCANsatCoverage, deterministic = True
		    name = SCANsatCoverage2a, deterministic = True
		    targetBody = Vall (CelestialBody), deterministic = True
		    rewardFunds = 0, deterministic = True
		    rewardReputation = 0, deterministic = True
		    rewardScience = 0, deterministic = True
		    failureFunds = 0, deterministic = True
		    failureReputation = 0, deterministic = True
		    optional = False, deterministic = True
		    disableOnStateChange = False, deterministic = True
		    completeInSequence = False, deterministic = True
		    hidden = False, deterministic = True
		    hideChildren = False, deterministic = True
		    title = null, deterministic = True
		    notes = null, deterministic = True
		    completedMessage = null, deterministic = True
		    coverage = 50, deterministic = True
		    scanType = Biome, deterministic = True
		
		SCANsatCoverage3a
		    type = SCANsatCoverage, deterministic = True
		    name = SCANsatCoverage3a, deterministic = True
		    targetBody = Tylo (CelestialBody), deterministic = True
		    rewardFunds = 0, deterministic = True
		    rewardReputation = 0, deterministic = True
		    rewardScience = 0, deterministic = True
		    failureFunds = 0, deterministic = True
		    failureReputation = 0, deterministic = True
		    optional = False, deterministic = True
		    disableOnStateChange = False, deterministic = True
		    completeInSequence = False, deterministic = True
		    hidden = False, deterministic = True
		    hideChildren = False, deterministic = True
		    title = null, deterministic = True
		    notes = null, deterministic = True
		    completedMessage = null, deterministic = True
		    coverage = 50, deterministic = True
		    scanType = Biome, deterministic = True
		
	Galileo1
	    type = VesselParameterGroup, deterministic = True
	    name = Galileo1, deterministic = True
	    targetBody = Jool (CelestialBody), deterministic = True
	    rewardFunds = 0, deterministic = True
	    rewardReputation = 0, deterministic = True
	    rewardScience = 0, deterministic = True
	    failureFunds = 0, deterministic = True
	    failureReputation = 0, deterministic = True
	    optional = False, deterministic = True
	    disableOnStateChange = null, deterministic = True
	    completeInSequence = False, deterministic = True
	    hidden = False, deterministic = True
	    hideChildren = False, deterministic = True
	    title = null, deterministic = True
	    notes = null, deterministic = True
	    completedMessage = null, deterministic = True
	    duration = 00:00:00, deterministic = True
	    define = Galileo I, deterministic = True
	    defineList = null, deterministic = True
	    vessel = [], deterministic = True
	    dissassociateVesselsOnContractFailure = True, deterministic = True
	    dissassociateVesselsOnContractCompletion = False, deterministic = True
	    hideVesselName = False, deterministic = True
	
		ReachState
		    type = ReachState, deterministic = True
		    name = ReachState, deterministic = True
		    rewardFunds = 0, deterministic = True
		    rewardReputation = 0, deterministic = True
		    rewardScience = 0, deterministic = True
		    failureFunds = 0, deterministic = True
		    failureReputation = 0, deterministic = True
		    optional = False, deterministic = True
		    disableOnStateChange = null, deterministic = True
		    completeInSequence = False, deterministic = True
		    hidden = False, deterministic = True
		    hideChildren = False, deterministic = True
		    title = null, deterministic = True
		    notes = null, deterministic = True
		    completedMessage = null, deterministic = True
		    failWhenUnmet = False, deterministic = True
		    biome = null, deterministic = True
		    situation = [ ORBITING ], deterministic = True
		    minAltitude = -3.402823E+38, deterministic = True
		    maxAltitude = 3.402823E+38, deterministic = True
		    minTerrainAltitude = 0, deterministic = True
		    maxTerrainAltitude = 3.402823E+38, deterministic = True
		    minSpeed = 0, deterministic = True
		    maxSpeed = 1.79769313486232E+308, deterministic = True
		    minRateOfClimb = -1.79769313486232E+308, deterministic = True
		    maxRateOfClimb = 1.79769313486232E+308, deterministic = True
		    minAcceleration = 0, deterministic = True
		    maxAcceleration = 3.402823E+38, deterministic = True
		    targetBody = [ Laythe (CelestialBody) ], deterministic = True
		
		HasCrew1
		    type = HasCrew, deterministic = True
		    name = HasCrew1, deterministic = True
		    targetBody = Jool (CelestialBody), deterministic = True
		    rewardFunds = 0, deterministic = True
		    rewardReputation = 0, deterministic = True
		    rewardScience = 0, deterministic = True
		    failureFunds = 0, deterministic = True
		    failureReputation = 0, deterministic = True
		    optional = False, deterministic = True
		    disableOnStateChange = null, deterministic = True
		    completeInSequence = False, deterministic = True
		    hidden = False, deterministic = True
		    hideChildren = False, deterministic = True
		    title = null, deterministic = True
		    notes = null, deterministic = True
		    completedMessage = null, deterministic = True
		    trait = null, deterministic = True
		    minExperience = 0, deterministic = True
		    maxExperience = 5, deterministic = True
		    minCrew = 0, deterministic = True
		    maxCrew = 0, deterministic = True
		    kerbal = [], deterministic = True
		    excludeKerbal = [], deterministic = True
		
		PartValidation
		    type = PartValidation, deterministic = True
		    name = PartValidation, deterministic = True
		    targetBody = Jool (CelestialBody), deterministic = True
		    rewardFunds = 0, deterministic = True
		    rewardReputation = 0, deterministic = True
		    rewardScience = 0, deterministic = True
		    failureFunds = 0, deterministic = True
		    failureReputation = 0, deterministic = True
		    optional = False, deterministic = True
		    disableOnStateChange = null, deterministic = True
		    completeInSequence = False, deterministic = True
		    hidden = False, deterministic = True
		    hideChildren = False, deterministic = True
		    title = null, deterministic = True
		    notes = null, deterministic = True
		    completedMessage = null, deterministic = True
		    minCount = 1, deterministic = True
		    maxCount = 1, deterministic = True
		    part = [ SCANsat.Scanner ], deterministic = False
		    partModule = [], deterministic = True
		    partModuleType = [], deterministic = True
		    category = null, deterministic = True
		    manufacturer = null, deterministic = True
		
		PartValidation2
		    type = PartValidation, deterministic = True
		    name = PartValidation2, deterministic = True
		    targetBody = Jool (CelestialBody), deterministic = True
		    rewardFunds = 0, deterministic = True
		    rewardReputation = 0, deterministic = True
		    rewardScience = 0, deterministic = True
		    failureFunds = 0, deterministic = True
		    failureReputation = 0, deterministic = True
		    optional = False, deterministic = True
		    disableOnStateChange = null, deterministic = True
		    completeInSequence = False, deterministic = True
		    hidden = False, deterministic = True
		    hideChildren = False, deterministic = True
		    title = null, deterministic = True
		    notes = null, deterministic = True
		    completedMessage = null, deterministic = True
		    minCount = 1, deterministic = True
		    maxCount = 1, deterministic = True
		    part = [ SCANsat.Scanner24 ], deterministic = False
		    partModule = [], deterministic = True
		    partModuleType = [], deterministic = True
		    category = null, deterministic = True
		    manufacturer = null, deterministic = True
		
	OrbitSet
	    type = VesselParameterGroup, deterministic = True
	    name = OrbitSet, deterministic = True
	    targetBody = Jool (CelestialBody), deterministic = True
	    rewardFunds = 3000, deterministic = True
	    rewardReputation = 3, deterministic = True
	    rewardScience = 3, deterministic = True
	    failureFunds = 0, deterministic = True
	    failureReputation = 0, deterministic = True
	    optional = True, deterministic = True
	    disableOnStateChange = null, deterministic = True
	    completeInSequence = False, deterministic = True
	    hidden = False, deterministic = True
	    hideChildren = False, deterministic = True
	    title = Achieve an orbit with the following parameters, deterministic = True
	    notes = null, deterministic = True
	    completedMessage = That's no moon! Scanning should begin immediately., deterministic = True
	    duration = 00:00:00, deterministic = True
	    define = null, deterministic = True
	    defineList = null, deterministic = True
	    vessel = [ Galileo I ], deterministic = True
	    dissassociateVesselsOnContractFailure = True, deterministic = True
	    dissassociateVesselsOnContractCompletion = False, deterministic = True
	    hideVesselName = False, deterministic = True
	
		Orbit
		    type = Orbit, deterministic = True
		    name = Orbit, deterministic = True
		    targetBody = Laythe (CelestialBody), deterministic = True
		    rewardFunds = 0, deterministic = True
		    rewardReputation = 0, deterministic = True
		    rewardScience = 0, deterministic = True
		    failureFunds = 0, deterministic = True
		    failureReputation = 0, deterministic = True
		    optional = False, deterministic = True
		    disableOnStateChange = False, deterministic = True
		    completeInSequence = False, deterministic = True
		    hidden = False, deterministic = True
		    hideChildren = False, deterministic = True
		    title = null, deterministic = True
		    notes = null, deterministic = True
		    completedMessage = null, deterministic = True
		    situation = ORBITING, deterministic = True
		    minAltitude = 0, deterministic = True
		    maxAltitude = 1.79769313486232E+308, deterministic = True
		    minApA = 411625, deterministic = True
		    maxApA = 414547, deterministic = True
		    minPeA = 411502, deterministic = True
		    maxPeA = 414436, deterministic = True
		    minEccentricity = 0, deterministic = True
		    maxEccentricity = 0.0022, deterministic = True
		    minInclination = 87.3, deterministic = True
		    maxInclination = 87.7, deterministic = True
		    minPeriod = 00:00:00, deterministic = True
		    maxPeriod = -2147483648 years, -2147483648 days, -2147483648:-2147483648:-2147483648, deterministic = True
		
	Galileo2
	    type = VesselParameterGroup, deterministic = True
	    name = Galileo2, deterministic = True
	    targetBody = Jool (CelestialBody), deterministic = True
	    rewardFunds = 0, deterministic = True
	    rewardReputation = 0, deterministic = True
	    rewardScience = 0, deterministic = True
	    failureFunds = 0, deterministic = True
	    failureReputation = 0, deterministic = True
	    optional = False, deterministic = True
	    disableOnStateChange = null, deterministic = True
	    completeInSequence = False, deterministic = True
	    hidden = False, deterministic = True
	    hideChildren = False, deterministic = True
	    title = null, deterministic = True
	    notes = null, deterministic = True
	    completedMessage = null, deterministic = True
	    duration = 00:00:00, deterministic = True
	    define = Galileo II, deterministic = True
	    defineList = null, deterministic = True
	    vessel = [], deterministic = True
	    dissassociateVesselsOnContractFailure = True, deterministic = True
	    dissassociateVesselsOnContractCompletion = False, deterministic = True
	    hideVesselName = False, deterministic = True
	
		ReachState
		    type = ReachState, deterministic = True
		    name = ReachState, deterministic = True
		    rewardFunds = 0, deterministic = True
		    rewardReputation = 0, deterministic = True
		    rewardScience = 0, deterministic = True
		    failureFunds = 0, deterministic = True
		    failureReputation = 0, deterministic = True
		    optional = False, deterministic = True
		    disableOnStateChange = null, deterministic = True
		    completeInSequence = False, deterministic = True
		    hidden = False, deterministic = True
		    hideChildren = False, deterministic = True
		    title = null, deterministic = True
		    notes = null, deterministic = True
		    completedMessage = null, deterministic = True
		    failWhenUnmet = False, deterministic = True
		    biome = null, deterministic = True
		    situation = [ ORBITING ], deterministic = True
		    minAltitude = -3.402823E+38, deterministic = True
		    maxAltitude = 3.402823E+38, deterministic = True
		    minTerrainAltitude = 0, deterministic = True
		    maxTerrainAltitude = 3.402823E+38, deterministic = True
		    minSpeed = 0, deterministic = True
		    maxSpeed = 1.79769313486232E+308, deterministic = True
		    minRateOfClimb = -1.79769313486232E+308, deterministic = True
		    maxRateOfClimb = 1.79769313486232E+308, deterministic = True
		    minAcceleration = 0, deterministic = True
		    maxAcceleration = 3.402823E+38, deterministic = True
		    targetBody = [ Vall (CelestialBody) ], deterministic = True
		
		HasCrew2
		    type = HasCrew, deterministic = True
		    name = HasCrew2, deterministic = True
		    targetBody = Jool (CelestialBody), deterministic = True
		    rewardFunds = 0, deterministic = True
		    rewardReputation = 0, deterministic = True
		    rewardScience = 0, deterministic = True
		    failureFunds = 0, deterministic = True
		    failureReputation = 0, deterministic = True
		    optional = False, deterministic = True
		    disableOnStateChange = null, deterministic = True
		    completeInSequence = False, deterministic = True
		    hidden = False, deterministic = True
		    hideChildren = False, deterministic = True
		    title = null, deterministic = True
		    notes = null, deterministic = True
		    completedMessage = null, deterministic = True
		    trait = null, deterministic = True
		    minExperience = 0, deterministic = True
		    maxExperience = 5, deterministic = True
		    minCrew = 0, deterministic = True
		    maxCrew = 0, deterministic = True
		    kerbal = [], deterministic = True
		    excludeKerbal = [], deterministic = True
		
		PartValidation3
		    type = PartValidation, deterministic = True
		    name = PartValidation3, deterministic = True
		    targetBody = Jool (CelestialBody), deterministic = True
		    rewardFunds = 0, deterministic = True
		    rewardReputation = 0, deterministic = True
		    rewardScience = 0, deterministic = True
		    failureFunds = 0, deterministic = True
		    failureReputation = 0, deterministic = True
		    optional = False, deterministic = True
		    disableOnStateChange = null, deterministic = True
		    completeInSequence = False, deterministic = True
		    hidden = False, deterministic = True
		    hideChildren = False, deterministic = True
		    title = null, deterministic = True
		    notes = null, deterministic = True
		    completedMessage = null, deterministic = True
		    minCount = 1, deterministic = True
		    maxCount = 1, deterministic = True
		    part = [ SCANsat.Scanner ], deterministic = False
		    partModule = [], deterministic = True
		    partModuleType = [], deterministic = True
		    category = null, deterministic = True
		    manufacturer = null, deterministic = True
		
		PartValidation4
		    type = PartValidation, deterministic = True
		    name = PartValidation4, deterministic = True
		    targetBody = Jool (CelestialBody), deterministic = True
		    rewardFunds = 0, deterministic = True
		    rewardReputation = 0, deterministic = True
		    rewardScience = 0, deterministic = True
		    failureFunds = 0, deterministic = True
		    failureReputation = 0, deterministic = True
		    optional = False, deterministic = True
		    disableOnStateChange = null, deterministic = True
		    completeInSequence = False, deterministic = True
		    hidden = False, deterministic = True
		    hideChildren = False, deterministic = True
		    title = null, deterministic = True
		    notes = null, deterministic = True
		    completedMessage = null, deterministic = True
		    minCount = 1, deterministic = True
		    maxCount = 1, deterministic = True
		    part = [ SCANsat.Scanner24 ], deterministic = False
		    partModule = [], deterministic = True
		    partModuleType = [], deterministic = True
		    category = null, deterministic = True
		    manufacturer = null, deterministic = True
		
	OrbitSet_1
	    type = VesselParameterGroup, deterministic = True
	    name = OrbitSet, deterministic = True
	    targetBody = Jool (CelestialBody), deterministic = True
	    rewardFunds = 3000, deterministic = True
	    rewardReputation = 3, deterministic = True
	    rewardScience = 3, deterministic = True
	    failureFunds = 0, deterministic = True
	    failureReputation = 0, deterministic = True
	    optional = True, deterministic = True
	    disableOnStateChange = null, deterministic = True
	    completeInSequence = False, deterministic = True
	    hidden = False, deterministic = True
	    hideChildren = False, deterministic = True
	    title = Achieve an orbit with the following parameters, deterministic = True
	    notes = null, deterministic = True
	    completedMessage = Great work now just knock out the reactor core and we can all get out of here!, deterministic = True
	    duration = 00:00:00, deterministic = True
	    define = null, deterministic = True
	    defineList = null, deterministic = True
	    vessel = [ Galileo II ], deterministic = True
	    dissassociateVesselsOnContractFailure = True, deterministic = True
	    dissassociateVesselsOnContractCompletion = False, deterministic = True
	    hideVesselName = False, deterministic = True
	
		Orbit
		    type = Orbit, deterministic = True
		    name = Orbit, deterministic = True
		    targetBody = Vall (CelestialBody), deterministic = True
		    rewardFunds = 0, deterministic = True
		    rewardReputation = 0, deterministic = True
		    rewardScience = 0, deterministic = True
		    failureFunds = 0, deterministic = True
		    failureReputation = 0, deterministic = True
		    optional = False, deterministic = True
		    disableOnStateChange = False, deterministic = True
		    completeInSequence = False, deterministic = True
		    hidden = False, deterministic = True
		    hideChildren = False, deterministic = True
		    title = null, deterministic = True
		    notes = null, deterministic = True
		    completedMessage = null, deterministic = True
		    situation = ORBITING, deterministic = True
		    minAltitude = 0, deterministic = True
		    maxAltitude = 1.79769313486232E+308, deterministic = True
		    minApA = 454621, deterministic = True
		    maxApA = 458735, deterministic = True
		    minPeA = 454609, deterministic = True
		    maxPeA = 458704, deterministic = True
		    minEccentricity = 0, deterministic = True
		    maxEccentricity = 0.0022, deterministic = True
		    minInclination = 83.3, deterministic = True
		    maxInclination = 83.7, deterministic = True
		    minPeriod = 00:00:00, deterministic = True
		    maxPeriod = -2147483648 years, -2147483648 days, -2147483648:-2147483648:-2147483648, deterministic = True
		
	Galileo3
	    type = VesselParameterGroup, deterministic = True
	    name = Galileo3, deterministic = True
	    targetBody = Jool (CelestialBody), deterministic = True
	    rewardFunds = 0, deterministic = True
	    rewardReputation = 0, deterministic = True
	    rewardScience = 0, deterministic = True
	    failureFunds = 0, deterministic = True
	    failureReputation = 0, deterministic = True
	    optional = False, deterministic = True
	    disableOnStateChange = null, deterministic = True
	    completeInSequence = False, deterministic = True
	    hidden = False, deterministic = True
	    hideChildren = False, deterministic = True
	    title = null, deterministic = True
	    notes = null, deterministic = True
	    completedMessage = null, deterministic = True
	    duration = 00:00:00, deterministic = True
	    define = Galileo III, deterministic = True
	    defineList = null, deterministic = True
	    vessel = [], deterministic = True
	    dissassociateVesselsOnContractFailure = True, deterministic = True
	    dissassociateVesselsOnContractCompletion = False, deterministic = True
	    hideVesselName = False, deterministic = True
	
		ReachState
		    type = ReachState, deterministic = True
		    name = ReachState, deterministic = True
		    rewardFunds = 0, deterministic = True
		    rewardReputation = 0, deterministic = True
		    rewardScience = 0, deterministic = True
		    failureFunds = 0, deterministic = True
		    failureReputation = 0, deterministic = True
		    optional = False, deterministic = True
		    disableOnStateChange = null, deterministic = True
		    completeInSequence = False, deterministic = True
		    hidden = False, deterministic = True
		    hideChildren = False, deterministic = True
		    title = null, deterministic = True
		    notes = null, deterministic = True
		    completedMessage = null, deterministic = True
		    failWhenUnmet = False, deterministic = True
		    biome = null, deterministic = True
		    situation = [ ORBITING ], deterministic = True
		    minAltitude = -3.402823E+38, deterministic = True
		    maxAltitude = 3.402823E+38, deterministic = True
		    minTerrainAltitude = 0, deterministic = True
		    maxTerrainAltitude = 3.402823E+38, deterministic = True
		    minSpeed = 0, deterministic = True
		    maxSpeed = 1.79769313486232E+308, deterministic = True
		    minRateOfClimb = -1.79769313486232E+308, deterministic = True
		    maxRateOfClimb = 1.79769313486232E+308, deterministic = True
		    minAcceleration = 0, deterministic = True
		    maxAcceleration = 3.402823E+38, deterministic = True
		    targetBody = [ Tylo (CelestialBody) ], deterministic = True
		
		HasCrew3
		    type = HasCrew, deterministic = True
		    name = HasCrew3, deterministic = True
		    targetBody = Jool (CelestialBody), deterministic = True
		    rewardFunds = 0, deterministic = True
		    rewardReputation = 0, deterministic = True
		    rewardScience = 0, deterministic = True
		    failureFunds = 0, deterministic = True
		    failureReputation = 0, deterministic = True
		    optional = False, deterministic = True
		    disableOnStateChange = null, deterministic = True
		    completeInSequence = False, deterministic = True
		    hidden = False, deterministic = True
		    hideChildren = False, deterministic = True
		    title = null, deterministic = True
		    notes = null, deterministic = True
		    completedMessage = null, deterministic = True
		    trait = null, deterministic = True
		    minExperience = 0, deterministic = True
		    maxExperience = 5, deterministic = True
		    minCrew = 0, deterministic = True
		    maxCrew = 0, deterministic = True
		    kerbal = [], deterministic = True
		    excludeKerbal = [], deterministic = True
		
		PartValidation5
		    type = PartValidation, deterministic = True
		    name = PartValidation5, deterministic = True
		    targetBody = Jool (CelestialBody), deterministic = True
		    rewardFunds = 0, deterministic = True
		    rewardReputation = 0, deterministic = True
		    rewardScience = 0, deterministic = True
		    failureFunds = 0, deterministic = True
		    failureReputation = 0, deterministic = True
		    optional = False, deterministic = True
		    disableOnStateChange = null, deterministic = True
		    completeInSequence = False, deterministic = True
		    hidden = False, deterministic = True
		    hideChildren = False, deterministic = True
		    title = null, deterministic = True
		    notes = null, deterministic = True
		    completedMessage = null, deterministic = True
		    minCount = 1, deterministic = True
		    maxCount = 1, deterministic = True
		    part = [ SCANsat.Scanner ], deterministic = False
		    partModule = [], deterministic = True
		    partModuleType = [], deterministic = True
		    category = null, deterministic = True
		    manufacturer = null, deterministic = True
		
		PartValidation6
		    type = PartValidation, deterministic = True
		    name = PartValidation6, deterministic = True
		    targetBody = Jool (CelestialBody), deterministic = True
		    rewardFunds = 0, deterministic = True
		    rewardReputation = 0, deterministic = True
		    rewardScience = 0, deterministic = True
		    failureFunds = 0, deterministic = True
		    failureReputation = 0, deterministic = True
		    optional = False, deterministic = True
		    disableOnStateChange = null, deterministic = True
		    completeInSequence = False, deterministic = True
		    hidden = False, deterministic = True
		    hideChildren = False, deterministic = True
		    title = null, deterministic = True
		    notes = null, deterministic = True
		    completedMessage = null, deterministic = True
		    minCount = 1, deterministic = True
		    maxCount = 1, deterministic = True
		    part = [ SCANsat.Scanner24 ], deterministic = False
		    partModule = [], deterministic = True
		    partModuleType = [], deterministic = True
		    category = null, deterministic = True
		    manufacturer = null, deterministic = True
		
	OrbitSet_2
	    type = VesselParameterGroup, deterministic = True
	    name = OrbitSet, deterministic = True
	    targetBody = Jool (CelestialBody), deterministic = True
	    rewardFunds = 3000, deterministic = True
	    rewardReputation = 3, deterministic = True
	    rewardScience = 3, deterministic = True
	    failureFunds = 0, deterministic = True
	    failureReputation = 0, deterministic = True
	    optional = True, deterministic = True
	    disableOnStateChange = null, deterministic = True
	    completeInSequence = False, deterministic = True
	    hidden = False, deterministic = True
	    hideChildren = False, deterministic = True
	    title = Achieve an orbit with the following parameters, deterministic = True
	    notes = null, deterministic = True
	    completedMessage = A fine job, there might be a shield generator somewhere that can be blown up?, deterministic = True
	    duration = 00:00:00, deterministic = True
	    define = null, deterministic = True
	    defineList = null, deterministic = True
	    vessel = [ Galileo III ], deterministic = True
	    dissassociateVesselsOnContractFailure = True, deterministic = True
	    dissassociateVesselsOnContractCompletion = False, deterministic = True
	    hideVesselName = False, deterministic = True
	
		Orbit
		    type = Orbit, deterministic = True
		    name = Orbit, deterministic = True
		    targetBody = Tylo (CelestialBody), deterministic = True
		    rewardFunds = 0, deterministic = True
		    rewardReputation = 0, deterministic = True
		    rewardScience = 0, deterministic = True
		    failureFunds = 0, deterministic = True
		    failureReputation = 0, deterministic = True
		    optional = False, deterministic = True
		    disableOnStateChange = False, deterministic = True
		    completeInSequence = False, deterministic = True
		    hidden = False, deterministic = True
		    hideChildren = False, deterministic = True
		    title = null, deterministic = True
		    notes = null, deterministic = True
		    completedMessage = null, deterministic = True
		    situation = ORBITING, deterministic = True
		    minAltitude = 0, deterministic = True
		    maxAltitude = 1.79769313486232E+308, deterministic = True
		    minApA = 492641, deterministic = True
		    maxApA = 496543, deterministic = True
		    minPeA = 492596, deterministic = True
		    maxPeA = 496536, deterministic = True
		    minEccentricity = 0, deterministic = True
		    maxEccentricity = 0.0022, deterministic = True
		    minInclination = 84.5, deterministic = True
		    maxInclination = 84.9, deterministic = True
		    minPeriod = 00:00:00, deterministic = True
		    maxPeriod = -2147483648 years, -2147483648 days, -2147483648:-2147483648:-2147483648, deterministic = True
		
	Bop1
	    type = All, deterministic = True
	    name = Bop1, deterministic = True
	    targetBody = Jool (CelestialBody), deterministic = True
	    rewardFunds = 4000, deterministic = True
	    rewardReputation = 4, deterministic = True
	    rewardScience = 4, deterministic = True
	    failureFunds = 0, deterministic = True
	    failureReputation = 0, deterministic = True
	    optional = True, deterministic = True
	    disableOnStateChange = null, deterministic = True
	    completeInSequence = False, deterministic = True
	    hidden = False, deterministic = True
	    hideChildren = False, deterministic = True
	    title = Send an additional vessel to Bop, deterministic = True
	    notes = null, deterministic = True
	    completedMessage = null, deterministic = True
	
		Galileo4
		    type = VesselParameterGroup, deterministic = True
		    name = Galileo4, deterministic = True
		    targetBody = Jool (CelestialBody), deterministic = True
		    rewardFunds = 0, deterministic = True
		    rewardReputation = 0, deterministic = True
		    rewardScience = 0, deterministic = True
		    failureFunds = 0, deterministic = True
		    failureReputation = 0, deterministic = True
		    optional = False, deterministic = True
		    disableOnStateChange = null, deterministic = True
		    completeInSequence = False, deterministic = True
		    hidden = False, deterministic = True
		    hideChildren = False, deterministic = True
		    title = null, deterministic = True
		    notes = null, deterministic = True
		    completedMessage = null, deterministic = True
		    duration = 00:00:00, deterministic = True
		    define = Galileo IV, deterministic = True
		    defineList = null, deterministic = True
		    vessel = [], deterministic = True
		    dissassociateVesselsOnContractFailure = True, deterministic = True
		    dissassociateVesselsOnContractCompletion = False, deterministic = True
		    hideVesselName = False, deterministic = True
		
			ReachState
			    type = ReachState, deterministic = True
			    name = ReachState, deterministic = True
			    rewardFunds = 0, deterministic = True
			    rewardReputation = 0, deterministic = True
			    rewardScience = 0, deterministic = True
			    failureFunds = 0, deterministic = True
			    failureReputation = 0, deterministic = True
			    optional = False, deterministic = True
			    disableOnStateChange = null, deterministic = True
			    completeInSequence = False, deterministic = True
			    hidden = False, deterministic = True
			    hideChildren = False, deterministic = True
			    title = null, deterministic = True
			    notes = null, deterministic = True
			    completedMessage = null, deterministic = True
			    failWhenUnmet = False, deterministic = True
			    biome = null, deterministic = True
			    situation = [ ORBITING ], deterministic = True
			    minAltitude = -3.402823E+38, deterministic = True
			    maxAltitude = 3.402823E+38, deterministic = True
			    minTerrainAltitude = 0, deterministic = True
			    maxTerrainAltitude = 3.402823E+38, deterministic = True
			    minSpeed = 0, deterministic = True
			    maxSpeed = 1.79769313486232E+308, deterministic = True
			    minRateOfClimb = -1.79769313486232E+308, deterministic = True
			    maxRateOfClimb = 1.79769313486232E+308, deterministic = True
			    minAcceleration = 0, deterministic = True
			    maxAcceleration = 3.402823E+38, deterministic = True
			    targetBody = [ Bop (CelestialBody) ], deterministic = True
			
			HasCrew4
			    type = HasCrew, deterministic = True
			    name = HasCrew4, deterministic = True
			    targetBody = Jool (CelestialBody), deterministic = True
			    rewardFunds = 0, deterministic = True
			    rewardReputation = 0, deterministic = True
			    rewardScience = 0, deterministic = True
			    failureFunds = 0, deterministic = True
			    failureReputation = 0, deterministic = True
			    optional = False, deterministic = True
			    disableOnStateChange = null, deterministic = True
			    completeInSequence = False, deterministic = True
			    hidden = False, deterministic = True
			    hideChildren = False, deterministic = True
			    title = null, deterministic = True
			    notes = null, deterministic = True
			    completedMessage = null, deterministic = True
			    trait = null, deterministic = True
			    minExperience = 0, deterministic = True
			    maxExperience = 5, deterministic = True
			    minCrew = 0, deterministic = True
			    maxCrew = 0, deterministic = True
			    kerbal = [], deterministic = True
			    excludeKerbal = [], deterministic = True
			
			PartValidation7
			    type = PartValidation, deterministic = True
			    name = PartValidation7, deterministic = True
			    targetBody = Jool (CelestialBody), deterministic = True
			    rewardFunds = 0, deterministic = True
			    rewardReputation = 0, deterministic = True
			    rewardScience = 0, deterministic = True
			    failureFunds = 0, deterministic = True
			    failureReputation = 0, deterministic = True
			    optional = False, deterministic = True
			    disableOnStateChange = null, deterministic = True
			    completeInSequence = False, deterministic = True
			    hidden = False, deterministic = True
			    hideChildren = False, deterministic = True
			    title = null, deterministic = True
			    notes = null, deterministic = True
			    completedMessage = null, deterministic = True
			    minCount = 1, deterministic = True
			    maxCount = 1, deterministic = True
			    part = [ SCANsat.Scanner ], deterministic = False
			    partModule = [], deterministic = True
			    partModuleType = [], deterministic = True
			    category = null, deterministic = True
			    manufacturer = null, deterministic = True
			
			PartValidation8
			    type = PartValidation, deterministic = True
			    name = PartValidation8, deterministic = True
			    targetBody = Jool (CelestialBody), deterministic = True
			    rewardFunds = 0, deterministic = True
			    rewardReputation = 0, deterministic = True
			    rewardScience = 0, deterministic = True
			    failureFunds = 0, deterministic = True
			    failureReputation = 0, deterministic = True
			    optional = False, deterministic = True
			    disableOnStateChange = null, deterministic = True
			    completeInSequence = False, deterministic = True
			    hidden = False, deterministic = True
			    hideChildren = False, deterministic = True
			    title = null, deterministic = True
			    notes = null, deterministic = True
			    completedMessage = null, deterministic = True
			    minCount = 1, deterministic = True
			    maxCount = 1, deterministic = True
			    part = [ SCANsat.Scanner24 ], deterministic = False
			    partModule = [], deterministic = True
			    partModuleType = [], deterministic = True
			    category = null, deterministic = True
			    manufacturer = null, deterministic = True
			
		OrbitSet
		    type = VesselParameterGroup, deterministic = True
		    name = OrbitSet, deterministic = True
		    targetBody = Jool (CelestialBody), deterministic = True
		    rewardFunds = 3500, deterministic = True
		    rewardReputation = 3.5, deterministic = True
		    rewardScience = 3.5, deterministic = True
		    failureFunds = 0, deterministic = True
		    failureReputation = 0, deterministic = True
		    optional = True, deterministic = True
		    disableOnStateChange = null, deterministic = True
		    completeInSequence = False, deterministic = True
		    hidden = False, deterministic = True
		    hideChildren = False, deterministic = True
		    title = Achieve an orbit with the following parameters, deterministic = True
		    notes = null, deterministic = True
		    completedMessage = Oh, you actually sent a ship? *mumbles* Yeah sure, we're ready to receive scan data, honest!, deterministic = True
		    duration = 00:00:00, deterministic = True
		    define = null, deterministic = True
		    defineList = null, deterministic = True
		    vessel = [ Galileo IV ], deterministic = True
		    dissassociateVesselsOnContractFailure = True, deterministic = True
		    dissassociateVesselsOnContractCompletion = False, deterministic = True
		    hideVesselName = False, deterministic = True
		
			Orbit
			    type = Orbit, deterministic = True
			    name = Orbit, deterministic = True
			    targetBody = Bop (CelestialBody), deterministic = True
			    rewardFunds = 0, deterministic = True
			    rewardReputation = 0, deterministic = True
			    rewardScience = 0, deterministic = True
			    failureFunds = 0, deterministic = True
			    failureReputation = 0, deterministic = True
			    optional = False, deterministic = True
			    disableOnStateChange = False, deterministic = True
			    completeInSequence = False, deterministic = True
			    hidden = False, deterministic = True
			    hideChildren = False, deterministic = True
			    title = null, deterministic = True
			    notes = null, deterministic = True
			    completedMessage = null, deterministic = True
			    situation = ORBITING, deterministic = True
			    minAltitude = 0, deterministic = True
			    maxAltitude = 1.79769313486232E+308, deterministic = True
			    minApA = 247469, deterministic = True
			    maxApA = 251358, deterministic = True
			    minPeA = 247403, deterministic = True
			    maxPeA = 251340, deterministic = True
			    minEccentricity = 0, deterministic = True
			    maxEccentricity = 0.002, deterministic = True
			    minInclination = 76.3, deterministic = True
			    maxInclination = 76.5, deterministic = True
			    minPeriod = 00:00:00, deterministic = True
			    maxPeriod = -2147483648 years, -2147483648 days, -2147483648:-2147483648:-2147483648, deterministic = True
			
		SCANsatCoverage4
		    type = SCANsatCoverage, deterministic = True
		    name = SCANsatCoverage4, deterministic = True
		    targetBody = Bop (CelestialBody), deterministic = True
		    rewardFunds = 0, deterministic = True
		    rewardReputation = 0, deterministic = True
		    rewardScience = 0, deterministic = True
		    failureFunds = 0, deterministic = True
		    failureReputation = 0, deterministic = True
		    optional = False, deterministic = True
		    disableOnStateChange = False, deterministic = True
		    completeInSequence = False, deterministic = True
		    hidden = False, deterministic = True
		    hideChildren = False, deterministic = True
		    title = null, deterministic = True
		    notes = null, deterministic = True
		    completedMessage = null, deterministic = True
		    coverage = 50, deterministic = True
		    scanType = AltimetryLoRes, deterministic = True
		
		SCANsatCoverage4a
		    type = SCANsatCoverage, deterministic = True
		    name = SCANsatCoverage4a, deterministic = True
		    targetBody = Bop (CelestialBody), deterministic = True
		    rewardFunds = 0, deterministic = True
		    rewardReputation = 0, deterministic = True
		    rewardScience = 0, deterministic = True
		    failureFunds = 0, deterministic = True
		    failureReputation = 0, deterministic = True
		    optional = False, deterministic = True
		    disableOnStateChange = False, deterministic = True
		    completeInSequence = False, deterministic = True
		    hidden = False, deterministic = True
		    hideChildren = False, deterministic = True
		    title = null, deterministic = True
		    notes = null, deterministic = True
		    completedMessage = null, deterministic = True
		    coverage = 50, deterministic = True
		    scanType = Biome, deterministic = True
		
	Pol1
	    type = All, deterministic = True
	    name = Pol1, deterministic = True
	    targetBody = Jool (CelestialBody), deterministic = True
	    rewardFunds = 4000, deterministic = True
	    rewardReputation = 4, deterministic = True
	    rewardScience = 4, deterministic = True
	    failureFunds = 0, deterministic = True
	    failureReputation = 0, deterministic = True
	    optional = True, deterministic = True
	    disableOnStateChange = null, deterministic = True
	    completeInSequence = False, deterministic = True
	    hidden = False, deterministic = True
	    hideChildren = False, deterministic = True
	    title = Send another vessel to Pol, deterministic = True
	    notes = null, deterministic = True
	    completedMessage = null, deterministic = True
	
		Galileo5
		    type = VesselParameterGroup, deterministic = True
		    name = Galileo5, deterministic = True
		    targetBody = Jool (CelestialBody), deterministic = True
		    rewardFunds = 0, deterministic = True
		    rewardReputation = 0, deterministic = True
		    rewardScience = 0, deterministic = True
		    failureFunds = 0, deterministic = True
		    failureReputation = 0, deterministic = True
		    optional = False, deterministic = True
		    disableOnStateChange = null, deterministic = True
		    completeInSequence = False, deterministic = True
		    hidden = False, deterministic = True
		    hideChildren = False, deterministic = True
		    title = null, deterministic = True
		    notes = null, deterministic = True
		    completedMessage = null, deterministic = True
		    duration = 00:00:00, deterministic = True
		    define = Galileo V, deterministic = True
		    defineList = null, deterministic = True
		    vessel = [], deterministic = True
		    dissassociateVesselsOnContractFailure = True, deterministic = True
		    dissassociateVesselsOnContractCompletion = False, deterministic = True
		    hideVesselName = False, deterministic = True
		
			ReachState
			    type = ReachState, deterministic = True
			    name = ReachState, deterministic = True
			    rewardFunds = 0, deterministic = True
			    rewardReputation = 0, deterministic = True
			    rewardScience = 0, deterministic = True
			    failureFunds = 0, deterministic = True
			    failureReputation = 0, deterministic = True
			    optional = False, deterministic = True
			    disableOnStateChange = null, deterministic = True
			    completeInSequence = False, deterministic = True
			    hidden = False, deterministic = True
			    hideChildren = False, deterministic = True
			    title = null, deterministic = True
			    notes = null, deterministic = True
			    completedMessage = null, deterministic = True
			    failWhenUnmet = False, deterministic = True
			    biome = null, deterministic = True
			    situation = [ ORBITING ], deterministic = True
			    minAltitude = -3.402823E+38, deterministic = True
			    maxAltitude = 3.402823E+38, deterministic = True
			    minTerrainAltitude = 0, deterministic = True
			    maxTerrainAltitude = 3.402823E+38, deterministic = True
			    minSpeed = 0, deterministic = True
			    maxSpeed = 1.79769313486232E+308, deterministic = True
			    minRateOfClimb = -1.79769313486232E+308, deterministic = True
			    maxRateOfClimb = 1.79769313486232E+308, deterministic = True
			    minAcceleration = 0, deterministic = True
			    maxAcceleration = 3.402823E+38, deterministic = True
			    targetBody = [ Pol (CelestialBody) ], deterministic = True
			
			HasCrew5
			    type = HasCrew, deterministic = True
			    name = HasCrew5, deterministic = True
			    targetBody = Jool (CelestialBody), deterministic = True
			    rewardFunds = 0, deterministic = True
			    rewardReputation = 0, deterministic = True
			    rewardScience = 0, deterministic = True
			    failureFunds = 0, deterministic = True
			    failureReputation = 0, deterministic = True
			    optional = False, deterministic = True
			    disableOnStateChange = null, deterministic = True
			    completeInSequence = False, deterministic = True
			    hidden = False, deterministic = True
			    hideChildren = False, deterministic = True
			    title = null, deterministic = True
			    notes = null, deterministic = True
			    completedMessage = null, deterministic = True
			    trait = null, deterministic = True
			    minExperience = 0, deterministic = True
			    maxExperience = 5, deterministic = True
			    minCrew = 0, deterministic = True
			    maxCrew = 0, deterministic = True
			    kerbal = [], deterministic = True
			    excludeKerbal = [], deterministic = True
			
			PartValidation9
			    type = PartValidation, deterministic = True
			    name = PartValidation9, deterministic = True
			    targetBody = Jool (CelestialBody), deterministic = True
			    rewardFunds = 0, deterministic = True
			    rewardReputation = 0, deterministic = True
			    rewardScience = 0, deterministic = True
			    failureFunds = 0, deterministic = True
			    failureReputation = 0, deterministic = True
			    optional = False, deterministic = True
			    disableOnStateChange = null, deterministic = True
			    completeInSequence = False, deterministic = True
			    hidden = False, deterministic = True
			    hideChildren = False, deterministic = True
			    title = null, deterministic = True
			    notes = null, deterministic = True
			    completedMessage = null, deterministic = True
			    minCount = 1, deterministic = True
			    maxCount = 1, deterministic = True
			    part = [ SCANsat.Scanner ], deterministic = False
			    partModule = [], deterministic = True
			    partModuleType = [], deterministic = True
			    category = null, deterministic = True
			    manufacturer = null, deterministic = True
			
			PartValidation10
			    type = PartValidation, deterministic = True
			    name = PartValidation10, deterministic = True
			    targetBody = Jool (CelestialBody), deterministic = True
			    rewardFunds = 0, deterministic = True
			    rewardReputation = 0, deterministic = True
			    rewardScience = 0, deterministic = True
			    failureFunds = 0, deterministic = True
			    failureReputation = 0, deterministic = True
			    optional = False, deterministic = True
			    disableOnStateChange = null, deterministic = True
			    completeInSequence = False, deterministic = True
			    hidden = False, deterministic = True
			    hideChildren = False, deterministic = True
			    title = null, deterministic = True
			    notes = null, deterministic = True
			    completedMessage = null, deterministic = True
			    minCount = 1, deterministic = True
			    maxCount = 1, deterministic = True
			    part = [ SCANsat.Scanner24 ], deterministic = False
			    partModule = [], deterministic = True
			    partModuleType = [], deterministic = True
			    category = null, deterministic = True
			    manufacturer = null, deterministic = True
			
		OrbitSet
		    type = VesselParameterGroup, deterministic = True
		    name = OrbitSet, deterministic = True
		    targetBody = Jool (CelestialBody), deterministic = True
		    rewardFunds = 3500, deterministic = True
		    rewardReputation = 3.5, deterministic = True
		    rewardScience = 3.5, deterministic = True
		    failureFunds = 0, deterministic = True
		    failureReputation = 0, deterministic = True
		    optional = True, deterministic = True
		    disableOnStateChange = null, deterministic = True
		    completeInSequence = False, deterministic = True
		    hidden = False, deterministic = True
		    hideChildren = False, deterministic = True
		    title = Achieve an orbit with the following parameters, deterministic = True
		    notes = null, deterministic = True
		    completedMessage = Oh, hi... we weren't really expecting to hear from you. You might as well start the scan then!, deterministic = True
		    duration = 00:00:00, deterministic = True
		    define = null, deterministic = True
		    defineList = null, deterministic = True
		    vessel = [ Galileo V ], deterministic = True
		    dissassociateVesselsOnContractFailure = True, deterministic = True
		    dissassociateVesselsOnContractCompletion = False, deterministic = True
		    hideVesselName = False, deterministic = True
		
			Orbit
			    type = Orbit, deterministic = True
			    name = Orbit, deterministic = True
			    targetBody = Pol (CelestialBody), deterministic = True
			    rewardFunds = 0, deterministic = True
			    rewardReputation = 0, deterministic = True
			    rewardScience = 0, deterministic = True
			    failureFunds = 0, deterministic = True
			    failureReputation = 0, deterministic = True
			    optional = False, deterministic = True
			    disableOnStateChange = False, deterministic = True
			    completeInSequence = False, deterministic = True
			    hidden = False, deterministic = True
			    hideChildren = False, deterministic = True
			    title = null, deterministic = True
			    notes = null, deterministic = True
			    completedMessage = null, deterministic = True
			    situation = ORBITING, deterministic = True
			    minAltitude = 0, deterministic = True
			    maxAltitude = 1.79769313486232E+308, deterministic = True
			    minApA = 335810, deterministic = True
			    maxApA = 339847, deterministic = True
			    minPeA = 335759, deterministic = True
			    maxPeA = 339758, deterministic = True
			    minEccentricity = 0, deterministic = True
			    maxEccentricity = 0.002, deterministic = True
			    minInclination = 74.4, deterministic = True
			    maxInclination = 74.8, deterministic = True
			    minPeriod = 00:00:00, deterministic = True
			    maxPeriod = -2147483648 years, -2147483648 days, -2147483648:-2147483648:-2147483648, deterministic = True
			
		SCANsatCoverage5
		    type = SCANsatCoverage, deterministic = True
		    name = SCANsatCoverage5, deterministic = True
		    targetBody = Pol (CelestialBody), deterministic = True
		    rewardFunds = 0, deterministic = True
		    rewardReputation = 0, deterministic = True
		    rewardScience = 0, deterministic = True
		    failureFunds = 0, deterministic = True
		    failureReputation = 0, deterministic = True
		    optional = False, deterministic = True
		    disableOnStateChange = False, deterministic = True
		    completeInSequence = False, deterministic = True
		    hidden = False, deterministic = True
		    hideChildren = False, deterministic = True
		    title = null, deterministic = True
		    notes = null, deterministic = True
		    completedMessage = null, deterministic = True
		    coverage = 50, deterministic = True
		    scanType = AltimetryLoRes, deterministic = True
		
		SCANsatCoverage5a
		    type = SCANsatCoverage, deterministic = True
		    name = SCANsatCoverage5a, deterministic = True
		    targetBody = Pol (CelestialBody), deterministic = True
		    rewardFunds = 0, deterministic = True
		    rewardReputation = 0, deterministic = True
		    rewardScience = 0, deterministic = True
		    failureFunds = 0, deterministic = True
		    failureReputation = 0, deterministic = True
		    optional = False, deterministic = True
		    disableOnStateChange = False, deterministic = True
		    completeInSequence = False, deterministic = True
		    hidden = False, deterministic = True
		    hideChildren = False, deterministic = True
		    title = null, deterministic = True
		    notes = null, deterministic = True
		    completedMessage = null, deterministic = True
		    coverage = 50, deterministic = True
		    scanType = Biome, deterministic = True
		
	All1
	    type = All, deterministic = True
	    name = All1, deterministic = True
	    targetBody = Jool (CelestialBody), deterministic = True
	    checkOnActiveContract = False, deterministic = True
	    invertRequirement = False, deterministic = True
	
		SCANsatCoverage6
		    type = SCANsatCoverage, deterministic = True
		    name = SCANsatCoverage6, deterministic = True
		    targetBody = Mun (CelestialBody), deterministic = True
		    checkOnActiveContract = False, deterministic = True
		    invertRequirement = False, deterministic = True
		    minCoverage = 90, deterministic = True
		    maxCoverage = 100, deterministic = True
		    scanType = Biome, deterministic = True
		
		SCANsatCoverage7
		    type = SCANsatCoverage, deterministic = True
		    name = SCANsatCoverage7, deterministic = True
		    targetBody = Minmus (CelestialBody), deterministic = True
		    checkOnActiveContract = False, deterministic = True
		    invertRequirement = False, deterministic = True
		    minCoverage = 90, deterministic = True
		    maxCoverage = 100, deterministic = True
		    scanType = Biome, deterministic = True
		
		SCANsatCoverage8
		    type = SCANsatCoverage, deterministic = True
		    name = SCANsatCoverage8, deterministic = True
		    targetBody = Laythe (CelestialBody), deterministic = True
		    checkOnActiveContract = False, deterministic = True
		    invertRequirement = False, deterministic = True
		    minCoverage = 0, deterministic = True
		    maxCoverage = 49.9, deterministic = True
		    scanType = AltimetryLoRes, deterministic = True
		

Output log:
[INFO] ContractConfigurator.ContractType: Loading CONTRACT_TYPE: 'ScanJovianMoons'
[INFO] ContractConfigurator.ContractType: Successfully loaded CONTRACT_TYPE 'ScanJovianMoons'
