Debug information for CONTRACT_TYPE 'ScanMohoLoResBiome':

Configuration:
CONTRACT_TYPE
{
	name = ScanMohoLoResBiome
	group = CCCP-SCANsat
	title = Altimetry & Biome Scan of Moho
	description = Feeling a bit warm? You will be! It's time we started a mission to Moho to begin to learn about the makeup of the surface there. Its going to be a bit toasty that close to Kerbol and Bob already had his sun tan lotion ready to go. He was very upset when we told him no.
	synopsis = Send a single unkerbaled vessel to Moho and scan the surface with the SCAN Radar Altimetry Sensor and the SCAN Multispectral Sensor. Your (optional) mission should you choose to accept it is to reach a 495km orbit with an 85.2 degree inclination for an optimum scan.
	notes = Note: Due to the tidally locked nature of Moho, scans take considerably longer there.
	completedMessage = Brilliant! As we suspected Moho looks like it was subjected to extreme volcanic activity in millenia gone by. Herman has already opened a small shrine to Hephaistos, god of Fire.
	targetBody = Moho
	agent = Research & Development Department
	advanceFunds = 5800
	rewardScience = 4.5
	rewardReputation = 5.1
	rewardFunds = 11600
	maxCompletions = 1
	maxSimultaneous = 1
	prestige = Significant
	PARAMETER
	{
		name = Titius2
		type = VesselParameterGroup
		define = Titius II
		targetBody = @/targetBody
		PARAMETER
		{
			name = ReachState
			type = ReachState
			targetBody = Moho
			situation = ORBITING
		}
		PARAMETER
		{
			name = HasCrew1
			type = HasCrew
			maxCrew = 0
			minCrew = 0
			targetBody = @/targetBody
		}
		PARAMETER
		{
			name = PartValidation
			type = PartValidation
			part = SCANsat_Scanner
			targetBody = @/targetBody
		}
		PARAMETER
		{
			name = PartValidation2
			type = PartValidation
			part = SCANsat_Scanner24
			targetBody = @/targetBody
		}
	}
	PARAMETER
	{
		name = OrbitSet
		type = VesselParameterGroup
		vessel = Titius II
		title = Achieve an orbit with the following parameters
		optional = True
		completedMessage = Well done Ethan, this message will explode in 5 seconds.
		rewardScience = 1.1
		rewardReputation = 1.1
		rewardFunds = 1300.0
		targetBody = @/targetBody
		PARAMETER
		{
			title = Achieve an orbit with the following parameters
			name = Orbit
			type = Orbit
			targetBody = Moho
			minApA = 493247
			maxApA = 497325
			minPeA = 493167
			maxPeA = 497255
			maxEccentricity = 0.0022
			minInclination = 84.9
			maxInclination = 85.5
			disableOnStateChange = false
		}
	}
	PARAMETER
	{
		name = SCANsatCoverage1
		type = SCANsatCoverage
		targetBody = Moho
		coverage = 50.0
		scanType = AltimetryLoRes
		disableOnStateChange = false
	}
	PARAMETER
	{
		name = SCANsatCoverage2
		type = SCANsatCoverage
		targetBody = Moho
		coverage = 50.0
		scanType = Biome
		disableOnStateChange = false
	}
	REQUIREMENT
	{
		name = Requirements
		type = All
		targetBody = @/targetBody
		REQUIREMENT
		{
			name = SCANsatCoverage3
			type = SCANsatCoverage
			targetBody = Mun
			maxCoverage = 100.0
			minCoverage = 65.0
			scanType = Biome
		}
		REQUIREMENT
		{
			name = SCANsatCoverage4
			type = SCANsatCoverage
			targetBody = Minmus
			maxCoverage = 100.0
			minCoverage = 65.0
			scanType = Biome
		}
		REQUIREMENT
		{
			name = SCANsatCoverage5
			type = SCANsatCoverage
			targetBody = Moho
			maxCoverage = 49.9
			minCoverage = 0.0
			scanType = AltimetryLoRes
		}
	}
}

Data Nodes:
ScanMohoLoResBiome
    CCCP-SCANsat:name = CCCP-SCANsat, deterministic = True
    CCCP-SCANsat:displayName = CCCP-SCANsat, deterministic = True
    CCCP-SCANsat:minVersion = 1.9.0, deterministic = True
    CCCP-SCANsat:maxCompletions = 0, deterministic = True
    CCCP-SCANsat:maxSimultaneous = 7, deterministic = True
    CCCP-SCANsat:disabledContractType = [], deterministic = True
    name = ScanMohoLoResBiome, deterministic = True
    trace = False, deterministic = True
    title = Altimetry & Biome Scan of Moho, deterministic = True
    tag = , deterministic = True
    description = Feeling a bit warm? You will be! It's time we started a mission to Moho to begin to learn about the makeup of the surface there. Its going to be a bit toasty that close to Kerbol and Bob already had his sun tan lotion ready to go. He was very upset when we told him no., deterministic = True
    topic = , deterministic = True
    subject = , deterministic = True
    motivation = , deterministic = True
    notes = Note: Due to the tidally locked nature of Moho, scans take considerably longer there., deterministic = True
    synopsis = Send a single unkerbaled vessel to Moho and scan the surface with the SCAN Radar Altimetry Sensor and the SCAN Multispectral Sensor. Your (optional) mission should you choose to accept it is to reach a 495km orbit with an 85.2 degree inclination for an optimum scan., deterministic = True
    completedMessage = Brilliant! As we suspected Moho looks like it was subjected to extreme volcanic activity in millenia gone by. Herman has already opened a small shrine to Hephaistos, god of Fire., deterministic = True
    agent = Contracts.Agents.Agent, deterministic = True
    minExpiry = 1, deterministic = True
    maxExpiry = 7, deterministic = True
    deadline = 0, deterministic = True
    cancellable = True, deterministic = True
    declinable = True, deterministic = True
    autoAccept = False, deterministic = True
    prestige = [ Significant ], deterministic = True
    targetBody = Moho (CelestialBody), deterministic = True
    maxCompletions = 1, deterministic = True
    maxSimultaneous = 1, deterministic = True
    rewardFunds = 11600, deterministic = True
    rewardReputation = 5.1, deterministic = True
    rewardScience = 4.5, deterministic = True
    failureFunds = 0, deterministic = True
    failureReputation = 0, deterministic = True
    advanceFunds = 5800, deterministic = True
    weight = 1, deterministic = True

	Titius2
	    type = VesselParameterGroup, deterministic = True
	    name = Titius2, deterministic = True
	    targetBody = Moho (CelestialBody), deterministic = True
	    rewardFunds = 0, deterministic = True
	    rewardReputation = 0, deterministic = True
	    rewardScience = 0, deterministic = True
	    failureFunds = 0, deterministic = True
	    failureReputation = 0, deterministic = True
	    optional = False, deterministic = True
	    disableOnStateChange = null, deterministic = True
	    completeInSequence = False, deterministic = True
	    hidden = False, deterministic = True
	    hideChildren = False, deterministic = True
	    title = null, deterministic = True
	    notes = null, deterministic = True
	    completedMessage = null, deterministic = True
	    duration = 00:00:00, deterministic = True
	    define = Titius II, deterministic = True
	    defineList = null, deterministic = True
	    vessel = [], deterministic = True
	    dissassociateVesselsOnContractFailure = True, deterministic = True
	    dissassociateVesselsOnContractCompletion = False, deterministic = True
	    hideVesselName = False, deterministic = True
	
		ReachState
		    type = ReachState, deterministic = True
		    name = ReachState, deterministic = True
		    rewardFunds = 0, deterministic = True
		    rewardReputation = 0, deterministic = True
		    rewardScience = 0, deterministic = True
		    failureFunds = 0, deterministic = True
		    failureReputation = 0, deterministic = True
		    optional = False, deterministic = True
		    disableOnStateChange = null, deterministic = True
		    completeInSequence = False, deterministic = True
		    hidden = False, deterministic = True
		    hideChildren = False, deterministic = True
		    title = null, deterministic = True
		    notes = null, deterministic = True
		    completedMessage = null, deterministic = True
		    failWhenUnmet = False, deterministic = True
		    biome = null, deterministic = True
		    situation = [ ORBITING ], deterministic = True
		    minAltitude = -3.402823E+38, deterministic = True
		    maxAltitude = 3.402823E+38, deterministic = True
		    minTerrainAltitude = 0, deterministic = True
		    maxTerrainAltitude = 3.402823E+38, deterministic = True
		    minSpeed = 0, deterministic = True
		    maxSpeed = 1.79769313486232E+308, deterministic = True
		    minRateOfClimb = -1.79769313486232E+308, deterministic = True
		    maxRateOfClimb = 1.79769313486232E+308, deterministic = True
		    minAcceleration = 0, deterministic = True
		    maxAcceleration = 3.402823E+38, deterministic = True
		    targetBody = [ Moho (CelestialBody) ], deterministic = True
		
		HasCrew1
		    type = HasCrew, deterministic = True
		    name = HasCrew1, deterministic = True
		    targetBody = Moho (CelestialBody), deterministic = True
		    rewardFunds = 0, deterministic = True
		    rewardReputation = 0, deterministic = True
		    rewardScience = 0, deterministic = True
		    failureFunds = 0, deterministic = True
		    failureReputation = 0, deterministic = True
		    optional = False, deterministic = True
		    disableOnStateChange = null, deterministic = True
		    completeInSequence = False, deterministic = True
		    hidden = False, deterministic = True
		    hideChildren = False, deterministic = True
		    title = null, deterministic = True
		    notes = null, deterministic = True
		    completedMessage = null, deterministic = True
		    trait = null, deterministic = True
		    minExperience = 0, deterministic = True
		    maxExperience = 5, deterministic = True
		    minCrew = 0, deterministic = True
		    maxCrew = 0, deterministic = True
		    kerbal = [], deterministic = True
		    excludeKerbal = [], deterministic = True
		
		PartValidation
		    type = PartValidation, deterministic = True
		    name = PartValidation, deterministic = True
		    targetBody = Moho (CelestialBody), deterministic = True
		    rewardFunds = 0, deterministic = True
		    rewardReputation = 0, deterministic = True
		    rewardScience = 0, deterministic = True
		    failureFunds = 0, deterministic = True
		    failureReputation = 0, deterministic = True
		    optional = False, deterministic = True
		    disableOnStateChange = null, deterministic = True
		    completeInSequence = False, deterministic = True
		    hidden = False, deterministic = True
		    hideChildren = False, deterministic = True
		    title = null, deterministic = True
		    notes = null, deterministic = True
		    completedMessage = null, deterministic = True
		    minCount = 1, deterministic = True
		    maxCount = 2147483647, deterministic = True
		    part = [ SCANsat.Scanner ], deterministic = False
		    partModule = [], deterministic = True
		    partModuleType = [], deterministic = True
		    category = null, deterministic = True
		    manufacturer = null, deterministic = True
		
		PartValidation2
		    type = PartValidation, deterministic = True
		    name = PartValidation2, deterministic = True
		    targetBody = Moho (CelestialBody), deterministic = True
		    rewardFunds = 0, deterministic = True
		    rewardReputation = 0, deterministic = True
		    rewardScience = 0, deterministic = True
		    failureFunds = 0, deterministic = True
		    failureReputation = 0, deterministic = True
		    optional = False, deterministic = True
		    disableOnStateChange = null, deterministic = True
		    completeInSequence = False, deterministic = True
		    hidden = False, deterministic = True
		    hideChildren = False, deterministic = True
		    title = null, deterministic = True
		    notes = null, deterministic = True
		    completedMessage = null, deterministic = True
		    minCount = 1, deterministic = True
		    maxCount = 2147483647, deterministic = True
		    part = [ SCANsat.Scanner24 ], deterministic = False
		    partModule = [], deterministic = True
		    partModuleType = [], deterministic = True
		    category = null, deterministic = True
		    manufacturer = null, deterministic = True
		
	OrbitSet
	    type = VesselParameterGroup, deterministic = True
	    name = OrbitSet, deterministic = True
	    targetBody = Moho (CelestialBody), deterministic = True
	    rewardFunds = 1300, deterministic = True
	    rewardReputation = 1.1, deterministic = True
	    rewardScience = 1.1, deterministic = True
	    failureFunds = 0, deterministic = True
	    failureReputation = 0, deterministic = True
	    optional = True, deterministic = True
	    disableOnStateChange = null, deterministic = True
	    completeInSequence = False, deterministic = True
	    hidden = False, deterministic = True
	    hideChildren = False, deterministic = True
	    title = Achieve an orbit with the following parameters, deterministic = True
	    notes = null, deterministic = True
	    completedMessage = Well done Ethan, this message will explode in 5 seconds., deterministic = True
	    duration = 00:00:00, deterministic = True
	    define = null, deterministic = True
	    defineList = null, deterministic = True
	    vessel = [ Titius II ], deterministic = True
	    dissassociateVesselsOnContractFailure = True, deterministic = True
	    dissassociateVesselsOnContractCompletion = False, deterministic = True
	    hideVesselName = False, deterministic = True
	
		Orbit
		    type = Orbit, deterministic = True
		    name = Orbit, deterministic = True
		    targetBody = Moho (CelestialBody), deterministic = True
		    rewardFunds = 0, deterministic = True
		    rewardReputation = 0, deterministic = True
		    rewardScience = 0, deterministic = True
		    failureFunds = 0, deterministic = True
		    failureReputation = 0, deterministic = True
		    optional = False, deterministic = True
		    disableOnStateChange = False, deterministic = True
		    completeInSequence = False, deterministic = True
		    hidden = False, deterministic = True
		    hideChildren = False, deterministic = True
		    title = Achieve an orbit with the following parameters, deterministic = True
		    notes = null, deterministic = True
		    completedMessage = null, deterministic = True
		    situation = ORBITING, deterministic = True
		    minAltitude = 0, deterministic = True
		    maxAltitude = 1.79769313486232E+308, deterministic = True
		    minApA = 493247, deterministic = True
		    maxApA = 497325, deterministic = True
		    minPeA = 493167, deterministic = True
		    maxPeA = 497255, deterministic = True
		    minEccentricity = 0, deterministic = True
		    maxEccentricity = 0.0022, deterministic = True
		    minInclination = 84.9, deterministic = True
		    maxInclination = 85.5, deterministic = True
		    minPeriod = 00:00:00, deterministic = True
		    maxPeriod = -2147483648 years, -2147483648 days, -2147483648:-2147483648:-2147483648, deterministic = True
		
	SCANsatCoverage1
	    type = SCANsatCoverage, deterministic = True
	    name = SCANsatCoverage1, deterministic = True
	    targetBody = Moho (CelestialBody), deterministic = True
	    rewardFunds = 0, deterministic = True
	    rewardReputation = 0, deterministic = True
	    rewardScience = 0, deterministic = True
	    failureFunds = 0, deterministic = True
	    failureReputation = 0, deterministic = True
	    optional = False, deterministic = True
	    disableOnStateChange = False, deterministic = True
	    completeInSequence = False, deterministic = True
	    hidden = False, deterministic = True
	    hideChildren = False, deterministic = True
	    title = null, deterministic = True
	    notes = null, deterministic = True
	    completedMessage = null, deterministic = True
	    coverage = 50, deterministic = True
	    scanType = AltimetryLoRes, deterministic = True
	
	SCANsatCoverage2
	    type = SCANsatCoverage, deterministic = True
	    name = SCANsatCoverage2, deterministic = True
	    targetBody = Moho (CelestialBody), deterministic = True
	    rewardFunds = 0, deterministic = True
	    rewardReputation = 0, deterministic = True
	    rewardScience = 0, deterministic = True
	    failureFunds = 0, deterministic = True
	    failureReputation = 0, deterministic = True
	    optional = False, deterministic = True
	    disableOnStateChange = False, deterministic = True
	    completeInSequence = False, deterministic = True
	    hidden = False, deterministic = True
	    hideChildren = False, deterministic = True
	    title = null, deterministic = True
	    notes = null, deterministic = True
	    completedMessage = null, deterministic = True
	    coverage = 50, deterministic = True
	    scanType = Biome, deterministic = True
	
	Requirements
	    type = All, deterministic = True
	    name = Requirements, deterministic = True
	    targetBody = Moho (CelestialBody), deterministic = True
	    checkOnActiveContract = False, deterministic = True
	    invertRequirement = False, deterministic = True
	
		SCANsatCoverage3
		    type = SCANsatCoverage, deterministic = True
		    name = SCANsatCoverage3, deterministic = True
		    targetBody = Mun (CelestialBody), deterministic = True
		    checkOnActiveContract = False, deterministic = True
		    invertRequirement = False, deterministic = True
		    minCoverage = 65, deterministic = True
		    maxCoverage = 100, deterministic = True
		    scanType = Biome, deterministic = True
		
		SCANsatCoverage4
		    type = SCANsatCoverage, deterministic = True
		    name = SCANsatCoverage4, deterministic = True
		    targetBody = Minmus (CelestialBody), deterministic = True
		    checkOnActiveContract = False, deterministic = True
		    invertRequirement = False, deterministic = True
		    minCoverage = 65, deterministic = True
		    maxCoverage = 100, deterministic = True
		    scanType = Biome, deterministic = True
		
		SCANsatCoverage5
		    type = SCANsatCoverage, deterministic = True
		    name = SCANsatCoverage5, deterministic = True
		    targetBody = Moho (CelestialBody), deterministic = True
		    checkOnActiveContract = False, deterministic = True
		    invertRequirement = False, deterministic = True
		    minCoverage = 0, deterministic = True
		    maxCoverage = 49.9, deterministic = True
		    scanType = AltimetryLoRes, deterministic = True
		

Output log:
[INFO] ContractConfigurator.ContractType: Loading CONTRACT_TYPE: 'ScanMohoLoResBiome'
[INFO] ContractConfigurator.ContractType: Successfully loaded CONTRACT_TYPE 'ScanMohoLoResBiome'
