Debug information for CONTRACT_TYPE 'ScanMinmus':

Configuration:
CONTRACT_TYPE
{
	name = ScanMinmus
	group = CCCP-SCANsat
	title = Altimetry Scan of Minmus
	description = Heads up, Director. There is more work to be done. With the Kerbin scans coming along nicely and Mun scans underway, the team feel it's time we got some data about Minmus. We think it's very flat in places, but we'll know more once you've got us this data.
	synopsis = Send an unkerbaled vessel into a Minmus orbit and scan Minmus's surface with the SCAN Radar Altimetry Sensor. \n\nThe guys in the tracking station have postulated a good orbit would be 74km with an 79.5 degree inclination, but they were drunk at the time.
	notes = Tip: There's probably some other science equipment you can take along for some extra science!\nTip: Don't forget to Analyse the Data from your scan once complete for extra science!
	completedMessage = Excellent work. As expected Kerbins second celestial satellite is very flat in places, with some bumpy bits. The guys are already preparing a party in the mess. Free Ice Cream!
	targetBody = Minmus
	agent = Research & Development Department
	advanceFunds = 6000
	rewardScience = 8
	rewardReputation = 6
	rewardFunds = 12000
	maxCompletions = 1
	maxSimultaneous = 1
	prestige = Significant
	weight = 10.0
	PARAMETER
	{
		name = Maxwell3
		type = VesselParameterGroup
		define = Maxwell III
		targetBody = @/targetBody
		PARAMETER
		{
			name = ReachState
			type = ReachState
			targetBody = Minmus
			situation = ORBITING
		}
		PARAMETER
		{
			name = HasCrew1
			type = HasCrew
			maxCrew = 0
			minCrew = 0
			targetBody = @/targetBody
		}
		PARAMETER
		{
			name = PartValidation
			type = PartValidation
			part = SCANsat_Scanner
			targetBody = @/targetBody
		}
	}
	PARAMETER
	{
		name = OrbitSet
		type = VesselParameterGroup
		vessel = Maxwell III
		title = Achieve an orbit with the following parameters
		optional = True
		completedMessage = A perfect orbit for our scan to commence!
		rewardScience = 2
		rewardReputation = 2.5
		rewardFunds = 4000
		targetBody = @/targetBody
		PARAMETER
		{
			name = Orbit
			type = Orbit
			targetBody = Minmus
			minApA = 71210
			maxApA = 77305
			minPeA = 71103
			maxPeA = 77219
			maxEccentricity = 0.003
			minInclination = 79.2
			maxInclination = 79.8
			disableOnStateChange = false
		}
	}
	PARAMETER
	{
		name = SCANsatCoverage1
		type = SCANsatCoverage
		targetBody = Minmus
		coverage = 50.0
		scanType = AltimetryLoRes
	}
	REQUIREMENT
	{
		name = All1
		type = All
		targetBody = @/targetBody
		REQUIREMENT
		{
			name = SCANsatCoverage2
			type = SCANsatCoverage
			targetBody = Kerbin
			maxCoverage = 100.0
			minCoverage = 65.0
			scanType = AltimetryLoRes
		}
		REQUIREMENT
		{
			name = SCANsatCoverage3
			type = SCANsatCoverage
			targetBody = Mun
			maxCoverage = 100.0
			minCoverage = 15.0
			scanType = AltimetryLoRes
		}
		REQUIREMENT
		{
			name = SCANsatCoverage4
			type = SCANsatCoverage
			targetBody = Minmus
			maxCoverage = 49.9
			minCoverage = 0.0
			scanType = AltimetryLoRes
		}
	}
}

Data Nodes:
ScanMinmus
    CCCP-SCANsat:name = CCCP-SCANsat, deterministic = True
    CCCP-SCANsat:displayName = CCCP-SCANsat, deterministic = True
    CCCP-SCANsat:minVersion = 1.9.0, deterministic = True
    CCCP-SCANsat:maxCompletions = 0, deterministic = True
    CCCP-SCANsat:maxSimultaneous = 7, deterministic = True
    CCCP-SCANsat:disabledContractType = [], deterministic = True
    name = ScanMinmus, deterministic = True
    trace = False, deterministic = True
    title = Altimetry Scan of Minmus, deterministic = True
    tag = , deterministic = True
    description = Heads up, Director. There is more work to be done. With the Kerbin scans coming along nicely and Mun scans underway, the team feel it's time we got some data about Minmus. We think it's very flat in places, but we'll know more once you've got us this data., deterministic = True
    topic = , deterministic = True
    subject = , deterministic = True
    motivation = , deterministic = True
    notes = Tip: There's probably some other science equipment you can take along for some extra science!
Tip: Don't forget to Analyse the Data from your scan once complete for extra science!, deterministic = True
    synopsis = Send an unkerbaled vessel into a Minmus orbit and scan Minmus's surface with the SCAN Radar Altimetry Sensor. 

The guys in the tracking station have postulated a good orbit would be 74km with an 79.5 degree inclination, but they were drunk at the time., deterministic = True
    completedMessage = Excellent work. As expected Kerbins second celestial satellite is very flat in places, with some bumpy bits. The guys are already preparing a party in the mess. Free Ice Cream!, deterministic = True
    agent = Contracts.Agents.Agent, deterministic = True
    minExpiry = 1, deterministic = True
    maxExpiry = 7, deterministic = True
    deadline = 0, deterministic = True
    cancellable = True, deterministic = True
    declinable = True, deterministic = True
    autoAccept = False, deterministic = True
    prestige = [ Significant ], deterministic = True
    targetBody = Minmus (CelestialBody), deterministic = True
    maxCompletions = 1, deterministic = True
    maxSimultaneous = 1, deterministic = True
    rewardFunds = 12000, deterministic = True
    rewardReputation = 6, deterministic = True
    rewardScience = 8, deterministic = True
    failureFunds = 0, deterministic = True
    failureReputation = 0, deterministic = True
    advanceFunds = 6000, deterministic = True
    weight = 10, deterministic = True

	Maxwell3
	    type = VesselParameterGroup, deterministic = True
	    name = Maxwell3, deterministic = True
	    targetBody = Minmus (CelestialBody), deterministic = True
	    rewardFunds = 0, deterministic = True
	    rewardReputation = 0, deterministic = True
	    rewardScience = 0, deterministic = True
	    failureFunds = 0, deterministic = True
	    failureReputation = 0, deterministic = True
	    optional = False, deterministic = True
	    disableOnStateChange = null, deterministic = True
	    completeInSequence = False, deterministic = True
	    hidden = False, deterministic = True
	    hideChildren = False, deterministic = True
	    title = null, deterministic = True
	    notes = null, deterministic = True
	    completedMessage = null, deterministic = True
	    duration = 00:00:00, deterministic = True
	    define = Maxwell III, deterministic = True
	    defineList = null, deterministic = True
	    vessel = [], deterministic = True
	    dissassociateVesselsOnContractFailure = True, deterministic = True
	    dissassociateVesselsOnContractCompletion = False, deterministic = True
	    hideVesselName = False, deterministic = True
	
		ReachState
		    type = ReachState, deterministic = True
		    name = ReachState, deterministic = True
		    rewardFunds = 0, deterministic = True
		    rewardReputation = 0, deterministic = True
		    rewardScience = 0, deterministic = True
		    failureFunds = 0, deterministic = True
		    failureReputation = 0, deterministic = True
		    optional = False, deterministic = True
		    disableOnStateChange = null, deterministic = True
		    completeInSequence = False, deterministic = True
		    hidden = False, deterministic = True
		    hideChildren = False, deterministic = True
		    title = null, deterministic = True
		    notes = null, deterministic = True
		    completedMessage = null, deterministic = True
		    failWhenUnmet = False, deterministic = True
		    biome = null, deterministic = True
		    situation = [ ORBITING ], deterministic = True
		    minAltitude = -3.402823E+38, deterministic = True
		    maxAltitude = 3.402823E+38, deterministic = True
		    minTerrainAltitude = 0, deterministic = True
		    maxTerrainAltitude = 3.402823E+38, deterministic = True
		    minSpeed = 0, deterministic = True
		    maxSpeed = 1.79769313486232E+308, deterministic = True
		    minRateOfClimb = -1.79769313486232E+308, deterministic = True
		    maxRateOfClimb = 1.79769313486232E+308, deterministic = True
		    minAcceleration = 0, deterministic = True
		    maxAcceleration = 3.402823E+38, deterministic = True
		    targetBody = [ Minmus (CelestialBody) ], deterministic = True
		
		HasCrew1
		    type = HasCrew, deterministic = True
		    name = HasCrew1, deterministic = True
		    targetBody = Minmus (CelestialBody), deterministic = True
		    rewardFunds = 0, deterministic = True
		    rewardReputation = 0, deterministic = True
		    rewardScience = 0, deterministic = True
		    failureFunds = 0, deterministic = True
		    failureReputation = 0, deterministic = True
		    optional = False, deterministic = True
		    disableOnStateChange = null, deterministic = True
		    completeInSequence = False, deterministic = True
		    hidden = False, deterministic = True
		    hideChildren = False, deterministic = True
		    title = null, deterministic = True
		    notes = null, deterministic = True
		    completedMessage = null, deterministic = True
		    trait = null, deterministic = True
		    minExperience = 0, deterministic = True
		    maxExperience = 5, deterministic = True
		    minCrew = 0, deterministic = True
		    maxCrew = 0, deterministic = True
		    kerbal = [], deterministic = True
		    excludeKerbal = [], deterministic = True
		
		PartValidation
		    type = PartValidation, deterministic = True
		    name = PartValidation, deterministic = True
		    targetBody = Minmus (CelestialBody), deterministic = True
		    rewardFunds = 0, deterministic = True
		    rewardReputation = 0, deterministic = True
		    rewardScience = 0, deterministic = True
		    failureFunds = 0, deterministic = True
		    failureReputation = 0, deterministic = True
		    optional = False, deterministic = True
		    disableOnStateChange = null, deterministic = True
		    completeInSequence = False, deterministic = True
		    hidden = False, deterministic = True
		    hideChildren = False, deterministic = True
		    title = null, deterministic = True
		    notes = null, deterministic = True
		    completedMessage = null, deterministic = True
		    minCount = 1, deterministic = True
		    maxCount = 2147483647, deterministic = True
		    part = [ SCANsat.Scanner ], deterministic = False
		    partModule = [], deterministic = True
		    partModuleType = [], deterministic = True
		    category = null, deterministic = True
		    manufacturer = null, deterministic = True
		
	OrbitSet
	    type = VesselParameterGroup, deterministic = True
	    name = OrbitSet, deterministic = True
	    targetBody = Minmus (CelestialBody), deterministic = True
	    rewardFunds = 4000, deterministic = True
	    rewardReputation = 2.5, deterministic = True
	    rewardScience = 2, deterministic = True
	    failureFunds = 0, deterministic = True
	    failureReputation = 0, deterministic = True
	    optional = True, deterministic = True
	    disableOnStateChange = null, deterministic = True
	    completeInSequence = False, deterministic = True
	    hidden = False, deterministic = True
	    hideChildren = False, deterministic = True
	    title = Achieve an orbit with the following parameters, deterministic = True
	    notes = null, deterministic = True
	    completedMessage = A perfect orbit for our scan to commence!, deterministic = True
	    duration = 00:00:00, deterministic = True
	    define = null, deterministic = True
	    defineList = null, deterministic = True
	    vessel = [ Maxwell III ], deterministic = True
	    dissassociateVesselsOnContractFailure = True, deterministic = True
	    dissassociateVesselsOnContractCompletion = False, deterministic = True
	    hideVesselName = False, deterministic = True
	
		Orbit
		    type = Orbit, deterministic = True
		    name = Orbit, deterministic = True
		    targetBody = Minmus (CelestialBody), deterministic = True
		    rewardFunds = 0, deterministic = True
		    rewardReputation = 0, deterministic = True
		    rewardScience = 0, deterministic = True
		    failureFunds = 0, deterministic = True
		    failureReputation = 0, deterministic = True
		    optional = False, deterministic = True
		    disableOnStateChange = False, deterministic = True
		    completeInSequence = False, deterministic = True
		    hidden = False, deterministic = True
		    hideChildren = False, deterministic = True
		    title = null, deterministic = True
		    notes = null, deterministic = True
		    completedMessage = null, deterministic = True
		    situation = ORBITING, deterministic = True
		    minAltitude = 0, deterministic = True
		    maxAltitude = 1.79769313486232E+308, deterministic = True
		    minApA = 71210, deterministic = True
		    maxApA = 77305, deterministic = True
		    minPeA = 71103, deterministic = True
		    maxPeA = 77219, deterministic = True
		    minEccentricity = 0, deterministic = True
		    maxEccentricity = 0.003, deterministic = True
		    minInclination = 79.2, deterministic = True
		    maxInclination = 79.8, deterministic = True
		    minPeriod = 00:00:00, deterministic = True
		    maxPeriod = -2147483648 years, -2147483648 days, -2147483648:-2147483648:-2147483648, deterministic = True
		
	SCANsatCoverage1
	    type = SCANsatCoverage, deterministic = True
	    name = SCANsatCoverage1, deterministic = True
	    targetBody = Minmus (CelestialBody), deterministic = True
	    rewardFunds = 0, deterministic = True
	    rewardReputation = 0, deterministic = True
	    rewardScience = 0, deterministic = True
	    failureFunds = 0, deterministic = True
	    failureReputation = 0, deterministic = True
	    optional = False, deterministic = True
	    disableOnStateChange = null, deterministic = True
	    completeInSequence = False, deterministic = True
	    hidden = False, deterministic = True
	    hideChildren = False, deterministic = True
	    title = null, deterministic = True
	    notes = null, deterministic = True
	    completedMessage = null, deterministic = True
	    coverage = 50, deterministic = True
	    scanType = AltimetryLoRes, deterministic = True
	
	All1
	    type = All, deterministic = True
	    name = All1, deterministic = True
	    targetBody = Minmus (CelestialBody), deterministic = True
	    checkOnActiveContract = False, deterministic = True
	    invertRequirement = False, deterministic = True
	
		SCANsatCoverage2
		    type = SCANsatCoverage, deterministic = True
		    name = SCANsatCoverage2, deterministic = True
		    targetBody = Kerbin (CelestialBody), deterministic = True
		    checkOnActiveContract = False, deterministic = True
		    invertRequirement = False, deterministic = True
		    minCoverage = 65, deterministic = True
		    maxCoverage = 100, deterministic = True
		    scanType = AltimetryLoRes, deterministic = True
		
		SCANsatCoverage3
		    type = SCANsatCoverage, deterministic = True
		    name = SCANsatCoverage3, deterministic = True
		    targetBody = Mun (CelestialBody), deterministic = True
		    checkOnActiveContract = False, deterministic = True
		    invertRequirement = False, deterministic = True
		    minCoverage = 15, deterministic = True
		    maxCoverage = 100, deterministic = True
		    scanType = AltimetryLoRes, deterministic = True
		
		SCANsatCoverage4
		    type = SCANsatCoverage, deterministic = True
		    name = SCANsatCoverage4, deterministic = True
		    targetBody = Minmus (CelestialBody), deterministic = True
		    checkOnActiveContract = False, deterministic = True
		    invertRequirement = False, deterministic = True
		    minCoverage = 0, deterministic = True
		    maxCoverage = 49.9, deterministic = True
		    scanType = AltimetryLoRes, deterministic = True
		

Output log:
[INFO] ContractConfigurator.ContractType: Loading CONTRACT_TYPE: 'ScanMinmus'
[INFO] ContractConfigurator.ContractType: Successfully loaded CONTRACT_TYPE 'ScanMinmus'
