Debug information for CONTRACT_TYPE 'SCAN_Biome':

Configuration:
CONTRACT_TYPE
{
	name = SCAN_Biome
	title = Do a Biome Scan of @/targetBody2
	group = ScanSatOfficial
	agent = SCAN: Scientific Committee on Advanced Navigation
	topic = Science
	subject = Kerbal
	motivation = Scanning
	notes = Scanning can take place while the vessel is not loaded.
	synopsis = Perform a MultiSpectral scan of @/targetBody2
	completedMessage = Stunning, through the advances with this scanner we have identified several different biomes for further study.
	minExpiry = 1
	maxExpiry = 7
	deadline = Random(300, 500) * @/targetBody2.Multiplier()
	cancellable = true
	declinable = true
	autoAccept = false
	targetBody = @/targetBody2
	rewardScience = 0
	rewardReputation = 1
	rewardFunds = Random(40000, 60000.0)
	failureReputation = 1
	failureFunds = Random(1000, 10000.0)
	advanceFunds = Random(2000, 10000.0)
	prestige = Trivial
	prestige = Significant
	DATA
	{
		type = CelestialBody
		requiredValue = true
		uniquenessCheck = CONTRACT_ALL
		targetBody2 = Prestige() == Trivial ? @ScanSatOfficial:p1Bodies.Random() : @ScanSatOfficial:p2Bodies.Random()
	}
	DATA
	{
		type = double
		diffModifier2 = Prestige() == Trivial ? 0 : 10
		scanRequired2 = 75 + @diffModifier2
		minScan2 = 70 + @diffModifier2
	}
	PARAMETER
	{
		name = SCANsatCoverage
		type = SCANsatCoverage
		targetBody = @/targetBody2
		coverage = @/scanRequired2
		scanType = Biome
	}
	REQUIREMENT
	{
		name = SCANsatCoverage
		type = SCANsatCoverage
		targetBody = @/targetBody2
		minCoverage = 0.0
		maxCoverage = @/minScan2
		scanType = Biome
	}
	REQUIREMENT
	{
		name = Orbit
		type = Orbit
		targetBody = HomeWorld()
	}
	REQUIREMENT
	{
		name = PartUnlocked
		type = PartUnlocked
		part = SCANsat_Scanner24
		targetBody = @/targetBody
	}
}

Data Nodes:
SCAN_Biome
    ScanSatOfficial:name = ScanSatOfficial, deterministic = True
    ScanSatOfficial:displayName = ScanSatOfficial, deterministic = True
    ScanSatOfficial:minVersion = 1.9.1, deterministic = True
    ScanSatOfficial:maxCompletions = 0, deterministic = True
    ScanSatOfficial:maxSimultaneous = 3, deterministic = True
    ScanSatOfficial:disabledContractType = [], deterministic = True
    ScanSatOfficial:p1Bodies = [ Kerbin (CelestialBody), Mun (CelestialBody), Minmus (CelestialBody) ], deterministic = True
    ScanSatOfficial:p2Bodies = [], deterministic = False
    ScanSatOfficial:p3Bodies = [], deterministic = False
    name = SCAN_Biome, deterministic = True
    trace = False, deterministic = True
    title = Do a Biome Scan of the Mun, deterministic = False
    tag = , deterministic = True
    description = null, deterministic = True
    topic = Science, deterministic = True
    subject = Kerbal, deterministic = True
    motivation = Scanning, deterministic = True
    notes = Scanning can take place while the vessel is not loaded., deterministic = True
    synopsis = Perform a MultiSpectral scan of the Mun, deterministic = False
    completedMessage = Stunning, through the advances with this scanner we have identified several different biomes for further study., deterministic = True
    agent = Contracts.Agents.Agent, deterministic = True
    minExpiry = 1, deterministic = True
    maxExpiry = 7, deterministic = True
    deadline = 697.2599, deterministic = False
    cancellable = True, deterministic = True
    declinable = True, deterministic = True
    autoAccept = False, deterministic = True
    prestige = [ Trivial, Significant ], deterministic = True
    targetBody = Mun (CelestialBody), deterministic = False
    maxCompletions = 0, deterministic = True
    maxSimultaneous = 0, deterministic = True
    rewardFunds = 53199.91, deterministic = False
    rewardReputation = 1, deterministic = True
    rewardScience = 0, deterministic = True
    failureFunds = 1596.941, deterministic = False
    failureReputation = 1, deterministic = True
    advanceFunds = 2404.177, deterministic = False
    weight = 1, deterministic = True
    targetBody2 = Mun (CelestialBody), deterministic = False
    diffModifier2 = 0, deterministic = False
    scanRequired2 = 75, deterministic = False
    minScan2 = 70, deterministic = False

	SCANsatCoverage
	    type = SCANsatCoverage, deterministic = True
	    name = SCANsatCoverage, deterministic = True
	    targetBody = Mun (CelestialBody), deterministic = False
	    rewardFunds = 0, deterministic = True
	    rewardReputation = 0, deterministic = True
	    rewardScience = 0, deterministic = True
	    failureFunds = 0, deterministic = True
	    failureReputation = 0, deterministic = True
	    optional = False, deterministic = True
	    disableOnStateChange = null, deterministic = True
	    completeInSequence = False, deterministic = True
	    hidden = False, deterministic = True
	    hideChildren = False, deterministic = True
	    title = null, deterministic = True
	    notes = null, deterministic = True
	    completedMessage = null, deterministic = True
	    coverage = 75, deterministic = False
	    scanType = Biome, deterministic = True
	
	SCANsatCoverage_1
	    type = SCANsatCoverage, deterministic = True
	    name = SCANsatCoverage, deterministic = True
	    targetBody = Mun (CelestialBody), deterministic = False
	    checkOnActiveContract = False, deterministic = True
	    invertRequirement = False, deterministic = True
	    minCoverage = 0, deterministic = True
	    maxCoverage = 70, deterministic = False
	    scanType = Biome, deterministic = True
	
	Orbit
	    type = Orbit, deterministic = True
	    name = Orbit, deterministic = True
	    targetBody = Kerbin (CelestialBody), deterministic = True
	    checkOnActiveContract = False, deterministic = True
	    invertRequirement = False, deterministic = True
	    checkType = null, deterministic = True
	
	PartUnlocked
	    type = PartUnlocked, deterministic = True
	    name = PartUnlocked, deterministic = True
	    targetBody = Mun (CelestialBody), deterministic = False
	    checkOnActiveContract = False, deterministic = True
	    invertRequirement = False, deterministic = True
	    part = [ SCANsat.Scanner24 ], deterministic = False
	

Output log:
[INFO] ContractConfigurator.ContractType: Loading CONTRACT_TYPE: 'SCAN_Biome'
[INFO] ContractConfigurator.ContractType: Successfully loaded CONTRACT_TYPE 'SCAN_Biome'
