Debug information for CONTRACT_TYPE 'SCAN_NarrowBand':

Configuration:
CONTRACT_TYPE
{
	name = SCAN_NarrowBand
	title = Scan @/targetBody5 for Ore
	group = ScanSatOfficial
	topic = Science
	subject = Kerbal
	motivation = Scanning
	agent = SCAN: Scientific Committee on Advanced Navigation
	notes = Scanning can take place while the vessel is not loaded.
	synopsis = Scan @/targetBody5 with the M4435 Narrow-Band Scanner
	completedMessage = Look at all that lovely Ore. We'll have to get a survey team together!
	minExpiry = 1
	maxExpiry = 7
	deadline = Random(400, 600) * @/targetBody5.Multiplier()
	cancellable = true
	declinable = true
	autoAccept = false
	targetBody = @/targetBody5
	rewardScience = 0
	rewardReputation = 1
	rewardFunds = Random(60000, 80000.0)
	failureReputation = 1
	failureFunds = Random(1000, 10000.0)
	advanceFunds = Random(5000, 15000.0)
	prestige = Significant
	prestige = Exceptional
	DATA
	{
		type = CelestialBody
		requiredValue = true
		uniquenessCheck = CONTRACT_ALL
		targetBody5 = Prestige() == Significant ? @ScanSatOfficial:p2Bodies.Random() : @ScanSatOfficial:p3Bodies.Random()
	}
	DATA
	{
		type = double
		diffModifier5 = Prestige() == Significant ? 0 : 10
		scanRequired5 = 85 + @diffModifier5
		minScan5 = 80 + @diffModifier5
	}
	PARAMETER
	{
		name = SCANsatCoverage
		type = SCANsatCoverage
		targetBody = @/targetBody5
		coverage = @/scanRequired5
		scanType = Ore
	}
	REQUIREMENT
	{
		name = SCANsatCoverage
		type = SCANsatCoverage
		targetBody = @/targetBody5
		minCoverage = 0.0
		maxCoverage = @/minScan5
		scanType = Ore
	}
	REQUIREMENT
	{
		name = Orbit
		type = Orbit
		targetBody = HomeWorld()
	}
	REQUIREMENT
	{
		name = PartUnlocked
		type = PartUnlocked
		part = OrbitalScanner
		targetBody = @/targetBody
	}
}

Data Nodes:
SCAN_NarrowBand
    ScanSatOfficial:name = ScanSatOfficial, deterministic = True
    ScanSatOfficial:displayName = ScanSatOfficial, deterministic = True
    ScanSatOfficial:minVersion = 1.9.1, deterministic = True
    ScanSatOfficial:maxCompletions = 0, deterministic = True
    ScanSatOfficial:maxSimultaneous = 3, deterministic = True
    ScanSatOfficial:disabledContractType = [], deterministic = True
    ScanSatOfficial:p1Bodies = [ Kerbin (CelestialBody), Mun (CelestialBody), Minmus (CelestialBody) ], deterministic = True
    ScanSatOfficial:p2Bodies = [], deterministic = False
    ScanSatOfficial:p3Bodies = [], deterministic = False
    name = SCAN_NarrowBand, deterministic = True
    trace = False, deterministic = True
    title = Scan  for Ore, deterministic = False
    tag = , deterministic = True
    description = null, deterministic = True
    topic = Science, deterministic = True
    subject = Kerbal, deterministic = True
    motivation = Scanning, deterministic = True
    notes = Scanning can take place while the vessel is not loaded., deterministic = True
    synopsis = Scan  with the M4435 Narrow-Band Scanner, deterministic = False
    completedMessage = Look at all that lovely Ore. We'll have to get a survey team together!, deterministic = True
    agent = Contracts.Agents.Agent, deterministic = True
    minExpiry = 1, deterministic = True
    maxExpiry = 7, deterministic = True
    deadline = 494.0136, deterministic = False
    cancellable = True, deterministic = True
    declinable = True, deterministic = True
    autoAccept = False, deterministic = True
    prestige = [ Significant, Exceptional ], deterministic = True
    targetBody = null, deterministic = False
    maxCompletions = 0, deterministic = True
    maxSimultaneous = 0, deterministic = True
    rewardFunds = 77370.73, deterministic = False
    rewardReputation = 1, deterministic = True
    rewardScience = 0, deterministic = True
    failureFunds = 1427.704, deterministic = False
    failureReputation = 1, deterministic = True
    advanceFunds = 8959.297, deterministic = False
    weight = 1, deterministic = True
    targetBody5 = null, deterministic = False
    diffModifier5 = 10, deterministic = False
    scanRequired5 = 95, deterministic = False
    minScan5 = 90, deterministic = False

	SCANsatCoverage
	    type = SCANsatCoverage, deterministic = True
	    name = SCANsatCoverage, deterministic = True
	    targetBody = null, deterministic = False
	    rewardFunds = 0, deterministic = True
	    rewardReputation = 0, deterministic = True
	    rewardScience = 0, deterministic = True
	    failureFunds = 0, deterministic = True
	    failureReputation = 0, deterministic = True
	    optional = False, deterministic = True
	    disableOnStateChange = null, deterministic = True
	    completeInSequence = False, deterministic = True
	    hidden = False, deterministic = True
	    hideChildren = False, deterministic = True
	    title = null, deterministic = True
	    notes = null, deterministic = True
	    completedMessage = null, deterministic = True
	    coverage = 95, deterministic = False
	    scanType = Ore, deterministic = True
	
	SCANsatCoverage_1
	    type = SCANsatCoverage, deterministic = True
	    name = SCANsatCoverage, deterministic = True
	    targetBody = null, deterministic = False
	    checkOnActiveContract = False, deterministic = True
	    invertRequirement = False, deterministic = True
	    minCoverage = 0, deterministic = True
	    maxCoverage = 90, deterministic = False
	    scanType = Ore, deterministic = True
	
	Orbit
	    type = Orbit, deterministic = True
	    name = Orbit, deterministic = True
	    targetBody = Kerbin (CelestialBody), deterministic = True
	    checkOnActiveContract = False, deterministic = True
	    invertRequirement = False, deterministic = True
	    checkType = null, deterministic = True
	
	PartUnlocked
	    type = PartUnlocked, deterministic = True
	    name = PartUnlocked, deterministic = True
	    targetBody = null, deterministic = False
	    checkOnActiveContract = False, deterministic = True
	    invertRequirement = False, deterministic = True
	    part = [ OrbitalScanner ], deterministic = False
	

Output log:
[INFO] ContractConfigurator.ContractType: Loading CONTRACT_TYPE: 'SCAN_NarrowBand'
[INFO] ContractConfigurator.ContractType: Successfully loaded CONTRACT_TYPE 'SCAN_NarrowBand'
