Debug information for CONTRACT_TYPE 'SCAN_HiRes':

Configuration:
CONTRACT_TYPE
{
	name = SCAN_HiRes
	title = Do a High Resolution Scan of @/targetBody3
	group = ScanSatOfficial
	agent = SCAN: Scientific Committee on Advanced Navigation
	topic = Science
	subject = Kerbal
	motivation = Scanning
	notes = Scanning can take place while the vessel is not loaded.
	synopsis = Perform a SAR scan of @/targetBody3
	completedMessage = HD Imaging is a wonderful thing. We now have a detailed map of @/targetBody3
	minExpiry = 1
	maxExpiry = 7
	deadline = Random(400, 600) * @/targetBody3.Multiplier()
	cancellable = true
	declinable = true
	autoAccept = false
	targetBody = @/targetBody3
	rewardScience = 0
	rewardReputation = 1
	rewardFunds = Random(60000, 80000.0)
	failureReputation = 1
	failureFunds = Random(1000, 10000.0)
	advanceFunds = Random(5000, 15000.0)
	prestige = Significant
	prestige = Exceptional
	DATA
	{
		type = CelestialBody
		requiredValue = true
		uniquenessCheck = CONTRACT_ALL
		targetBody3 = Prestige() == Significant ? @ScanSatOfficial:p2Bodies.Random() : @ScanSatOfficial:p3Bodies.Random()
	}
	DATA
	{
		type = double
		diffModifier3 = Prestige() == Significant ? 0 : 10
		scanRequired3 = 85 + @diffModifier3
		minScan3 = 80 + @diffModifier3
	}
	PARAMETER
	{
		name = SCANsatCoverage
		type = SCANsatCoverage
		targetBody = @/targetBody3
		coverage = @/scanRequired3
		scanType = AltimetryHiRes
	}
	REQUIREMENT
	{
		name = SCANsatCoverage
		type = SCANsatCoverage
		targetBody = @/targetBody3
		minCoverage = 0.0
		maxCoverage = @/minScan3
		scanType = AltimetryHiRes
	}
	REQUIREMENT
	{
		name = Orbit
		type = Orbit
		targetBody = HomeWorld()
	}
	REQUIREMENT
	{
		name = PartUnlocked
		type = PartUnlocked
		part = SCANsat_Scanner2
		targetBody = @/targetBody
	}
}

Data Nodes:
SCAN_HiRes
    ScanSatOfficial:name = ScanSatOfficial, deterministic = True
    ScanSatOfficial:displayName = ScanSatOfficial, deterministic = True
    ScanSatOfficial:minVersion = 1.9.1, deterministic = True
    ScanSatOfficial:maxCompletions = 0, deterministic = True
    ScanSatOfficial:maxSimultaneous = 3, deterministic = True
    ScanSatOfficial:disabledContractType = [], deterministic = True
    ScanSatOfficial:p1Bodies = [ Kerbin (CelestialBody), Mun (CelestialBody), Minmus (CelestialBody) ], deterministic = True
    ScanSatOfficial:p2Bodies = [], deterministic = False
    ScanSatOfficial:p3Bodies = [], deterministic = False
    name = SCAN_HiRes, deterministic = True
    trace = False, deterministic = True
    title = Do a High Resolution Scan of , deterministic = False
    tag = , deterministic = True
    description = null, deterministic = True
    topic = Science, deterministic = True
    subject = Kerbal, deterministic = True
    motivation = Scanning, deterministic = True
    notes = Scanning can take place while the vessel is not loaded., deterministic = True
    synopsis = Perform a SAR scan of , deterministic = False
    completedMessage = HD Imaging is a wonderful thing. We now have a detailed map of , deterministic = False
    agent = Contracts.Agents.Agent, deterministic = True
    minExpiry = 1, deterministic = True
    maxExpiry = 7, deterministic = True
    deadline = 570.2949, deterministic = False
    cancellable = True, deterministic = True
    declinable = True, deterministic = True
    autoAccept = False, deterministic = True
    prestige = [ Significant, Exceptional ], deterministic = True
    targetBody = null, deterministic = False
    maxCompletions = 0, deterministic = True
    maxSimultaneous = 0, deterministic = True
    rewardFunds = 67370.2, deterministic = False
    rewardReputation = 1, deterministic = True
    rewardScience = 0, deterministic = True
    failureFunds = 4176.171, deterministic = False
    failureReputation = 1, deterministic = True
    advanceFunds = 11991.45, deterministic = False
    weight = 1, deterministic = True
    targetBody3 = null, deterministic = False
    diffModifier3 = 10, deterministic = False
    scanRequired3 = 95, deterministic = False
    minScan3 = 90, deterministic = False

	SCANsatCoverage
	    type = SCANsatCoverage, deterministic = True
	    name = SCANsatCoverage, deterministic = True
	    targetBody = null, deterministic = False
	    rewardFunds = 0, deterministic = True
	    rewardReputation = 0, deterministic = True
	    rewardScience = 0, deterministic = True
	    failureFunds = 0, deterministic = True
	    failureReputation = 0, deterministic = True
	    optional = False, deterministic = True
	    disableOnStateChange = null, deterministic = True
	    completeInSequence = False, deterministic = True
	    hidden = False, deterministic = True
	    hideChildren = False, deterministic = True
	    title = null, deterministic = True
	    notes = null, deterministic = True
	    completedMessage = null, deterministic = True
	    coverage = 95, deterministic = False
	    scanType = AltimetryHiRes, deterministic = True
	
	SCANsatCoverage_1
	    type = SCANsatCoverage, deterministic = True
	    name = SCANsatCoverage, deterministic = True
	    targetBody = null, deterministic = False
	    checkOnActiveContract = False, deterministic = True
	    invertRequirement = False, deterministic = True
	    minCoverage = 0, deterministic = True
	    maxCoverage = 90, deterministic = False
	    scanType = AltimetryHiRes, deterministic = True
	
	Orbit
	    type = Orbit, deterministic = True
	    name = Orbit, deterministic = True
	    targetBody = Kerbin (CelestialBody), deterministic = True
	    checkOnActiveContract = False, deterministic = True
	    invertRequirement = False, deterministic = True
	    checkType = null, deterministic = True
	
	PartUnlocked
	    type = PartUnlocked, deterministic = True
	    name = PartUnlocked, deterministic = True
	    targetBody = null, deterministic = False
	    checkOnActiveContract = False, deterministic = True
	    invertRequirement = False, deterministic = True
	    part = [ SCANsat.Scanner2 ], deterministic = False
	

Output log:
[INFO] ContractConfigurator.ContractType: Loading CONTRACT_TYPE: 'SCAN_HiRes'
[INFO] ContractConfigurator.ContractType: Successfully loaded CONTRACT_TYPE 'SCAN_HiRes'
